CRITICAL - 2022-03-18 01:24:08 --> Trying to get property 'id_user' of non-object
#0 C:\xampp\htdocs\resto\app\Views\user\edituser.php(17): CodeIgniter\Debug\Exceptions->errorHandler(8, 'Trying to get p...', 'C:\\xampp\\htdocs...', 17, Array)
#1 C:\xampp\htdocs\resto\system\View\View.php(210): include('C:\\xampp\\htdocs...')
#2 C:\xampp\htdocs\resto\system\View\View.php(213): CodeIgniter\View\View->CodeIgniter\View\{closure}()
#3 C:\xampp\htdocs\resto\system\Common.php(1089): CodeIgniter\View\View->render('user/edituser', Array, true)
#4 C:\xampp\htdocs\resto\app\Controllers\User.php(64): view('user/edituser', Array)
#5 C:\xampp\htdocs\resto\system\CodeIgniter.php(825): App\Controllers\User->edituser('$value->id_user')
#6 C:\xampp\htdocs\resto\system\CodeIgniter.php(412): CodeIgniter\CodeIgniter->runController(Object(App\Controllers\User))
#7 C:\xampp\htdocs\resto\system\CodeIgniter.php(320): CodeIgniter\CodeIgniter->handleRequest(NULL, Object(Config\Cache), false)
#8 C:\xampp\htdocs\resto\public\index.php(37): CodeIgniter\CodeIgniter->run()
#9 C:\xampp\htdocs\resto\system\Commands\Server\rewrite.php(43): require_once('C:\\xampp\\htdocs...')
#10 {main}
CRITICAL - 2022-03-18 01:27:51 --> Trying to get property 'id_user' of non-object
#0 C:\xampp\htdocs\resto\app\Views\user\edituser.php(17): CodeIgniter\Debug\Exceptions->errorHandler(8, 'Trying to get p...', 'C:\\xampp\\htdocs...', 17, Array)
#1 C:\xampp\htdocs\resto\system\View\View.php(210): include('C:\\xampp\\htdocs...')
#2 C:\xampp\htdocs\resto\system\View\View.php(213): CodeIgniter\View\View->CodeIgniter\View\{closure}()
#3 C:\xampp\htdocs\resto\system\Common.php(1089): CodeIgniter\View\View->render('user/edituser', Array, true)
#4 C:\xampp\htdocs\resto\app\Controllers\User.php(64): view('user/edituser', Array)
#5 C:\xampp\htdocs\resto\system\CodeIgniter.php(825): App\Controllers\User->edituser('$value->id_user')
#6 C:\xampp\htdocs\resto\system\CodeIgniter.php(412): CodeIgniter\CodeIgniter->runController(Object(App\Controllers\User))
#7 C:\xampp\htdocs\resto\system\CodeIgniter.php(320): CodeIgniter\CodeIgniter->handleRequest(NULL, Object(Config\Cache), false)
#8 C:\xampp\htdocs\resto\public\index.php(37): CodeIgniter\CodeIgniter->run()
#9 C:\xampp\htdocs\resto\system\Commands\Server\rewrite.php(43): require_once('C:\\xampp\\htdocs...')
#10 {main}
CRITICAL - 2022-03-18 01:27:53 --> Trying to get property 'id_user' of non-object
#0 C:\xampp\htdocs\resto\app\Views\user\edituser.php(17): CodeIgniter\Debug\Exceptions->errorHandler(8, 'Trying to get p...', 'C:\\xampp\\htdocs...', 17, Array)
#1 C:\xampp\htdocs\resto\system\View\View.php(210): include('C:\\xampp\\htdocs...')
#2 C:\xampp\htdocs\resto\system\View\View.php(213): CodeIgniter\View\View->CodeIgniter\View\{closure}()
#3 C:\xampp\htdocs\resto\system\Common.php(1089): CodeIgniter\View\View->render('user/edituser', Array, true)
#4 C:\xampp\htdocs\resto\app\Controllers\User.php(64): view('user/edituser', Array)
#5 C:\xampp\htdocs\resto\system\CodeIgniter.php(825): App\Controllers\User->edituser('$value->id_user')
#6 C:\xampp\htdocs\resto\system\CodeIgniter.php(412): CodeIgniter\CodeIgniter->runController(Object(App\Controllers\User))
#7 C:\xampp\htdocs\resto\system\CodeIgniter.php(320): CodeIgniter\CodeIgniter->handleRequest(NULL, Object(Config\Cache), false)
#8 C:\xampp\htdocs\resto\public\index.php(37): CodeIgniter\CodeIgniter->run()
#9 C:\xampp\htdocs\resto\system\Commands\Server\rewrite.php(43): require_once('C:\\xampp\\htdocs...')
#10 {main}
CRITICAL - 2022-03-18 01:27:54 --> Trying to get property 'id_user' of non-object
#0 C:\xampp\htdocs\resto\app\Views\user\edituser.php(17): CodeIgniter\Debug\Exceptions->errorHandler(8, 'Trying to get p...', 'C:\\xampp\\htdocs...', 17, Array)
#1 C:\xampp\htdocs\resto\system\View\View.php(210): include('C:\\xampp\\htdocs...')
#2 C:\xampp\htdocs\resto\system\View\View.php(213): CodeIgniter\View\View->CodeIgniter\View\{closure}()
#3 C:\xampp\htdocs\resto\system\Common.php(1089): CodeIgniter\View\View->render('user/edituser', Array, true)
#4 C:\xampp\htdocs\resto\app\Controllers\User.php(64): view('user/edituser', Array)
#5 C:\xampp\htdocs\resto\system\CodeIgniter.php(825): App\Controllers\User->edituser('$value->id_user')
#6 C:\xampp\htdocs\resto\system\CodeIgniter.php(412): CodeIgniter\CodeIgniter->runController(Object(App\Controllers\User))
#7 C:\xampp\htdocs\resto\system\CodeIgniter.php(320): CodeIgniter\CodeIgniter->handleRequest(NULL, Object(Config\Cache), false)
#8 C:\xampp\htdocs\resto\public\index.php(37): CodeIgniter\CodeIgniter->run()
#9 C:\xampp\htdocs\resto\system\Commands\Server\rewrite.php(43): require_once('C:\\xampp\\htdocs...')
#10 {main}
CRITICAL - 2022-03-18 01:27:55 --> Trying to get property 'id_user' of non-object
#0 C:\xampp\htdocs\resto\app\Views\user\edituser.php(17): CodeIgniter\Debug\Exceptions->errorHandler(8, 'Trying to get p...', 'C:\\xampp\\htdocs...', 17, Array)
#1 C:\xampp\htdocs\resto\system\View\View.php(210): include('C:\\xampp\\htdocs...')
#2 C:\xampp\htdocs\resto\system\View\View.php(213): CodeIgniter\View\View->CodeIgniter\View\{closure}()
#3 C:\xampp\htdocs\resto\system\Common.php(1089): CodeIgniter\View\View->render('user/edituser', Array, true)
#4 C:\xampp\htdocs\resto\app\Controllers\User.php(64): view('user/edituser', Array)
#5 C:\xampp\htdocs\resto\system\CodeIgniter.php(825): App\Controllers\User->edituser('$value->id_user')
#6 C:\xampp\htdocs\resto\system\CodeIgniter.php(412): CodeIgniter\CodeIgniter->runController(Object(App\Controllers\User))
#7 C:\xampp\htdocs\resto\system\CodeIgniter.php(320): CodeIgniter\CodeIgniter->handleRequest(NULL, Object(Config\Cache), false)
#8 C:\xampp\htdocs\resto\public\index.php(37): CodeIgniter\CodeIgniter->run()
#9 C:\xampp\htdocs\resto\system\Commands\Server\rewrite.php(43): require_once('C:\\xampp\\htdocs...')
#10 {main}
CRITICAL - 2022-03-18 01:29:45 --> Trying to get property 'id_user' of non-object
#0 C:\xampp\htdocs\resto\app\Views\user\edituser.php(17): CodeIgniter\Debug\Exceptions->errorHandler(8, 'Trying to get p...', 'C:\\xampp\\htdocs...', 17, Array)
#1 C:\xampp\htdocs\resto\system\View\View.php(210): include('C:\\xampp\\htdocs...')
#2 C:\xampp\htdocs\resto\system\View\View.php(213): CodeIgniter\View\View->CodeIgniter\View\{closure}()
#3 C:\xampp\htdocs\resto\system\Common.php(1089): CodeIgniter\View\View->render('user/edituser', Array, true)
#4 C:\xampp\htdocs\resto\app\Controllers\User.php(64): view('user/edituser', Array)
#5 C:\xampp\htdocs\resto\system\CodeIgniter.php(825): App\Controllers\User->edituser('$value->id_user')
#6 C:\xampp\htdocs\resto\system\CodeIgniter.php(412): CodeIgniter\CodeIgniter->runController(Object(App\Controllers\User))
#7 C:\xampp\htdocs\resto\system\CodeIgniter.php(320): CodeIgniter\CodeIgniter->handleRequest(NULL, Object(Config\Cache), false)
#8 C:\xampp\htdocs\resto\public\index.php(37): CodeIgniter\CodeIgniter->run()
#9 C:\xampp\htdocs\resto\system\Commands\Server\rewrite.php(43): require_once('C:\\xampp\\htdocs...')
#10 {main}
CRITICAL - 2022-03-18 01:29:47 --> Trying to get property 'id_user' of non-object
#0 C:\xampp\htdocs\resto\app\Views\user\edituser.php(17): CodeIgniter\Debug\Exceptions->errorHandler(8, 'Trying to get p...', 'C:\\xampp\\htdocs...', 17, Array)
#1 C:\xampp\htdocs\resto\system\View\View.php(210): include('C:\\xampp\\htdocs...')
#2 C:\xampp\htdocs\resto\system\View\View.php(213): CodeIgniter\View\View->CodeIgniter\View\{closure}()
#3 C:\xampp\htdocs\resto\system\Common.php(1089): CodeIgniter\View\View->render('user/edituser', Array, true)
#4 C:\xampp\htdocs\resto\app\Controllers\User.php(64): view('user/edituser', Array)
#5 C:\xampp\htdocs\resto\system\CodeIgniter.php(825): App\Controllers\User->edituser('$value->id_user')
#6 C:\xampp\htdocs\resto\system\CodeIgniter.php(412): CodeIgniter\CodeIgniter->runController(Object(App\Controllers\User))
#7 C:\xampp\htdocs\resto\system\CodeIgniter.php(320): CodeIgniter\CodeIgniter->handleRequest(NULL, Object(Config\Cache), false)
#8 C:\xampp\htdocs\resto\public\index.php(37): CodeIgniter\CodeIgniter->run()
#9 C:\xampp\htdocs\resto\system\Commands\Server\rewrite.php(43): require_once('C:\\xampp\\htdocs...')
#10 {main}
CRITICAL - 2022-03-18 01:29:47 --> Trying to get property 'id_user' of non-object
#0 C:\xampp\htdocs\resto\app\Views\user\edituser.php(17): CodeIgniter\Debug\Exceptions->errorHandler(8, 'Trying to get p...', 'C:\\xampp\\htdocs...', 17, Array)
#1 C:\xampp\htdocs\resto\system\View\View.php(210): include('C:\\xampp\\htdocs...')
#2 C:\xampp\htdocs\resto\system\View\View.php(213): CodeIgniter\View\View->CodeIgniter\View\{closure}()
#3 C:\xampp\htdocs\resto\system\Common.php(1089): CodeIgniter\View\View->render('user/edituser', Array, true)
#4 C:\xampp\htdocs\resto\app\Controllers\User.php(64): view('user/edituser', Array)
#5 C:\xampp\htdocs\resto\system\CodeIgniter.php(825): App\Controllers\User->edituser('$value->id_user')
#6 C:\xampp\htdocs\resto\system\CodeIgniter.php(412): CodeIgniter\CodeIgniter->runController(Object(App\Controllers\User))
#7 C:\xampp\htdocs\resto\system\CodeIgniter.php(320): CodeIgniter\CodeIgniter->handleRequest(NULL, Object(Config\Cache), false)
#8 C:\xampp\htdocs\resto\public\index.php(37): CodeIgniter\CodeIgniter->run()
#9 C:\xampp\htdocs\resto\system\Commands\Server\rewrite.php(43): require_once('C:\\xampp\\htdocs...')
#10 {main}
CRITICAL - 2022-03-18 01:29:48 --> Trying to get property 'id_user' of non-object
#0 C:\xampp\htdocs\resto\app\Views\user\edituser.php(17): CodeIgniter\Debug\Exceptions->errorHandler(8, 'Trying to get p...', 'C:\\xampp\\htdocs...', 17, Array)
#1 C:\xampp\htdocs\resto\system\View\View.php(210): include('C:\\xampp\\htdocs...')
#2 C:\xampp\htdocs\resto\system\View\View.php(213): CodeIgniter\View\View->CodeIgniter\View\{closure}()
#3 C:\xampp\htdocs\resto\system\Common.php(1089): CodeIgniter\View\View->render('user/edituser', Array, true)
#4 C:\xampp\htdocs\resto\app\Controllers\User.php(64): view('user/edituser', Array)
#5 C:\xampp\htdocs\resto\system\CodeIgniter.php(825): App\Controllers\User->edituser('$value->id_user')
#6 C:\xampp\htdocs\resto\system\CodeIgniter.php(412): CodeIgniter\CodeIgniter->runController(Object(App\Controllers\User))
#7 C:\xampp\htdocs\resto\system\CodeIgniter.php(320): CodeIgniter\CodeIgniter->handleRequest(NULL, Object(Config\Cache), false)
#8 C:\xampp\htdocs\resto\public\index.php(37): CodeIgniter\CodeIgniter->run()
#9 C:\xampp\htdocs\resto\system\Commands\Server\rewrite.php(43): require_once('C:\\xampp\\htdocs...')
#10 {main}
CRITICAL - 2022-03-18 01:29:49 --> Trying to get property 'id_user' of non-object
#0 C:\xampp\htdocs\resto\app\Views\user\edituser.php(17): CodeIgniter\Debug\Exceptions->errorHandler(8, 'Trying to get p...', 'C:\\xampp\\htdocs...', 17, Array)
#1 C:\xampp\htdocs\resto\system\View\View.php(210): include('C:\\xampp\\htdocs...')
#2 C:\xampp\htdocs\resto\system\View\View.php(213): CodeIgniter\View\View->CodeIgniter\View\{closure}()
#3 C:\xampp\htdocs\resto\system\Common.php(1089): CodeIgniter\View\View->render('user/edituser', Array, true)
#4 C:\xampp\htdocs\resto\app\Controllers\User.php(64): view('user/edituser', Array)
#5 C:\xampp\htdocs\resto\system\CodeIgniter.php(825): App\Controllers\User->edituser('$value->id_user')
#6 C:\xampp\htdocs\resto\system\CodeIgniter.php(412): CodeIgniter\CodeIgniter->runController(Object(App\Controllers\User))
#7 C:\xampp\htdocs\resto\system\CodeIgniter.php(320): CodeIgniter\CodeIgniter->handleRequest(NULL, Object(Config\Cache), false)
#8 C:\xampp\htdocs\resto\public\index.php(37): CodeIgniter\CodeIgniter->run()
#9 C:\xampp\htdocs\resto\system\Commands\Server\rewrite.php(43): require_once('C:\\xampp\\htdocs...')
#10 {main}
CRITICAL - 2022-03-18 01:29:49 --> Trying to get property 'id_user' of non-object
#0 C:\xampp\htdocs\resto\app\Views\user\edituser.php(17): CodeIgniter\Debug\Exceptions->errorHandler(8, 'Trying to get p...', 'C:\\xampp\\htdocs...', 17, Array)
#1 C:\xampp\htdocs\resto\system\View\View.php(210): include('C:\\xampp\\htdocs...')
#2 C:\xampp\htdocs\resto\system\View\View.php(213): CodeIgniter\View\View->CodeIgniter\View\{closure}()
#3 C:\xampp\htdocs\resto\system\Common.php(1089): CodeIgniter\View\View->render('user/edituser', Array, true)
#4 C:\xampp\htdocs\resto\app\Controllers\User.php(64): view('user/edituser', Array)
#5 C:\xampp\htdocs\resto\system\CodeIgniter.php(825): App\Controllers\User->edituser('$value->id_user')
#6 C:\xampp\htdocs\resto\system\CodeIgniter.php(412): CodeIgniter\CodeIgniter->runController(Object(App\Controllers\User))
#7 C:\xampp\htdocs\resto\system\CodeIgniter.php(320): CodeIgniter\CodeIgniter->handleRequest(NULL, Object(Config\Cache), false)
#8 C:\xampp\htdocs\resto\public\index.php(37): CodeIgniter\CodeIgniter->run()
#9 C:\xampp\htdocs\resto\system\Commands\Server\rewrite.php(43): require_once('C:\\xampp\\htdocs...')
#10 {main}
CRITICAL - 2022-03-18 01:29:49 --> Trying to get property 'id_user' of non-object
#0 C:\xampp\htdocs\resto\app\Views\user\edituser.php(17): CodeIgniter\Debug\Exceptions->errorHandler(8, 'Trying to get p...', 'C:\\xampp\\htdocs...', 17, Array)
#1 C:\xampp\htdocs\resto\system\View\View.php(210): include('C:\\xampp\\htdocs...')
#2 C:\xampp\htdocs\resto\system\View\View.php(213): CodeIgniter\View\View->CodeIgniter\View\{closure}()
#3 C:\xampp\htdocs\resto\system\Common.php(1089): CodeIgniter\View\View->render('user/edituser', Array, true)
#4 C:\xampp\htdocs\resto\app\Controllers\User.php(64): view('user/edituser', Array)
#5 C:\xampp\htdocs\resto\system\CodeIgniter.php(825): App\Controllers\User->edituser('$value->id_user')
#6 C:\xampp\htdocs\resto\system\CodeIgniter.php(412): CodeIgniter\CodeIgniter->runController(Object(App\Controllers\User))
#7 C:\xampp\htdocs\resto\system\CodeIgniter.php(320): CodeIgniter\CodeIgniter->handleRequest(NULL, Object(Config\Cache), false)
#8 C:\xampp\htdocs\resto\public\index.php(37): CodeIgniter\CodeIgniter->run()
#9 C:\xampp\htdocs\resto\system\Commands\Server\rewrite.php(43): require_once('C:\\xampp\\htdocs...')
#10 {main}
CRITICAL - 2022-03-18 01:29:50 --> Trying to get property 'id_user' of non-object
#0 C:\xampp\htdocs\resto\app\Views\user\edituser.php(17): CodeIgniter\Debug\Exceptions->errorHandler(8, 'Trying to get p...', 'C:\\xampp\\htdocs...', 17, Array)
#1 C:\xampp\htdocs\resto\system\View\View.php(210): include('C:\\xampp\\htdocs...')
#2 C:\xampp\htdocs\resto\system\View\View.php(213): CodeIgniter\View\View->CodeIgniter\View\{closure}()
#3 C:\xampp\htdocs\resto\system\Common.php(1089): CodeIgniter\View\View->render('user/edituser', Array, true)
#4 C:\xampp\htdocs\resto\app\Controllers\User.php(64): view('user/edituser', Array)
#5 C:\xampp\htdocs\resto\system\CodeIgniter.php(825): App\Controllers\User->edituser('$value->id_user')
#6 C:\xampp\htdocs\resto\system\CodeIgniter.php(412): CodeIgniter\CodeIgniter->runController(Object(App\Controllers\User))
#7 C:\xampp\htdocs\resto\system\CodeIgniter.php(320): CodeIgniter\CodeIgniter->handleRequest(NULL, Object(Config\Cache), false)
#8 C:\xampp\htdocs\resto\public\index.php(37): CodeIgniter\CodeIgniter->run()
#9 C:\xampp\htdocs\resto\system\Commands\Server\rewrite.php(43): require_once('C:\\xampp\\htdocs...')
#10 {main}
CRITICAL - 2022-03-18 01:29:50 --> Trying to get property 'id_user' of non-object
#0 C:\xampp\htdocs\resto\app\Views\user\edituser.php(17): CodeIgniter\Debug\Exceptions->errorHandler(8, 'Trying to get p...', 'C:\\xampp\\htdocs...', 17, Array)
#1 C:\xampp\htdocs\resto\system\View\View.php(210): include('C:\\xampp\\htdocs...')
#2 C:\xampp\htdocs\resto\system\View\View.php(213): CodeIgniter\View\View->CodeIgniter\View\{closure}()
#3 C:\xampp\htdocs\resto\system\Common.php(1089): CodeIgniter\View\View->render('user/edituser', Array, true)
#4 C:\xampp\htdocs\resto\app\Controllers\User.php(64): view('user/edituser', Array)
#5 C:\xampp\htdocs\resto\system\CodeIgniter.php(825): App\Controllers\User->edituser('$value->id_user')
#6 C:\xampp\htdocs\resto\system\CodeIgniter.php(412): CodeIgniter\CodeIgniter->runController(Object(App\Controllers\User))
#7 C:\xampp\htdocs\resto\system\CodeIgniter.php(320): CodeIgniter\CodeIgniter->handleRequest(NULL, Object(Config\Cache), false)
#8 C:\xampp\htdocs\resto\public\index.php(37): CodeIgniter\CodeIgniter->run()
#9 C:\xampp\htdocs\resto\system\Commands\Server\rewrite.php(43): require_once('C:\\xampp\\htdocs...')
#10 {main}
CRITICAL - 2022-03-18 01:29:51 --> Trying to get property 'id_user' of non-object
#0 C:\xampp\htdocs\resto\app\Views\user\edituser.php(17): CodeIgniter\Debug\Exceptions->errorHandler(8, 'Trying to get p...', 'C:\\xampp\\htdocs...', 17, Array)
#1 C:\xampp\htdocs\resto\system\View\View.php(210): include('C:\\xampp\\htdocs...')
#2 C:\xampp\htdocs\resto\system\View\View.php(213): CodeIgniter\View\View->CodeIgniter\View\{closure}()
#3 C:\xampp\htdocs\resto\system\Common.php(1089): CodeIgniter\View\View->render('user/edituser', Array, true)
#4 C:\xampp\htdocs\resto\app\Controllers\User.php(64): view('user/edituser', Array)
#5 C:\xampp\htdocs\resto\system\CodeIgniter.php(825): App\Controllers\User->edituser('$value->id_user')
#6 C:\xampp\htdocs\resto\system\CodeIgniter.php(412): CodeIgniter\CodeIgniter->runController(Object(App\Controllers\User))
#7 C:\xampp\htdocs\resto\system\CodeIgniter.php(320): CodeIgniter\CodeIgniter->handleRequest(NULL, Object(Config\Cache), false)
#8 C:\xampp\htdocs\resto\public\index.php(37): CodeIgniter\CodeIgniter->run()
#9 C:\xampp\htdocs\resto\system\Commands\Server\rewrite.php(43): require_once('C:\\xampp\\htdocs...')
#10 {main}
CRITICAL - 2022-03-18 01:32:44 --> Trying to get property 'id_user' of non-object
#0 C:\xampp\htdocs\resto\app\Views\user\edituser.php(17): CodeIgniter\Debug\Exceptions->errorHandler(8, 'Trying to get p...', 'C:\\xampp\\htdocs...', 17, Array)
#1 C:\xampp\htdocs\resto\system\View\View.php(210): include('C:\\xampp\\htdocs...')
#2 C:\xampp\htdocs\resto\system\View\View.php(213): CodeIgniter\View\View->CodeIgniter\View\{closure}()
#3 C:\xampp\htdocs\resto\system\Common.php(1089): CodeIgniter\View\View->render('user/edituser', Array, true)
#4 C:\xampp\htdocs\resto\app\Controllers\User.php(64): view('user/edituser', Array)
#5 C:\xampp\htdocs\resto\system\CodeIgniter.php(825): App\Controllers\User->edituser('$value->id_user')
#6 C:\xampp\htdocs\resto\system\CodeIgniter.php(412): CodeIgniter\CodeIgniter->runController(Object(App\Controllers\User))
#7 C:\xampp\htdocs\resto\system\CodeIgniter.php(320): CodeIgniter\CodeIgniter->handleRequest(NULL, Object(Config\Cache), false)
#8 C:\xampp\htdocs\resto\public\index.php(37): CodeIgniter\CodeIgniter->run()
#9 C:\xampp\htdocs\resto\system\Commands\Server\rewrite.php(43): require_once('C:\\xampp\\htdocs...')
#10 {main}
CRITICAL - 2022-03-18 01:32:48 --> Trying to get property 'id_user' of non-object
#0 C:\xampp\htdocs\resto\app\Views\user\edituser.php(17): CodeIgniter\Debug\Exceptions->errorHandler(8, 'Trying to get p...', 'C:\\xampp\\htdocs...', 17, Array)
#1 C:\xampp\htdocs\resto\system\View\View.php(210): include('C:\\xampp\\htdocs...')
#2 C:\xampp\htdocs\resto\system\View\View.php(213): CodeIgniter\View\View->CodeIgniter\View\{closure}()
#3 C:\xampp\htdocs\resto\system\Common.php(1089): CodeIgniter\View\View->render('user/edituser', Array, true)
#4 C:\xampp\htdocs\resto\app\Controllers\User.php(64): view('user/edituser', Array)
#5 C:\xampp\htdocs\resto\system\CodeIgniter.php(825): App\Controllers\User->edituser('$value->id_user')
#6 C:\xampp\htdocs\resto\system\CodeIgniter.php(412): CodeIgniter\CodeIgniter->runController(Object(App\Controllers\User))
#7 C:\xampp\htdocs\resto\system\CodeIgniter.php(320): CodeIgniter\CodeIgniter->handleRequest(NULL, Object(Config\Cache), false)
#8 C:\xampp\htdocs\resto\public\index.php(37): CodeIgniter\CodeIgniter->run()
#9 C:\xampp\htdocs\resto\system\Commands\Server\rewrite.php(43): require_once('C:\\xampp\\htdocs...')
#10 {main}
CRITICAL - 2022-03-18 01:33:06 --> Trying to get property 'id_user' of non-object
#0 C:\xampp\htdocs\resto\app\Views\user\edituser.php(17): CodeIgniter\Debug\Exceptions->errorHandler(8, 'Trying to get p...', 'C:\\xampp\\htdocs...', 17, Array)
#1 C:\xampp\htdocs\resto\system\View\View.php(210): include('C:\\xampp\\htdocs...')
#2 C:\xampp\htdocs\resto\system\View\View.php(213): CodeIgniter\View\View->CodeIgniter\View\{closure}()
#3 C:\xampp\htdocs\resto\system\Common.php(1089): CodeIgniter\View\View->render('user/edituser', Array, true)
#4 C:\xampp\htdocs\resto\app\Controllers\User.php(64): view('user/edituser', Array)
#5 C:\xampp\htdocs\resto\system\CodeIgniter.php(825): App\Controllers\User->edituser('$value->id_user')
#6 C:\xampp\htdocs\resto\system\CodeIgniter.php(412): CodeIgniter\CodeIgniter->runController(Object(App\Controllers\User))
#7 C:\xampp\htdocs\resto\system\CodeIgniter.php(320): CodeIgniter\CodeIgniter->handleRequest(NULL, Object(Config\Cache), false)
#8 C:\xampp\htdocs\resto\public\index.php(37): CodeIgniter\CodeIgniter->run()
#9 C:\xampp\htdocs\resto\system\Commands\Server\rewrite.php(43): require_once('C:\\xampp\\htdocs...')
#10 {main}
CRITICAL - 2022-03-18 01:35:46 --> Trying to get property 'username' of non-object
#0 C:\xampp\htdocs\resto\app\Views\user\edituser.php(20): CodeIgniter\Debug\Exceptions->errorHandler(8, 'Trying to get p...', 'C:\\xampp\\htdocs...', 20, Array)
#1 C:\xampp\htdocs\resto\system\View\View.php(210): include('C:\\xampp\\htdocs...')
#2 C:\xampp\htdocs\resto\system\View\View.php(213): CodeIgniter\View\View->CodeIgniter\View\{closure}()
#3 C:\xampp\htdocs\resto\system\Common.php(1089): CodeIgniter\View\View->render('user/edituser', Array, true)
#4 C:\xampp\htdocs\resto\app\Controllers\User.php(64): view('user/edituser', Array)
#5 C:\xampp\htdocs\resto\system\CodeIgniter.php(825): App\Controllers\User->edituser('$value->id_user')
#6 C:\xampp\htdocs\resto\system\CodeIgniter.php(412): CodeIgniter\CodeIgniter->runController(Object(App\Controllers\User))
#7 C:\xampp\htdocs\resto\system\CodeIgniter.php(320): CodeIgniter\CodeIgniter->handleRequest(NULL, Object(Config\Cache), false)
#8 C:\xampp\htdocs\resto\public\index.php(37): CodeIgniter\CodeIgniter->run()
#9 C:\xampp\htdocs\resto\system\Commands\Server\rewrite.php(43): require_once('C:\\xampp\\htdocs...')
#10 {main}
CRITICAL - 2022-03-18 01:36:04 --> Trying to get property 'username' of non-object
#0 C:\xampp\htdocs\resto\app\Views\user\edituser.php(20): CodeIgniter\Debug\Exceptions->errorHandler(8, 'Trying to get p...', 'C:\\xampp\\htdocs...', 20, Array)
#1 C:\xampp\htdocs\resto\system\View\View.php(210): include('C:\\xampp\\htdocs...')
#2 C:\xampp\htdocs\resto\system\View\View.php(213): CodeIgniter\View\View->CodeIgniter\View\{closure}()
#3 C:\xampp\htdocs\resto\system\Common.php(1089): CodeIgniter\View\View->render('user/edituser', Array, true)
#4 C:\xampp\htdocs\resto\app\Controllers\User.php(64): view('user/edituser', Array)
#5 C:\xampp\htdocs\resto\system\CodeIgniter.php(825): App\Controllers\User->edituser('$value->id_user')
#6 C:\xampp\htdocs\resto\system\CodeIgniter.php(412): CodeIgniter\CodeIgniter->runController(Object(App\Controllers\User))
#7 C:\xampp\htdocs\resto\system\CodeIgniter.php(320): CodeIgniter\CodeIgniter->handleRequest(NULL, Object(Config\Cache), false)
#8 C:\xampp\htdocs\resto\public\index.php(37): CodeIgniter\CodeIgniter->run()
#9 C:\xampp\htdocs\resto\system\Commands\Server\rewrite.php(43): require_once('C:\\xampp\\htdocs...')
#10 {main}
CRITICAL - 2022-03-18 01:37:21 --> Trying to get property 'username' of non-object
#0 C:\xampp\htdocs\resto\app\Views\user\edituser.php(20): CodeIgniter\Debug\Exceptions->errorHandler(8, 'Trying to get p...', 'C:\\xampp\\htdocs...', 20, Array)
#1 C:\xampp\htdocs\resto\system\View\View.php(210): include('C:\\xampp\\htdocs...')
#2 C:\xampp\htdocs\resto\system\View\View.php(213): CodeIgniter\View\View->CodeIgniter\View\{closure}()
#3 C:\xampp\htdocs\resto\system\Common.php(1089): CodeIgniter\View\View->render('user/edituser', Array, true)
#4 C:\xampp\htdocs\resto\app\Controllers\User.php(64): view('user/edituser', Array)
#5 C:\xampp\htdocs\resto\system\CodeIgniter.php(825): App\Controllers\User->edituser('$value->id_user')
#6 C:\xampp\htdocs\resto\system\CodeIgniter.php(412): CodeIgniter\CodeIgniter->runController(Object(App\Controllers\User))
#7 C:\xampp\htdocs\resto\system\CodeIgniter.php(320): CodeIgniter\CodeIgniter->handleRequest(NULL, Object(Config\Cache), false)
#8 C:\xampp\htdocs\resto\public\index.php(37): CodeIgniter\CodeIgniter->run()
#9 C:\xampp\htdocs\resto\system\Commands\Server\rewrite.php(43): require_once('C:\\xampp\\htdocs...')
#10 {main}
CRITICAL - 2022-03-18 01:37:22 --> Trying to get property 'username' of non-object
#0 C:\xampp\htdocs\resto\app\Views\user\edituser.php(20): CodeIgniter\Debug\Exceptions->errorHandler(8, 'Trying to get p...', 'C:\\xampp\\htdocs...', 20, Array)
#1 C:\xampp\htdocs\resto\system\View\View.php(210): include('C:\\xampp\\htdocs...')
#2 C:\xampp\htdocs\resto\system\View\View.php(213): CodeIgniter\View\View->CodeIgniter\View\{closure}()
#3 C:\xampp\htdocs\resto\system\Common.php(1089): CodeIgniter\View\View->render('user/edituser', Array, true)
#4 C:\xampp\htdocs\resto\app\Controllers\User.php(64): view('user/edituser', Array)
#5 C:\xampp\htdocs\resto\system\CodeIgniter.php(825): App\Controllers\User->edituser('$value->id_user')
#6 C:\xampp\htdocs\resto\system\CodeIgniter.php(412): CodeIgniter\CodeIgniter->runController(Object(App\Controllers\User))
#7 C:\xampp\htdocs\resto\system\CodeIgniter.php(320): CodeIgniter\CodeIgniter->handleRequest(NULL, Object(Config\Cache), false)
#8 C:\xampp\htdocs\resto\public\index.php(37): CodeIgniter\CodeIgniter->run()
#9 C:\xampp\htdocs\resto\system\Commands\Server\rewrite.php(43): require_once('C:\\xampp\\htdocs...')
#10 {main}
CRITICAL - 2022-03-18 01:37:23 --> Trying to get property 'username' of non-object
#0 C:\xampp\htdocs\resto\app\Views\user\edituser.php(20): CodeIgniter\Debug\Exceptions->errorHandler(8, 'Trying to get p...', 'C:\\xampp\\htdocs...', 20, Array)
#1 C:\xampp\htdocs\resto\system\View\View.php(210): include('C:\\xampp\\htdocs...')
#2 C:\xampp\htdocs\resto\system\View\View.php(213): CodeIgniter\View\View->CodeIgniter\View\{closure}()
#3 C:\xampp\htdocs\resto\system\Common.php(1089): CodeIgniter\View\View->render('user/edituser', Array, true)
#4 C:\xampp\htdocs\resto\app\Controllers\User.php(64): view('user/edituser', Array)
#5 C:\xampp\htdocs\resto\system\CodeIgniter.php(825): App\Controllers\User->edituser('$value->id_user')
#6 C:\xampp\htdocs\resto\system\CodeIgniter.php(412): CodeIgniter\CodeIgniter->runController(Object(App\Controllers\User))
#7 C:\xampp\htdocs\resto\system\CodeIgniter.php(320): CodeIgniter\CodeIgniter->handleRequest(NULL, Object(Config\Cache), false)
#8 C:\xampp\htdocs\resto\public\index.php(37): CodeIgniter\CodeIgniter->run()
#9 C:\xampp\htdocs\resto\system\Commands\Server\rewrite.php(43): require_once('C:\\xampp\\htdocs...')
#10 {main}
CRITICAL - 2022-03-18 01:40:18 --> Trying to get property 'id_user' of non-object
#0 C:\xampp\htdocs\resto\app\Views\user\edituser.php(17): CodeIgniter\Debug\Exceptions->errorHandler(8, 'Trying to get p...', 'C:\\xampp\\htdocs...', 17, Array)
#1 C:\xampp\htdocs\resto\system\View\View.php(210): include('C:\\xampp\\htdocs...')
#2 C:\xampp\htdocs\resto\system\View\View.php(213): CodeIgniter\View\View->CodeIgniter\View\{closure}()
#3 C:\xampp\htdocs\resto\system\Common.php(1089): CodeIgniter\View\View->render('user/edituser', Array, true)
#4 C:\xampp\htdocs\resto\app\Controllers\User.php(64): view('user/edituser', Array)
#5 C:\xampp\htdocs\resto\system\CodeIgniter.php(825): App\Controllers\User->edituser('$value->id_user')
#6 C:\xampp\htdocs\resto\system\CodeIgniter.php(412): CodeIgniter\CodeIgniter->runController(Object(App\Controllers\User))
#7 C:\xampp\htdocs\resto\system\CodeIgniter.php(320): CodeIgniter\CodeIgniter->handleRequest(NULL, Object(Config\Cache), false)
#8 C:\xampp\htdocs\resto\public\index.php(37): CodeIgniter\CodeIgniter->run()
#9 C:\xampp\htdocs\resto\system\Commands\Server\rewrite.php(43): require_once('C:\\xampp\\htdocs...')
#10 {main}
CRITICAL - 2022-03-18 01:40:19 --> Trying to get property 'id_user' of non-object
#0 C:\xampp\htdocs\resto\app\Views\user\edituser.php(17): CodeIgniter\Debug\Exceptions->errorHandler(8, 'Trying to get p...', 'C:\\xampp\\htdocs...', 17, Array)
#1 C:\xampp\htdocs\resto\system\View\View.php(210): include('C:\\xampp\\htdocs...')
#2 C:\xampp\htdocs\resto\system\View\View.php(213): CodeIgniter\View\View->CodeIgniter\View\{closure}()
#3 C:\xampp\htdocs\resto\system\Common.php(1089): CodeIgniter\View\View->render('user/edituser', Array, true)
#4 C:\xampp\htdocs\resto\app\Controllers\User.php(64): view('user/edituser', Array)
#5 C:\xampp\htdocs\resto\system\CodeIgniter.php(825): App\Controllers\User->edituser('$value->id_user')
#6 C:\xampp\htdocs\resto\system\CodeIgniter.php(412): CodeIgniter\CodeIgniter->runController(Object(App\Controllers\User))
#7 C:\xampp\htdocs\resto\system\CodeIgniter.php(320): CodeIgniter\CodeIgniter->handleRequest(NULL, Object(Config\Cache), false)
#8 C:\xampp\htdocs\resto\public\index.php(37): CodeIgniter\CodeIgniter->run()
#9 C:\xampp\htdocs\resto\system\Commands\Server\rewrite.php(43): require_once('C:\\xampp\\htdocs...')
#10 {main}
CRITICAL - 2022-03-18 01:40:20 --> Trying to get property 'id_user' of non-object
#0 C:\xampp\htdocs\resto\app\Views\user\edituser.php(17): CodeIgniter\Debug\Exceptions->errorHandler(8, 'Trying to get p...', 'C:\\xampp\\htdocs...', 17, Array)
#1 C:\xampp\htdocs\resto\system\View\View.php(210): include('C:\\xampp\\htdocs...')
#2 C:\xampp\htdocs\resto\system\View\View.php(213): CodeIgniter\View\View->CodeIgniter\View\{closure}()
#3 C:\xampp\htdocs\resto\system\Common.php(1089): CodeIgniter\View\View->render('user/edituser', Array, true)
#4 C:\xampp\htdocs\resto\app\Controllers\User.php(64): view('user/edituser', Array)
#5 C:\xampp\htdocs\resto\system\CodeIgniter.php(825): App\Controllers\User->edituser('$value->id_user')
#6 C:\xampp\htdocs\resto\system\CodeIgniter.php(412): CodeIgniter\CodeIgniter->runController(Object(App\Controllers\User))
#7 C:\xampp\htdocs\resto\system\CodeIgniter.php(320): CodeIgniter\CodeIgniter->handleRequest(NULL, Object(Config\Cache), false)
#8 C:\xampp\htdocs\resto\public\index.php(37): CodeIgniter\CodeIgniter->run()
#9 C:\xampp\htdocs\resto\system\Commands\Server\rewrite.php(43): require_once('C:\\xampp\\htdocs...')
#10 {main}
CRITICAL - 2022-03-18 01:40:20 --> Trying to get property 'id_user' of non-object
#0 C:\xampp\htdocs\resto\app\Views\user\edituser.php(17): CodeIgniter\Debug\Exceptions->errorHandler(8, 'Trying to get p...', 'C:\\xampp\\htdocs...', 17, Array)
#1 C:\xampp\htdocs\resto\system\View\View.php(210): include('C:\\xampp\\htdocs...')
#2 C:\xampp\htdocs\resto\system\View\View.php(213): CodeIgniter\View\View->CodeIgniter\View\{closure}()
#3 C:\xampp\htdocs\resto\system\Common.php(1089): CodeIgniter\View\View->render('user/edituser', Array, true)
#4 C:\xampp\htdocs\resto\app\Controllers\User.php(64): view('user/edituser', Array)
#5 C:\xampp\htdocs\resto\system\CodeIgniter.php(825): App\Controllers\User->edituser('$value->id_user')
#6 C:\xampp\htdocs\resto\system\CodeIgniter.php(412): CodeIgniter\CodeIgniter->runController(Object(App\Controllers\User))
#7 C:\xampp\htdocs\resto\system\CodeIgniter.php(320): CodeIgniter\CodeIgniter->handleRequest(NULL, Object(Config\Cache), false)
#8 C:\xampp\htdocs\resto\public\index.php(37): CodeIgniter\CodeIgniter->run()
#9 C:\xampp\htdocs\resto\system\Commands\Server\rewrite.php(43): require_once('C:\\xampp\\htdocs...')
#10 {main}
CRITICAL - 2022-03-18 01:40:21 --> Trying to get property 'id_user' of non-object
#0 C:\xampp\htdocs\resto\app\Views\user\edituser.php(17): CodeIgniter\Debug\Exceptions->errorHandler(8, 'Trying to get p...', 'C:\\xampp\\htdocs...', 17, Array)
#1 C:\xampp\htdocs\resto\system\View\View.php(210): include('C:\\xampp\\htdocs...')
#2 C:\xampp\htdocs\resto\system\View\View.php(213): CodeIgniter\View\View->CodeIgniter\View\{closure}()
#3 C:\xampp\htdocs\resto\system\Common.php(1089): CodeIgniter\View\View->render('user/edituser', Array, true)
#4 C:\xampp\htdocs\resto\app\Controllers\User.php(64): view('user/edituser', Array)
#5 C:\xampp\htdocs\resto\system\CodeIgniter.php(825): App\Controllers\User->edituser('$value->id_user')
#6 C:\xampp\htdocs\resto\system\CodeIgniter.php(412): CodeIgniter\CodeIgniter->runController(Object(App\Controllers\User))
#7 C:\xampp\htdocs\resto\system\CodeIgniter.php(320): CodeIgniter\CodeIgniter->handleRequest(NULL, Object(Config\Cache), false)
#8 C:\xampp\htdocs\resto\public\index.php(37): CodeIgniter\CodeIgniter->run()
#9 C:\xampp\htdocs\resto\system\Commands\Server\rewrite.php(43): require_once('C:\\xampp\\htdocs...')
#10 {main}
CRITICAL - 2022-03-18 01:40:22 --> Trying to get property 'id_user' of non-object
#0 C:\xampp\htdocs\resto\app\Views\user\edituser.php(17): CodeIgniter\Debug\Exceptions->errorHandler(8, 'Trying to get p...', 'C:\\xampp\\htdocs...', 17, Array)
#1 C:\xampp\htdocs\resto\system\View\View.php(210): include('C:\\xampp\\htdocs...')
#2 C:\xampp\htdocs\resto\system\View\View.php(213): CodeIgniter\View\View->CodeIgniter\View\{closure}()
#3 C:\xampp\htdocs\resto\system\Common.php(1089): CodeIgniter\View\View->render('user/edituser', Array, true)
#4 C:\xampp\htdocs\resto\app\Controllers\User.php(64): view('user/edituser', Array)
#5 C:\xampp\htdocs\resto\system\CodeIgniter.php(825): App\Controllers\User->edituser('$value->id_user')
#6 C:\xampp\htdocs\resto\system\CodeIgniter.php(412): CodeIgniter\CodeIgniter->runController(Object(App\Controllers\User))
#7 C:\xampp\htdocs\resto\system\CodeIgniter.php(320): CodeIgniter\CodeIgniter->handleRequest(NULL, Object(Config\Cache), false)
#8 C:\xampp\htdocs\resto\public\index.php(37): CodeIgniter\CodeIgniter->run()
#9 C:\xampp\htdocs\resto\system\Commands\Server\rewrite.php(43): require_once('C:\\xampp\\htdocs...')
#10 {main}
CRITICAL - 2022-03-18 01:42:28 --> Trying to get property 'id_user' of non-object
#0 C:\xampp\htdocs\resto\app\Views\user\edituser.php(17): CodeIgniter\Debug\Exceptions->errorHandler(8, 'Trying to get p...', 'C:\\xampp\\htdocs...', 17, Array)
#1 C:\xampp\htdocs\resto\system\View\View.php(210): include('C:\\xampp\\htdocs...')
#2 C:\xampp\htdocs\resto\system\View\View.php(213): CodeIgniter\View\View->CodeIgniter\View\{closure}()
#3 C:\xampp\htdocs\resto\system\Common.php(1089): CodeIgniter\View\View->render('user/edituser', Array, true)
#4 C:\xampp\htdocs\resto\app\Controllers\User.php(64): view('user/edituser', Array)
#5 C:\xampp\htdocs\resto\system\CodeIgniter.php(825): App\Controllers\User->edituser('$value->id_user')
#6 C:\xampp\htdocs\resto\system\CodeIgniter.php(412): CodeIgniter\CodeIgniter->runController(Object(App\Controllers\User))
#7 C:\xampp\htdocs\resto\system\CodeIgniter.php(320): CodeIgniter\CodeIgniter->handleRequest(NULL, Object(Config\Cache), false)
#8 C:\xampp\htdocs\resto\public\index.php(37): CodeIgniter\CodeIgniter->run()
#9 C:\xampp\htdocs\resto\system\Commands\Server\rewrite.php(43): require_once('C:\\xampp\\htdocs...')
#10 {main}
CRITICAL - 2022-03-18 01:42:29 --> Trying to get property 'id_user' of non-object
#0 C:\xampp\htdocs\resto\app\Views\user\edituser.php(17): CodeIgniter\Debug\Exceptions->errorHandler(8, 'Trying to get p...', 'C:\\xampp\\htdocs...', 17, Array)
#1 C:\xampp\htdocs\resto\system\View\View.php(210): include('C:\\xampp\\htdocs...')
#2 C:\xampp\htdocs\resto\system\View\View.php(213): CodeIgniter\View\View->CodeIgniter\View\{closure}()
#3 C:\xampp\htdocs\resto\system\Common.php(1089): CodeIgniter\View\View->render('user/edituser', Array, true)
#4 C:\xampp\htdocs\resto\app\Controllers\User.php(64): view('user/edituser', Array)
#5 C:\xampp\htdocs\resto\system\CodeIgniter.php(825): App\Controllers\User->edituser('$value->id_user')
#6 C:\xampp\htdocs\resto\system\CodeIgniter.php(412): CodeIgniter\CodeIgniter->runController(Object(App\Controllers\User))
#7 C:\xampp\htdocs\resto\system\CodeIgniter.php(320): CodeIgniter\CodeIgniter->handleRequest(NULL, Object(Config\Cache), false)
#8 C:\xampp\htdocs\resto\public\index.php(37): CodeIgniter\CodeIgniter->run()
#9 C:\xampp\htdocs\resto\system\Commands\Server\rewrite.php(43): require_once('C:\\xampp\\htdocs...')
#10 {main}
CRITICAL - 2022-03-18 01:42:30 --> Trying to get property 'id_user' of non-object
#0 C:\xampp\htdocs\resto\app\Views\user\edituser.php(17): CodeIgniter\Debug\Exceptions->errorHandler(8, 'Trying to get p...', 'C:\\xampp\\htdocs...', 17, Array)
#1 C:\xampp\htdocs\resto\system\View\View.php(210): include('C:\\xampp\\htdocs...')
#2 C:\xampp\htdocs\resto\system\View\View.php(213): CodeIgniter\View\View->CodeIgniter\View\{closure}()
#3 C:\xampp\htdocs\resto\system\Common.php(1089): CodeIgniter\View\View->render('user/edituser', Array, true)
#4 C:\xampp\htdocs\resto\app\Controllers\User.php(64): view('user/edituser', Array)
#5 C:\xampp\htdocs\resto\system\CodeIgniter.php(825): App\Controllers\User->edituser('$value->id_user')
#6 C:\xampp\htdocs\resto\system\CodeIgniter.php(412): CodeIgniter\CodeIgniter->runController(Object(App\Controllers\User))
#7 C:\xampp\htdocs\resto\system\CodeIgniter.php(320): CodeIgniter\CodeIgniter->handleRequest(NULL, Object(Config\Cache), false)
#8 C:\xampp\htdocs\resto\public\index.php(37): CodeIgniter\CodeIgniter->run()
#9 C:\xampp\htdocs\resto\system\Commands\Server\rewrite.php(43): require_once('C:\\xampp\\htdocs...')
#10 {main}
CRITICAL - 2022-03-18 01:42:31 --> Trying to get property 'id_user' of non-object
#0 C:\xampp\htdocs\resto\app\Views\user\edituser.php(17): CodeIgniter\Debug\Exceptions->errorHandler(8, 'Trying to get p...', 'C:\\xampp\\htdocs...', 17, Array)
#1 C:\xampp\htdocs\resto\system\View\View.php(210): include('C:\\xampp\\htdocs...')
#2 C:\xampp\htdocs\resto\system\View\View.php(213): CodeIgniter\View\View->CodeIgniter\View\{closure}()
#3 C:\xampp\htdocs\resto\system\Common.php(1089): CodeIgniter\View\View->render('user/edituser', Array, true)
#4 C:\xampp\htdocs\resto\app\Controllers\User.php(64): view('user/edituser', Array)
#5 C:\xampp\htdocs\resto\system\CodeIgniter.php(825): App\Controllers\User->edituser('$value->id_user')
#6 C:\xampp\htdocs\resto\system\CodeIgniter.php(412): CodeIgniter\CodeIgniter->runController(Object(App\Controllers\User))
#7 C:\xampp\htdocs\resto\system\CodeIgniter.php(320): CodeIgniter\CodeIgniter->handleRequest(NULL, Object(Config\Cache), false)
#8 C:\xampp\htdocs\resto\public\index.php(37): CodeIgniter\CodeIgniter->run()
#9 C:\xampp\htdocs\resto\system\Commands\Server\rewrite.php(43): require_once('C:\\xampp\\htdocs...')
#10 {main}
CRITICAL - 2022-03-18 01:43:23 --> Trying to get property 'id_user' of non-object
#0 C:\xampp\htdocs\resto\app\Views\user\edituser.php(17): CodeIgniter\Debug\Exceptions->errorHandler(8, 'Trying to get p...', 'C:\\xampp\\htdocs...', 17, Array)
#1 C:\xampp\htdocs\resto\system\View\View.php(210): include('C:\\xampp\\htdocs...')
#2 C:\xampp\htdocs\resto\system\View\View.php(213): CodeIgniter\View\View->CodeIgniter\View\{closure}()
#3 C:\xampp\htdocs\resto\system\Common.php(1089): CodeIgniter\View\View->render('user/edituser', Array, true)
#4 C:\xampp\htdocs\resto\app\Controllers\User.php(64): view('user/edituser', Array)
#5 C:\xampp\htdocs\resto\system\CodeIgniter.php(825): App\Controllers\User->edituser('$value->id_user')
#6 C:\xampp\htdocs\resto\system\CodeIgniter.php(412): CodeIgniter\CodeIgniter->runController(Object(App\Controllers\User))
#7 C:\xampp\htdocs\resto\system\CodeIgniter.php(320): CodeIgniter\CodeIgniter->handleRequest(NULL, Object(Config\Cache), false)
#8 C:\xampp\htdocs\resto\public\index.php(37): CodeIgniter\CodeIgniter->run()
#9 C:\xampp\htdocs\resto\system\Commands\Server\rewrite.php(43): require_once('C:\\xampp\\htdocs...')
#10 {main}
CRITICAL - 2022-03-18 01:43:27 --> Trying to get property 'id_user' of non-object
#0 C:\xampp\htdocs\resto\app\Views\user\edituser.php(17): CodeIgniter\Debug\Exceptions->errorHandler(8, 'Trying to get p...', 'C:\\xampp\\htdocs...', 17, Array)
#1 C:\xampp\htdocs\resto\system\View\View.php(210): include('C:\\xampp\\htdocs...')
#2 C:\xampp\htdocs\resto\system\View\View.php(213): CodeIgniter\View\View->CodeIgniter\View\{closure}()
#3 C:\xampp\htdocs\resto\system\Common.php(1089): CodeIgniter\View\View->render('user/edituser', Array, true)
#4 C:\xampp\htdocs\resto\app\Controllers\User.php(64): view('user/edituser', Array)
#5 C:\xampp\htdocs\resto\system\CodeIgniter.php(825): App\Controllers\User->edituser('$value->id_user')
#6 C:\xampp\htdocs\resto\system\CodeIgniter.php(412): CodeIgniter\CodeIgniter->runController(Object(App\Controllers\User))
#7 C:\xampp\htdocs\resto\system\CodeIgniter.php(320): CodeIgniter\CodeIgniter->handleRequest(NULL, Object(Config\Cache), false)
#8 C:\xampp\htdocs\resto\public\index.php(37): CodeIgniter\CodeIgniter->run()
#9 C:\xampp\htdocs\resto\system\Commands\Server\rewrite.php(43): require_once('C:\\xampp\\htdocs...')
#10 {main}
CRITICAL - 2022-03-18 05:12:06 --> Trying to get property 'id_user' of non-object
#0 C:\xampp\htdocs\resto\app\Views\user\edituser.php(17): CodeIgniter\Debug\Exceptions->errorHandler(8, 'Trying to get p...', 'C:\\xampp\\htdocs...', 17, Array)
#1 C:\xampp\htdocs\resto\system\View\View.php(210): include('C:\\xampp\\htdocs...')
#2 C:\xampp\htdocs\resto\system\View\View.php(213): CodeIgniter\View\View->CodeIgniter\View\{closure}()
#3 C:\xampp\htdocs\resto\system\Common.php(1089): CodeIgniter\View\View->render('user/edituser', Array, true)
#4 C:\xampp\htdocs\resto\app\Controllers\User.php(64): view('user/edituser', Array)
#5 C:\xampp\htdocs\resto\system\CodeIgniter.php(825): App\Controllers\User->edituser('$value->id_user')
#6 C:\xampp\htdocs\resto\system\CodeIgniter.php(412): CodeIgniter\CodeIgniter->runController(Object(App\Controllers\User))
#7 C:\xampp\htdocs\resto\system\CodeIgniter.php(320): CodeIgniter\CodeIgniter->handleRequest(NULL, Object(Config\Cache), false)
#8 C:\xampp\htdocs\resto\public\index.php(37): CodeIgniter\CodeIgniter->run()
#9 C:\xampp\htdocs\resto\system\Commands\Server\rewrite.php(43): require_once('C:\\xampp\\htdocs...')
#10 {main}
CRITICAL - 2022-03-18 06:03:55 --> Trying to get property 'id_user' of non-object
#0 C:\xampp\htdocs\resto\app\Views\user\edituser.php(17): CodeIgniter\Debug\Exceptions->errorHandler(8, 'Trying to get p...', 'C:\\xampp\\htdocs...', 17, Array)
#1 C:\xampp\htdocs\resto\system\View\View.php(210): include('C:\\xampp\\htdocs...')
#2 C:\xampp\htdocs\resto\system\View\View.php(213): CodeIgniter\View\View->CodeIgniter\View\{closure}()
#3 C:\xampp\htdocs\resto\system\Common.php(1089): CodeIgniter\View\View->render('user/edituser', Array, true)
#4 C:\xampp\htdocs\resto\app\Controllers\User.php(64): view('user/edituser', Array)
#5 C:\xampp\htdocs\resto\system\CodeIgniter.php(825): App\Controllers\User->edituser('$value->id_user')
#6 C:\xampp\htdocs\resto\system\CodeIgniter.php(412): CodeIgniter\CodeIgniter->runController(Object(App\Controllers\User))
#7 C:\xampp\htdocs\resto\system\CodeIgniter.php(320): CodeIgniter\CodeIgniter->handleRequest(NULL, Object(Config\Cache), false)
#8 C:\xampp\htdocs\resto\public\index.php(37): CodeIgniter\CodeIgniter->run()
#9 C:\xampp\htdocs\resto\system\Commands\Server\rewrite.php(43): require_once('C:\\xampp\\htdocs...')
#10 {main}
CRITICAL - 2022-03-18 06:04:28 --> Trying to get property 'id_user' of non-object
#0 C:\xampp\htdocs\resto\app\Views\user\edituser.php(17): CodeIgniter\Debug\Exceptions->errorHandler(8, 'Trying to get p...', 'C:\\xampp\\htdocs...', 17, Array)
#1 C:\xampp\htdocs\resto\system\View\View.php(210): include('C:\\xampp\\htdocs...')
#2 C:\xampp\htdocs\resto\system\View\View.php(213): CodeIgniter\View\View->CodeIgniter\View\{closure}()
#3 C:\xampp\htdocs\resto\system\Common.php(1089): CodeIgniter\View\View->render('user/edituser', Array, true)
#4 C:\xampp\htdocs\resto\app\Controllers\User.php(64): view('user/edituser', Array)
#5 C:\xampp\htdocs\resto\system\CodeIgniter.php(825): App\Controllers\User->edituser('$value->id_user')
#6 C:\xampp\htdocs\resto\system\CodeIgniter.php(412): CodeIgniter\CodeIgniter->runController(Object(App\Controllers\User))
#7 C:\xampp\htdocs\resto\system\CodeIgniter.php(320): CodeIgniter\CodeIgniter->handleRequest(NULL, Object(Config\Cache), false)
#8 C:\xampp\htdocs\resto\public\index.php(37): CodeIgniter\CodeIgniter->run()
#9 C:\xampp\htdocs\resto\system\Commands\Server\rewrite.php(43): require_once('C:\\xampp\\htdocs...')
#10 {main}
CRITICAL - 2022-03-18 06:04:29 --> Trying to get property 'id_user' of non-object
#0 C:\xampp\htdocs\resto\app\Views\user\edituser.php(17): CodeIgniter\Debug\Exceptions->errorHandler(8, 'Trying to get p...', 'C:\\xampp\\htdocs...', 17, Array)
#1 C:\xampp\htdocs\resto\system\View\View.php(210): include('C:\\xampp\\htdocs...')
#2 C:\xampp\htdocs\resto\system\View\View.php(213): CodeIgniter\View\View->CodeIgniter\View\{closure}()
#3 C:\xampp\htdocs\resto\system\Common.php(1089): CodeIgniter\View\View->render('user/edituser', Array, true)
#4 C:\xampp\htdocs\resto\app\Controllers\User.php(64): view('user/edituser', Array)
#5 C:\xampp\htdocs\resto\system\CodeIgniter.php(825): App\Controllers\User->edituser('$value->id_user')
#6 C:\xampp\htdocs\resto\system\CodeIgniter.php(412): CodeIgniter\CodeIgniter->runController(Object(App\Controllers\User))
#7 C:\xampp\htdocs\resto\system\CodeIgniter.php(320): CodeIgniter\CodeIgniter->handleRequest(NULL, Object(Config\Cache), false)
#8 C:\xampp\htdocs\resto\public\index.php(37): CodeIgniter\CodeIgniter->run()
#9 C:\xampp\htdocs\resto\system\Commands\Server\rewrite.php(43): require_once('C:\\xampp\\htdocs...')
#10 {main}
CRITICAL - 2022-03-18 06:09:46 --> Trying to get property 'id_user' of non-object
#0 C:\xampp\htdocs\resto\app\Views\user\edituser.php(17): CodeIgniter\Debug\Exceptions->errorHandler(8, 'Trying to get p...', 'C:\\xampp\\htdocs...', 17, Array)
#1 C:\xampp\htdocs\resto\system\View\View.php(210): include('C:\\xampp\\htdocs...')
#2 C:\xampp\htdocs\resto\system\View\View.php(213): CodeIgniter\View\View->CodeIgniter\View\{closure}()
#3 C:\xampp\htdocs\resto\system\Common.php(1089): CodeIgniter\View\View->render('user/edituser', Array, true)
#4 C:\xampp\htdocs\resto\app\Controllers\User.php(64): view('user/edituser', Array)
#5 C:\xampp\htdocs\resto\system\CodeIgniter.php(825): App\Controllers\User->edituser('$value->id_user')
#6 C:\xampp\htdocs\resto\system\CodeIgniter.php(412): CodeIgniter\CodeIgniter->runController(Object(App\Controllers\User))
#7 C:\xampp\htdocs\resto\system\CodeIgniter.php(320): CodeIgniter\CodeIgniter->handleRequest(NULL, Object(Config\Cache), false)
#8 C:\xampp\htdocs\resto\public\index.php(37): CodeIgniter\CodeIgniter->run()
#9 C:\xampp\htdocs\resto\system\Commands\Server\rewrite.php(43): require_once('C:\\xampp\\htdocs...')
#10 {main}
CRITICAL - 2022-03-18 06:09:49 --> Trying to get property 'id_user' of non-object
#0 C:\xampp\htdocs\resto\app\Views\user\edituser.php(17): CodeIgniter\Debug\Exceptions->errorHandler(8, 'Trying to get p...', 'C:\\xampp\\htdocs...', 17, Array)
#1 C:\xampp\htdocs\resto\system\View\View.php(210): include('C:\\xampp\\htdocs...')
#2 C:\xampp\htdocs\resto\system\View\View.php(213): CodeIgniter\View\View->CodeIgniter\View\{closure}()
#3 C:\xampp\htdocs\resto\system\Common.php(1089): CodeIgniter\View\View->render('user/edituser', Array, true)
#4 C:\xampp\htdocs\resto\app\Controllers\User.php(64): view('user/edituser', Array)
#5 C:\xampp\htdocs\resto\system\CodeIgniter.php(825): App\Controllers\User->edituser('$value->id_user')
#6 C:\xampp\htdocs\resto\system\CodeIgniter.php(412): CodeIgniter\CodeIgniter->runController(Object(App\Controllers\User))
#7 C:\xampp\htdocs\resto\system\CodeIgniter.php(320): CodeIgniter\CodeIgniter->handleRequest(NULL, Object(Config\Cache), false)
#8 C:\xampp\htdocs\resto\public\index.php(37): CodeIgniter\CodeIgniter->run()
#9 C:\xampp\htdocs\resto\system\Commands\Server\rewrite.php(43): require_once('C:\\xampp\\htdocs...')
#10 {main}
CRITICAL - 2022-03-18 06:11:03 --> Trying to get property 'id_user' of non-object
#0 C:\xampp\htdocs\resto\app\Views\user\edituser.php(17): CodeIgniter\Debug\Exceptions->errorHandler(8, 'Trying to get p...', 'C:\\xampp\\htdocs...', 17, Array)
#1 C:\xampp\htdocs\resto\system\View\View.php(210): include('C:\\xampp\\htdocs...')
#2 C:\xampp\htdocs\resto\system\View\View.php(213): CodeIgniter\View\View->CodeIgniter\View\{closure}()
#3 C:\xampp\htdocs\resto\system\Common.php(1089): CodeIgniter\View\View->render('user/edituser', Array, true)
#4 C:\xampp\htdocs\resto\app\Controllers\User.php(64): view('user/edituser', Array)
#5 C:\xampp\htdocs\resto\system\CodeIgniter.php(825): App\Controllers\User->edituser('$value->id_user')
#6 C:\xampp\htdocs\resto\system\CodeIgniter.php(412): CodeIgniter\CodeIgniter->runController(Object(App\Controllers\User))
#7 C:\xampp\htdocs\resto\system\CodeIgniter.php(320): CodeIgniter\CodeIgniter->handleRequest(NULL, Object(Config\Cache), false)
#8 C:\xampp\htdocs\resto\public\index.php(37): CodeIgniter\CodeIgniter->run()
#9 C:\xampp\htdocs\resto\system\Commands\Server\rewrite.php(43): require_once('C:\\xampp\\htdocs...')
#10 {main}
CRITICAL - 2022-03-18 06:11:09 --> Trying to get property 'id_user' of non-object
#0 C:\xampp\htdocs\resto\app\Views\user\edituser.php(17): CodeIgniter\Debug\Exceptions->errorHandler(8, 'Trying to get p...', 'C:\\xampp\\htdocs...', 17, Array)
#1 C:\xampp\htdocs\resto\system\View\View.php(210): include('C:\\xampp\\htdocs...')
#2 C:\xampp\htdocs\resto\system\View\View.php(213): CodeIgniter\View\View->CodeIgniter\View\{closure}()
#3 C:\xampp\htdocs\resto\system\Common.php(1089): CodeIgniter\View\View->render('user/edituser', Array, true)
#4 C:\xampp\htdocs\resto\app\Controllers\User.php(64): view('user/edituser', Array)
#5 C:\xampp\htdocs\resto\system\CodeIgniter.php(825): App\Controllers\User->edituser('$value->id_user')
#6 C:\xampp\htdocs\resto\system\CodeIgniter.php(412): CodeIgniter\CodeIgniter->runController(Object(App\Controllers\User))
#7 C:\xampp\htdocs\resto\system\CodeIgniter.php(320): CodeIgniter\CodeIgniter->handleRequest(NULL, Object(Config\Cache), false)
#8 C:\xampp\htdocs\resto\public\index.php(37): CodeIgniter\CodeIgniter->run()
#9 C:\xampp\htdocs\resto\system\Commands\Server\rewrite.php(43): require_once('C:\\xampp\\htdocs...')
#10 {main}
CRITICAL - 2022-03-18 06:11:42 --> Trying to get property 'id_user' of non-object
#0 C:\xampp\htdocs\resto\app\Views\user\edituser.php(17): CodeIgniter\Debug\Exceptions->errorHandler(8, 'Trying to get p...', 'C:\\xampp\\htdocs...', 17, Array)
#1 C:\xampp\htdocs\resto\system\View\View.php(210): include('C:\\xampp\\htdocs...')
#2 C:\xampp\htdocs\resto\system\View\View.php(213): CodeIgniter\View\View->CodeIgniter\View\{closure}()
#3 C:\xampp\htdocs\resto\system\Common.php(1089): CodeIgniter\View\View->render('user/edituser', Array, true)
#4 C:\xampp\htdocs\resto\app\Controllers\User.php(64): view('user/edituser', Array)
#5 C:\xampp\htdocs\resto\system\CodeIgniter.php(825): App\Controllers\User->edituser('$value->id_user')
#6 C:\xampp\htdocs\resto\system\CodeIgniter.php(412): CodeIgniter\CodeIgniter->runController(Object(App\Controllers\User))
#7 C:\xampp\htdocs\resto\system\CodeIgniter.php(320): CodeIgniter\CodeIgniter->handleRequest(NULL, Object(Config\Cache), false)
#8 C:\xampp\htdocs\resto\public\index.php(37): CodeIgniter\CodeIgniter->run()
#9 C:\xampp\htdocs\resto\system\Commands\Server\rewrite.php(43): require_once('C:\\xampp\\htdocs...')
#10 {main}
CRITICAL - 2022-03-18 06:14:02 --> Trying to get property 'id_user' of non-object
#0 C:\xampp\htdocs\resto\app\Views\user\edituser.php(17): CodeIgniter\Debug\Exceptions->errorHandler(8, 'Trying to get p...', 'C:\\xampp\\htdocs...', 17, Array)
#1 C:\xampp\htdocs\resto\system\View\View.php(210): include('C:\\xampp\\htdocs...')
#2 C:\xampp\htdocs\resto\system\View\View.php(213): CodeIgniter\View\View->CodeIgniter\View\{closure}()
#3 C:\xampp\htdocs\resto\system\Common.php(1089): CodeIgniter\View\View->render('user/edituser', Array, true)
#4 C:\xampp\htdocs\resto\app\Controllers\User.php(64): view('user/edituser', Array)
#5 C:\xampp\htdocs\resto\system\CodeIgniter.php(825): App\Controllers\User->edituser('$value->id_user')
#6 C:\xampp\htdocs\resto\system\CodeIgniter.php(412): CodeIgniter\CodeIgniter->runController(Object(App\Controllers\User))
#7 C:\xampp\htdocs\resto\system\CodeIgniter.php(320): CodeIgniter\CodeIgniter->handleRequest(NULL, Object(Config\Cache), false)
#8 C:\xampp\htdocs\resto\public\index.php(37): CodeIgniter\CodeIgniter->run()
#9 C:\xampp\htdocs\resto\system\Commands\Server\rewrite.php(43): require_once('C:\\xampp\\htdocs...')
#10 {main}
CRITICAL - 2022-03-18 06:22:49 --> Trying to get property 'id_user' of non-object
#0 C:\xampp\htdocs\resto\app\Views\user\edituser.php(17): CodeIgniter\Debug\Exceptions->errorHandler(8, 'Trying to get p...', 'C:\\xampp\\htdocs...', 17, Array)
#1 C:\xampp\htdocs\resto\system\View\View.php(210): include('C:\\xampp\\htdocs...')
#2 C:\xampp\htdocs\resto\system\View\View.php(213): CodeIgniter\View\View->CodeIgniter\View\{closure}()
#3 C:\xampp\htdocs\resto\system\Common.php(1089): CodeIgniter\View\View->render('user/edituser', Array, true)
#4 C:\xampp\htdocs\resto\app\Controllers\User.php(64): view('user/edituser', Array)
#5 C:\xampp\htdocs\resto\system\CodeIgniter.php(825): App\Controllers\User->edituser('$value->id_user')
#6 C:\xampp\htdocs\resto\system\CodeIgniter.php(412): CodeIgniter\CodeIgniter->runController(Object(App\Controllers\User))
#7 C:\xampp\htdocs\resto\system\CodeIgniter.php(320): CodeIgniter\CodeIgniter->handleRequest(NULL, Object(Config\Cache), false)
#8 C:\xampp\htdocs\resto\public\index.php(37): CodeIgniter\CodeIgniter->run()
#9 C:\xampp\htdocs\resto\system\Commands\Server\rewrite.php(43): require_once('C:\\xampp\\htdocs...')
#10 {main}
CRITICAL - 2022-03-18 06:48:26 --> Trying to get property 'id_user' of non-object
#0 C:\xampp\htdocs\resto\app\Views\user\edituser.php(17): CodeIgniter\Debug\Exceptions->errorHandler(8, 'Trying to get p...', 'C:\\xampp\\htdocs...', 17, Array)
#1 C:\xampp\htdocs\resto\system\View\View.php(210): include('C:\\xampp\\htdocs...')
#2 C:\xampp\htdocs\resto\system\View\View.php(213): CodeIgniter\View\View->CodeIgniter\View\{closure}()
#3 C:\xampp\htdocs\resto\system\Common.php(1089): CodeIgniter\View\View->render('user/edituser', Array, true)
#4 C:\xampp\htdocs\resto\app\Controllers\User.php(64): view('user/edituser', Array)
#5 C:\xampp\htdocs\resto\system\CodeIgniter.php(825): App\Controllers\User->edituser('$value->id_user')
#6 C:\xampp\htdocs\resto\system\CodeIgniter.php(412): CodeIgniter\CodeIgniter->runController(Object(App\Controllers\User))
#7 C:\xampp\htdocs\resto\system\CodeIgniter.php(320): CodeIgniter\CodeIgniter->handleRequest(NULL, Object(Config\Cache), false)
#8 C:\xampp\htdocs\resto\public\index.php(37): CodeIgniter\CodeIgniter->run()
#9 C:\xampp\htdocs\resto\system\Commands\Server\rewrite.php(43): require_once('C:\\xampp\\htdocs...')
#10 {main}
CRITICAL - 2022-03-18 06:48:33 --> Trying to get property 'id_user' of non-object
#0 C:\xampp\htdocs\resto\app\Views\user\edituser.php(17): CodeIgniter\Debug\Exceptions->errorHandler(8, 'Trying to get p...', 'C:\\xampp\\htdocs...', 17, Array)
#1 C:\xampp\htdocs\resto\system\View\View.php(210): include('C:\\xampp\\htdocs...')
#2 C:\xampp\htdocs\resto\system\View\View.php(213): CodeIgniter\View\View->CodeIgniter\View\{closure}()
#3 C:\xampp\htdocs\resto\system\Common.php(1089): CodeIgniter\View\View->render('user/edituser', Array, true)
#4 C:\xampp\htdocs\resto\app\Controllers\User.php(64): view('user/edituser', Array)
#5 C:\xampp\htdocs\resto\system\CodeIgniter.php(825): App\Controllers\User->edituser('$value->id_user')
#6 C:\xampp\htdocs\resto\system\CodeIgniter.php(412): CodeIgniter\CodeIgniter->runController(Object(App\Controllers\User))
#7 C:\xampp\htdocs\resto\system\CodeIgniter.php(320): CodeIgniter\CodeIgniter->handleRequest(NULL, Object(Config\Cache), false)
#8 C:\xampp\htdocs\resto\public\index.php(37): CodeIgniter\CodeIgniter->run()
#9 C:\xampp\htdocs\resto\system\Commands\Server\rewrite.php(43): require_once('C:\\xampp\\htdocs...')
#10 {main}
ERROR - 2022-03-18 10:05:01 --> Error connecting to the database: No connection could be made because the target machine actively refused it.

CRITICAL - 2022-03-18 10:05:01 --> Unable to connect to the database.
Main connection [MySQLi]: No connection could be made because the target machine actively refused it.

#0 C:\xampp\htdocs\resto\system\Database\BaseConnection.php(577): CodeIgniter\Database\BaseConnection->initialize()
#1 C:\xampp\htdocs\resto\system\Database\BaseBuilder.php(1484): CodeIgniter\Database\BaseConnection->query('SELECT COUNT(*)...', NULL, false)
#2 C:\xampp\htdocs\resto\app\Models\UserModel.php(56): CodeIgniter\Database\BaseBuilder->countAll()
#3 C:\xampp\htdocs\resto\app\Controllers\Home.php(104): App\Models\UserModel->jumlahUser()
#4 C:\xampp\htdocs\resto\system\CodeIgniter.php(825): App\Controllers\Home->home()
#5 C:\xampp\htdocs\resto\system\CodeIgniter.php(412): CodeIgniter\CodeIgniter->runController(Object(App\Controllers\Home))
#6 C:\xampp\htdocs\resto\system\CodeIgniter.php(320): CodeIgniter\CodeIgniter->handleRequest(NULL, Object(Config\Cache), false)
#7 C:\xampp\htdocs\resto\public\index.php(37): CodeIgniter\CodeIgniter->run()
#8 C:\xampp\htdocs\resto\system\Commands\Server\rewrite.php(43): require_once('C:\\xampp\\htdocs...')
#9 {main}
CRITICAL - 2022-03-18 10:45:47 --> Trying to get property 'id_user' of non-object
#0 C:\xampp\htdocs\resto\app\Views\user\edituser.php(17): CodeIgniter\Debug\Exceptions->errorHandler(8, 'Trying to get p...', 'C:\\xampp\\htdocs...', 17, Array)
#1 C:\xampp\htdocs\resto\system\View\View.php(210): include('C:\\xampp\\htdocs...')
#2 C:\xampp\htdocs\resto\system\View\View.php(213): CodeIgniter\View\View->CodeIgniter\View\{closure}()
#3 C:\xampp\htdocs\resto\system\Common.php(1089): CodeIgniter\View\View->render('user/edituser', Array, true)
#4 C:\xampp\htdocs\resto\app\Controllers\User.php(68): view('user/edituser', Array)
#5 C:\xampp\htdocs\resto\system\CodeIgniter.php(825): App\Controllers\User->edituser('$value->id_user')
#6 C:\xampp\htdocs\resto\system\CodeIgniter.php(412): CodeIgniter\CodeIgniter->runController(Object(App\Controllers\User))
#7 C:\xampp\htdocs\resto\system\CodeIgniter.php(320): CodeIgniter\CodeIgniter->handleRequest(NULL, Object(Config\Cache), false)
#8 C:\xampp\htdocs\resto\public\index.php(37): CodeIgniter\CodeIgniter->run()
#9 C:\xampp\htdocs\resto\system\Commands\Server\rewrite.php(43): require_once('C:\\xampp\\htdocs...')
#10 {main}
CRITICAL - 2022-03-18 10:46:42 --> Trying to get property 'id_user' of non-object
#0 C:\xampp\htdocs\resto\app\Views\user\edituser.php(17): CodeIgniter\Debug\Exceptions->errorHandler(8, 'Trying to get p...', 'C:\\xampp\\htdocs...', 17, Array)
#1 C:\xampp\htdocs\resto\system\View\View.php(210): include('C:\\xampp\\htdocs...')
#2 C:\xampp\htdocs\resto\system\View\View.php(213): CodeIgniter\View\View->CodeIgniter\View\{closure}()
#3 C:\xampp\htdocs\resto\system\Common.php(1089): CodeIgniter\View\View->render('user/edituser', Array, true)
#4 C:\xampp\htdocs\resto\app\Controllers\User.php(68): view('user/edituser', Array)
#5 C:\xampp\htdocs\resto\system\CodeIgniter.php(825): App\Controllers\User->edituser('$value->id_user')
#6 C:\xampp\htdocs\resto\system\CodeIgniter.php(412): CodeIgniter\CodeIgniter->runController(Object(App\Controllers\User))
#7 C:\xampp\htdocs\resto\system\CodeIgniter.php(320): CodeIgniter\CodeIgniter->handleRequest(NULL, Object(Config\Cache), false)
#8 C:\xampp\htdocs\resto\public\index.php(37): CodeIgniter\CodeIgniter->run()
#9 C:\xampp\htdocs\resto\system\Commands\Server\rewrite.php(43): require_once('C:\\xampp\\htdocs...')
#10 {main}
ERROR - 2022-03-18 10:50:31 --> Cannot add or update a child row: a foreign key constraint fails (`dbresto`.`user`, CONSTRAINT `user_ibfk_1` FOREIGN KEY (`id_level`) REFERENCES `level` (`id_level`) ON DELETE CASCADE ON UPDATE CASCADE)
CRITICAL - 2022-03-18 10:50:31 --> Cannot add or update a child row: a foreign key constraint fails (`dbresto`.`user`, CONSTRAINT `user_ibfk_1` FOREIGN KEY (`id_level`) REFERENCES `level` (`id_level`) ON DELETE CASCADE ON UPDATE CASCADE)
#0 C:\xampp\htdocs\resto\system\Database\MySQLi\Connection.php(292): mysqli->query('UPDATE `user` S...', 0)
#1 C:\xampp\htdocs\resto\system\Database\BaseConnection.php(670): CodeIgniter\Database\MySQLi\Connection->execute('UPDATE `user` S...')
#2 C:\xampp\htdocs\resto\system\Database\BaseConnection.php(598): CodeIgniter\Database\BaseConnection->simpleQuery('UPDATE `user` S...')
#3 C:\xampp\htdocs\resto\system\Database\BaseBuilder.php(1913): CodeIgniter\Database\BaseConnection->query('UPDATE `user` S...', Array, false)
#4 C:\xampp\htdocs\resto\system\Model.php(298): CodeIgniter\Database\BaseBuilder->update()
#5 C:\xampp\htdocs\resto\system\BaseModel.php(865): CodeIgniter\Model->doUpdate(Array, Array)
#6 C:\xampp\htdocs\resto\system\Model.php(651): CodeIgniter\BaseModel->update(Array, Array)
#7 C:\xampp\htdocs\resto\app\Controllers\User.php(82): CodeIgniter\Model->update('12', Array)
#8 C:\xampp\htdocs\resto\system\CodeIgniter.php(825): App\Controllers\User->editdatauser('12')
#9 C:\xampp\htdocs\resto\system\CodeIgniter.php(412): CodeIgniter\CodeIgniter->runController(Object(App\Controllers\User))
#10 C:\xampp\htdocs\resto\system\CodeIgniter.php(320): CodeIgniter\CodeIgniter->handleRequest(NULL, Object(Config\Cache), false)
#11 C:\xampp\htdocs\resto\public\index.php(37): CodeIgniter\CodeIgniter->run()
#12 C:\xampp\htdocs\resto\system\Commands\Server\rewrite.php(43): require_once('C:\\xampp\\htdocs...')
#13 {main}
CRITICAL - 2022-03-18 11:13:26 --> Argument 2 passed to site_url() must be of the type string or null, array given, called in C:\xampp\htdocs\resto\app\Controllers\Login.php on line 21
#0 C:\xampp\htdocs\resto\app\Controllers\Login.php(21): site_url('login', Array)
#1 C:\xampp\htdocs\resto\system\CodeIgniter.php(825): App\Controllers\Login->index()
#2 C:\xampp\htdocs\resto\system\CodeIgniter.php(412): CodeIgniter\CodeIgniter->runController(Object(App\Controllers\Login))
#3 C:\xampp\htdocs\resto\system\CodeIgniter.php(320): CodeIgniter\CodeIgniter->handleRequest(NULL, Object(Config\Cache), false)
#4 C:\xampp\htdocs\resto\public\index.php(37): CodeIgniter\CodeIgniter->run()
#5 C:\xampp\htdocs\resto\system\Commands\Server\rewrite.php(43): require_once('C:\\xampp\\htdocs...')
#6 {main}
