CRITICAL - 2022-03-06 06:47:09 --> Undefined variable: judul
#0 C:\xampp2\htdocs\resto\app\Views\menu\editmenu.php(6): CodeIgniter\Debug\Exceptions->errorHandler(8, 'Undefined varia...', 'C:\\xampp2\\htdoc...', 6, Array)
#1 C:\xampp2\htdocs\resto\system\View\View.php(210): include('C:\\xampp2\\htdoc...')
#2 C:\xampp2\htdocs\resto\system\View\View.php(213): CodeIgniter\View\View->CodeIgniter\View\{closure}()
#3 C:\xampp2\htdocs\resto\system\Common.php(1089): CodeIgniter\View\View->render('menu/editmenu', Array, true)
#4 C:\xampp2\htdocs\resto\app\Controllers\Menu.php(51): view('menu/editmenu')
#5 C:\xampp2\htdocs\resto\system\CodeIgniter.php(825): App\Controllers\Menu->editmenu()
#6 C:\xampp2\htdocs\resto\system\CodeIgniter.php(412): CodeIgniter\CodeIgniter->runController(Object(App\Controllers\Menu))
#7 C:\xampp2\htdocs\resto\system\CodeIgniter.php(320): CodeIgniter\CodeIgniter->handleRequest(NULL, Object(Config\Cache), false)
#8 C:\xampp2\htdocs\resto\public\index.php(37): CodeIgniter\CodeIgniter->run()
#9 C:\xampp2\htdocs\resto\system\Commands\Server\rewrite.php(43): require_once('C:\\xampp2\\htdoc...')
#10 {main}
CRITICAL - 2022-03-06 06:48:01 --> Undefined variable: judul
#0 C:\xampp2\htdocs\resto\app\Views\menu\editmenu.php(6): CodeIgniter\Debug\Exceptions->errorHandler(8, 'Undefined varia...', 'C:\\xampp2\\htdoc...', 6, Array)
#1 C:\xampp2\htdocs\resto\system\View\View.php(210): include('C:\\xampp2\\htdoc...')
#2 C:\xampp2\htdocs\resto\system\View\View.php(213): CodeIgniter\View\View->CodeIgniter\View\{closure}()
#3 C:\xampp2\htdocs\resto\system\Common.php(1089): CodeIgniter\View\View->render('menu/editmenu', Array, true)
#4 C:\xampp2\htdocs\resto\app\Controllers\Menu.php(54): view('menu/editmenu')
#5 C:\xampp2\htdocs\resto\system\CodeIgniter.php(825): App\Controllers\Menu->editmenu()
#6 C:\xampp2\htdocs\resto\system\CodeIgniter.php(412): CodeIgniter\CodeIgniter->runController(Object(App\Controllers\Menu))
#7 C:\xampp2\htdocs\resto\system\CodeIgniter.php(320): CodeIgniter\CodeIgniter->handleRequest(NULL, Object(Config\Cache), false)
#8 C:\xampp2\htdocs\resto\public\index.php(37): CodeIgniter\CodeIgniter->run()
#9 C:\xampp2\htdocs\resto\system\Commands\Server\rewrite.php(43): require_once('C:\\xampp2\\htdoc...')
#10 {main}
CRITICAL - 2022-03-06 06:48:03 --> Undefined variable: judul
#0 C:\xampp2\htdocs\resto\app\Views\menu\editmenu.php(6): CodeIgniter\Debug\Exceptions->errorHandler(8, 'Undefined varia...', 'C:\\xampp2\\htdoc...', 6, Array)
#1 C:\xampp2\htdocs\resto\system\View\View.php(210): include('C:\\xampp2\\htdoc...')
#2 C:\xampp2\htdocs\resto\system\View\View.php(213): CodeIgniter\View\View->CodeIgniter\View\{closure}()
#3 C:\xampp2\htdocs\resto\system\Common.php(1089): CodeIgniter\View\View->render('menu/editmenu', Array, true)
#4 C:\xampp2\htdocs\resto\app\Controllers\Menu.php(54): view('menu/editmenu')
#5 C:\xampp2\htdocs\resto\system\CodeIgniter.php(825): App\Controllers\Menu->editmenu()
#6 C:\xampp2\htdocs\resto\system\CodeIgniter.php(412): CodeIgniter\CodeIgniter->runController(Object(App\Controllers\Menu))
#7 C:\xampp2\htdocs\resto\system\CodeIgniter.php(320): CodeIgniter\CodeIgniter->handleRequest(NULL, Object(Config\Cache), false)
#8 C:\xampp2\htdocs\resto\public\index.php(37): CodeIgniter\CodeIgniter->run()
#9 C:\xampp2\htdocs\resto\system\Commands\Server\rewrite.php(43): require_once('C:\\xampp2\\htdoc...')
#10 {main}
CRITICAL - 2022-03-06 06:48:16 --> Undefined variable: judul
#0 C:\xampp2\htdocs\resto\app\Views\menu\editmenu.php(6): CodeIgniter\Debug\Exceptions->errorHandler(8, 'Undefined varia...', 'C:\\xampp2\\htdoc...', 6, Array)
#1 C:\xampp2\htdocs\resto\system\View\View.php(210): include('C:\\xampp2\\htdoc...')
#2 C:\xampp2\htdocs\resto\system\View\View.php(213): CodeIgniter\View\View->CodeIgniter\View\{closure}()
#3 C:\xampp2\htdocs\resto\system\Common.php(1089): CodeIgniter\View\View->render('menu/editmenu', Array, true)
#4 C:\xampp2\htdocs\resto\app\Controllers\Menu.php(54): view('menu/editmenu')
#5 C:\xampp2\htdocs\resto\system\CodeIgniter.php(825): App\Controllers\Menu->editmenu()
#6 C:\xampp2\htdocs\resto\system\CodeIgniter.php(412): CodeIgniter\CodeIgniter->runController(Object(App\Controllers\Menu))
#7 C:\xampp2\htdocs\resto\system\CodeIgniter.php(320): CodeIgniter\CodeIgniter->handleRequest(NULL, Object(Config\Cache), false)
#8 C:\xampp2\htdocs\resto\public\index.php(37): CodeIgniter\CodeIgniter->run()
#9 C:\xampp2\htdocs\resto\system\Commands\Server\rewrite.php(43): require_once('C:\\xampp2\\htdoc...')
#10 {main}
CRITICAL - 2022-03-06 06:48:19 --> Undefined variable: judul
#0 C:\xampp2\htdocs\resto\app\Views\menu\editmenu.php(6): CodeIgniter\Debug\Exceptions->errorHandler(8, 'Undefined varia...', 'C:\\xampp2\\htdoc...', 6, Array)
#1 C:\xampp2\htdocs\resto\system\View\View.php(210): include('C:\\xampp2\\htdoc...')
#2 C:\xampp2\htdocs\resto\system\View\View.php(213): CodeIgniter\View\View->CodeIgniter\View\{closure}()
#3 C:\xampp2\htdocs\resto\system\Common.php(1089): CodeIgniter\View\View->render('menu/editmenu', Array, true)
#4 C:\xampp2\htdocs\resto\app\Controllers\Menu.php(54): view('menu/editmenu')
#5 C:\xampp2\htdocs\resto\system\CodeIgniter.php(825): App\Controllers\Menu->editmenu()
#6 C:\xampp2\htdocs\resto\system\CodeIgniter.php(412): CodeIgniter\CodeIgniter->runController(Object(App\Controllers\Menu))
#7 C:\xampp2\htdocs\resto\system\CodeIgniter.php(320): CodeIgniter\CodeIgniter->handleRequest(NULL, Object(Config\Cache), false)
#8 C:\xampp2\htdocs\resto\public\index.php(37): CodeIgniter\CodeIgniter->run()
#9 C:\xampp2\htdocs\resto\system\Commands\Server\rewrite.php(43): require_once('C:\\xampp2\\htdoc...')
#10 {main}
CRITICAL - 2022-03-06 06:48:39 --> Undefined variable: title
#0 C:\xampp2\htdocs\resto\app\Views\pages\index.php(10): CodeIgniter\Debug\Exceptions->errorHandler(8, 'Undefined varia...', 'C:\\xampp2\\htdoc...', 10, Array)
#1 C:\xampp2\htdocs\resto\system\View\View.php(210): include('C:\\xampp2\\htdoc...')
#2 C:\xampp2\htdocs\resto\system\View\View.php(213): CodeIgniter\View\View->CodeIgniter\View\{closure}()
#3 C:\xampp2\htdocs\resto\system\View\View.php(226): CodeIgniter\View\View->render('pages/index', Array, true)
#4 C:\xampp2\htdocs\resto\system\Common.php(1089): CodeIgniter\View\View->render('menu/editmenu', Array, true)
#5 C:\xampp2\htdocs\resto\app\Controllers\Menu.php(54): view('menu/editmenu', Array)
#6 C:\xampp2\htdocs\resto\system\CodeIgniter.php(825): App\Controllers\Menu->editmenu()
#7 C:\xampp2\htdocs\resto\system\CodeIgniter.php(412): CodeIgniter\CodeIgniter->runController(Object(App\Controllers\Menu))
#8 C:\xampp2\htdocs\resto\system\CodeIgniter.php(320): CodeIgniter\CodeIgniter->handleRequest(NULL, Object(Config\Cache), false)
#9 C:\xampp2\htdocs\resto\public\index.php(37): CodeIgniter\CodeIgniter->run()
#10 C:\xampp2\htdocs\resto\system\Commands\Server\rewrite.php(43): require_once('C:\\xampp2\\htdoc...')
#11 {main}
CRITICAL - 2022-03-06 06:51:08 --> Undefined variable: menu
#0 C:\xampp2\htdocs\resto\app\Views\menu\editmenu.php(20): CodeIgniter\Debug\Exceptions->errorHandler(8, 'Undefined varia...', 'C:\\xampp2\\htdoc...', 20, Array)
#1 C:\xampp2\htdocs\resto\system\View\View.php(210): include('C:\\xampp2\\htdoc...')
#2 C:\xampp2\htdocs\resto\system\View\View.php(213): CodeIgniter\View\View->CodeIgniter\View\{closure}()
#3 C:\xampp2\htdocs\resto\system\Common.php(1089): CodeIgniter\View\View->render('menu/editmenu', Array, true)
#4 C:\xampp2\htdocs\resto\app\Controllers\Menu.php(55): view('menu/editmenu', Array)
#5 C:\xampp2\htdocs\resto\system\CodeIgniter.php(825): App\Controllers\Menu->editmenu()
#6 C:\xampp2\htdocs\resto\system\CodeIgniter.php(412): CodeIgniter\CodeIgniter->runController(Object(App\Controllers\Menu))
#7 C:\xampp2\htdocs\resto\system\CodeIgniter.php(320): CodeIgniter\CodeIgniter->handleRequest(NULL, Object(Config\Cache), false)
#8 C:\xampp2\htdocs\resto\public\index.php(37): CodeIgniter\CodeIgniter->run()
#9 C:\xampp2\htdocs\resto\system\Commands\Server\rewrite.php(43): require_once('C:\\xampp2\\htdoc...')
#10 {main}
CRITICAL - 2022-03-06 06:52:14 --> Undefined variable: menu
#0 C:\xampp2\htdocs\resto\app\Views\menu\editmenu.php(20): CodeIgniter\Debug\Exceptions->errorHandler(8, 'Undefined varia...', 'C:\\xampp2\\htdoc...', 20, Array)
#1 C:\xampp2\htdocs\resto\system\View\View.php(210): include('C:\\xampp2\\htdoc...')
#2 C:\xampp2\htdocs\resto\system\View\View.php(213): CodeIgniter\View\View->CodeIgniter\View\{closure}()
#3 C:\xampp2\htdocs\resto\system\Common.php(1089): CodeIgniter\View\View->render('menu/editmenu', Array, true)
#4 C:\xampp2\htdocs\resto\app\Controllers\Menu.php(55): view('menu/editmenu', Array)
#5 C:\xampp2\htdocs\resto\system\CodeIgniter.php(825): App\Controllers\Menu->editmenu()
#6 C:\xampp2\htdocs\resto\system\CodeIgniter.php(412): CodeIgniter\CodeIgniter->runController(Object(App\Controllers\Menu))
#7 C:\xampp2\htdocs\resto\system\CodeIgniter.php(320): CodeIgniter\CodeIgniter->handleRequest(NULL, Object(Config\Cache), false)
#8 C:\xampp2\htdocs\resto\public\index.php(37): CodeIgniter\CodeIgniter->run()
#9 C:\xampp2\htdocs\resto\system\Commands\Server\rewrite.php(43): require_once('C:\\xampp2\\htdoc...')
#10 {main}
CRITICAL - 2022-03-06 06:57:17 --> Too few arguments to function App\Controllers\Menu::editmenu(), 0 passed in C:\xampp2\htdocs\resto\system\CodeIgniter.php on line 825 and exactly 1 expected
#0 C:\xampp2\htdocs\resto\system\CodeIgniter.php(825): App\Controllers\Menu->editmenu()
#1 C:\xampp2\htdocs\resto\system\CodeIgniter.php(412): CodeIgniter\CodeIgniter->runController(Object(App\Controllers\Menu))
#2 C:\xampp2\htdocs\resto\system\CodeIgniter.php(320): CodeIgniter\CodeIgniter->handleRequest(NULL, Object(Config\Cache), false)
#3 C:\xampp2\htdocs\resto\public\index.php(37): CodeIgniter\CodeIgniter->run()
#4 C:\xampp2\htdocs\resto\system\Commands\Server\rewrite.php(43): require_once('C:\\xampp2\\htdoc...')
#5 {main}
CRITICAL - 2022-03-06 07:01:14 --> Too few arguments to function App\Controllers\Menu::editmenu(), 0 passed in C:\xampp2\htdocs\resto\system\CodeIgniter.php on line 825 and exactly 1 expected
#0 C:\xampp2\htdocs\resto\system\CodeIgniter.php(825): App\Controllers\Menu->editmenu()
#1 C:\xampp2\htdocs\resto\system\CodeIgniter.php(412): CodeIgniter\CodeIgniter->runController(Object(App\Controllers\Menu))
#2 C:\xampp2\htdocs\resto\system\CodeIgniter.php(320): CodeIgniter\CodeIgniter->handleRequest(NULL, Object(Config\Cache), false)
#3 C:\xampp2\htdocs\resto\public\index.php(37): CodeIgniter\CodeIgniter->run()
#4 C:\xampp2\htdocs\resto\system\Commands\Server\rewrite.php(43): require_once('C:\\xampp2\\htdoc...')
#5 {main}
CRITICAL - 2022-03-06 07:26:26 --> Too few arguments to function App\Controllers\Menu::editmenu(), 0 passed in C:\xampp2\htdocs\resto\system\CodeIgniter.php on line 825 and exactly 1 expected
#0 C:\xampp2\htdocs\resto\system\CodeIgniter.php(825): App\Controllers\Menu->editmenu()
#1 C:\xampp2\htdocs\resto\system\CodeIgniter.php(412): CodeIgniter\CodeIgniter->runController(Object(App\Controllers\Menu))
#2 C:\xampp2\htdocs\resto\system\CodeIgniter.php(320): CodeIgniter\CodeIgniter->handleRequest(NULL, Object(Config\Cache), false)
#3 C:\xampp2\htdocs\resto\public\index.php(37): CodeIgniter\CodeIgniter->run()
#4 C:\xampp2\htdocs\resto\system\Commands\Server\rewrite.php(43): require_once('C:\\xampp2\\htdoc...')
#5 {main}
CRITICAL - 2022-03-06 07:27:13 --> Too few arguments to function App\Controllers\Menu::editmenu(), 0 passed in C:\xampp2\htdocs\resto\system\CodeIgniter.php on line 825 and exactly 1 expected
#0 C:\xampp2\htdocs\resto\system\CodeIgniter.php(825): App\Controllers\Menu->editmenu()
#1 C:\xampp2\htdocs\resto\system\CodeIgniter.php(412): CodeIgniter\CodeIgniter->runController(Object(App\Controllers\Menu))
#2 C:\xampp2\htdocs\resto\system\CodeIgniter.php(320): CodeIgniter\CodeIgniter->handleRequest(NULL, Object(Config\Cache), false)
#3 C:\xampp2\htdocs\resto\public\index.php(37): CodeIgniter\CodeIgniter->run()
#4 C:\xampp2\htdocs\resto\system\Commands\Server\rewrite.php(43): require_once('C:\\xampp2\\htdoc...')
#5 {main}
CRITICAL - 2022-03-06 07:29:36 --> Undefined variable: tampilmenu
#0 C:\xampp2\htdocs\resto\app\Views\menu\editmenu.php(20): CodeIgniter\Debug\Exceptions->errorHandler(8, 'Undefined varia...', 'C:\\xampp2\\htdoc...', 20, Array)
#1 C:\xampp2\htdocs\resto\system\View\View.php(210): include('C:\\xampp2\\htdoc...')
#2 C:\xampp2\htdocs\resto\system\View\View.php(213): CodeIgniter\View\View->CodeIgniter\View\{closure}()
#3 C:\xampp2\htdocs\resto\system\Common.php(1089): CodeIgniter\View\View->render('menu/editmenu', Array, true)
#4 C:\xampp2\htdocs\resto\app\Controllers\Menu.php(55): view('menu/editmenu', Array)
#5 C:\xampp2\htdocs\resto\system\CodeIgniter.php(825): App\Controllers\Menu->ubahmenu()
#6 C:\xampp2\htdocs\resto\system\CodeIgniter.php(412): CodeIgniter\CodeIgniter->runController(Object(App\Controllers\Menu))
#7 C:\xampp2\htdocs\resto\system\CodeIgniter.php(320): CodeIgniter\CodeIgniter->handleRequest(NULL, Object(Config\Cache), false)
#8 C:\xampp2\htdocs\resto\public\index.php(37): CodeIgniter\CodeIgniter->run()
#9 C:\xampp2\htdocs\resto\system\Commands\Server\rewrite.php(43): require_once('C:\\xampp2\\htdoc...')
#10 {main}
CRITICAL - 2022-03-06 07:30:03 --> Undefined variable: tampilmenu
#0 C:\xampp2\htdocs\resto\app\Views\menu\editmenu.php(20): CodeIgniter\Debug\Exceptions->errorHandler(8, 'Undefined varia...', 'C:\\xampp2\\htdoc...', 20, Array)
#1 C:\xampp2\htdocs\resto\system\View\View.php(210): include('C:\\xampp2\\htdoc...')
#2 C:\xampp2\htdocs\resto\system\View\View.php(213): CodeIgniter\View\View->CodeIgniter\View\{closure}()
#3 C:\xampp2\htdocs\resto\system\Common.php(1089): CodeIgniter\View\View->render('menu/editmenu', Array, true)
#4 C:\xampp2\htdocs\resto\app\Controllers\Menu.php(55): view('menu/editmenu', Array)
#5 C:\xampp2\htdocs\resto\system\CodeIgniter.php(825): App\Controllers\Menu->ubahmenu()
#6 C:\xampp2\htdocs\resto\system\CodeIgniter.php(412): CodeIgniter\CodeIgniter->runController(Object(App\Controllers\Menu))
#7 C:\xampp2\htdocs\resto\system\CodeIgniter.php(320): CodeIgniter\CodeIgniter->handleRequest(NULL, Object(Config\Cache), false)
#8 C:\xampp2\htdocs\resto\public\index.php(37): CodeIgniter\CodeIgniter->run()
#9 C:\xampp2\htdocs\resto\system\Commands\Server\rewrite.php(43): require_once('C:\\xampp2\\htdoc...')
#10 {main}
CRITICAL - 2022-03-06 07:32:27 --> Undefined variable: tampilmenu
#0 C:\xampp2\htdocs\resto\app\Views\menu\editmenu.php(20): CodeIgniter\Debug\Exceptions->errorHandler(8, 'Undefined varia...', 'C:\\xampp2\\htdoc...', 20, Array)
#1 C:\xampp2\htdocs\resto\system\View\View.php(210): include('C:\\xampp2\\htdoc...')
#2 C:\xampp2\htdocs\resto\system\View\View.php(213): CodeIgniter\View\View->CodeIgniter\View\{closure}()
#3 C:\xampp2\htdocs\resto\system\Common.php(1089): CodeIgniter\View\View->render('menu/editmenu', Array, true)
#4 C:\xampp2\htdocs\resto\app\Controllers\Menu.php(55): view('menu/editmenu', Array)
#5 C:\xampp2\htdocs\resto\system\CodeIgniter.php(825): App\Controllers\Menu->ubahmenu()
#6 C:\xampp2\htdocs\resto\system\CodeIgniter.php(412): CodeIgniter\CodeIgniter->runController(Object(App\Controllers\Menu))
#7 C:\xampp2\htdocs\resto\system\CodeIgniter.php(320): CodeIgniter\CodeIgniter->handleRequest(NULL, Object(Config\Cache), false)
#8 C:\xampp2\htdocs\resto\public\index.php(37): CodeIgniter\CodeIgniter->run()
#9 C:\xampp2\htdocs\resto\system\Commands\Server\rewrite.php(43): require_once('C:\\xampp2\\htdoc...')
#10 {main}
CRITICAL - 2022-03-06 07:34:55 --> Undefined variable: tampilmenu
#0 C:\xampp2\htdocs\resto\app\Views\menu\editmenu.php(20): CodeIgniter\Debug\Exceptions->errorHandler(8, 'Undefined varia...', 'C:\\xampp2\\htdoc...', 20, Array)
#1 C:\xampp2\htdocs\resto\system\View\View.php(210): include('C:\\xampp2\\htdoc...')
#2 C:\xampp2\htdocs\resto\system\View\View.php(213): CodeIgniter\View\View->CodeIgniter\View\{closure}()
#3 C:\xampp2\htdocs\resto\system\Common.php(1089): CodeIgniter\View\View->render('menu/editmenu', Array, true)
#4 C:\xampp2\htdocs\resto\app\Controllers\Menu.php(55): view('menu/editmenu', Array)
#5 C:\xampp2\htdocs\resto\system\CodeIgniter.php(825): App\Controllers\Menu->ubahmenu()
#6 C:\xampp2\htdocs\resto\system\CodeIgniter.php(412): CodeIgniter\CodeIgniter->runController(Object(App\Controllers\Menu))
#7 C:\xampp2\htdocs\resto\system\CodeIgniter.php(320): CodeIgniter\CodeIgniter->handleRequest(NULL, Object(Config\Cache), false)
#8 C:\xampp2\htdocs\resto\public\index.php(37): CodeIgniter\CodeIgniter->run()
#9 C:\xampp2\htdocs\resto\system\Commands\Server\rewrite.php(43): require_once('C:\\xampp2\\htdoc...')
#10 {main}
CRITICAL - 2022-03-06 07:36:09 --> Undefined variable: datamenu
#0 C:\xampp2\htdocs\resto\app\Views\menu\editmenu.php(20): CodeIgniter\Debug\Exceptions->errorHandler(8, 'Undefined varia...', 'C:\\xampp2\\htdoc...', 20, Array)
#1 C:\xampp2\htdocs\resto\system\View\View.php(210): include('C:\\xampp2\\htdoc...')
#2 C:\xampp2\htdocs\resto\system\View\View.php(213): CodeIgniter\View\View->CodeIgniter\View\{closure}()
#3 C:\xampp2\htdocs\resto\system\Common.php(1089): CodeIgniter\View\View->render('menu/editmenu', Array, true)
#4 C:\xampp2\htdocs\resto\app\Controllers\Menu.php(55): view('menu/editmenu', Array)
#5 C:\xampp2\htdocs\resto\system\CodeIgniter.php(825): App\Controllers\Menu->ubahmenu()
#6 C:\xampp2\htdocs\resto\system\CodeIgniter.php(412): CodeIgniter\CodeIgniter->runController(Object(App\Controllers\Menu))
#7 C:\xampp2\htdocs\resto\system\CodeIgniter.php(320): CodeIgniter\CodeIgniter->handleRequest(NULL, Object(Config\Cache), false)
#8 C:\xampp2\htdocs\resto\public\index.php(37): CodeIgniter\CodeIgniter->run()
#9 C:\xampp2\htdocs\resto\system\Commands\Server\rewrite.php(43): require_once('C:\\xampp2\\htdoc...')
#10 {main}
CRITICAL - 2022-03-06 07:37:20 --> Undefined variable: datamenu
#0 C:\xampp2\htdocs\resto\app\Views\menu\editmenu.php(20): CodeIgniter\Debug\Exceptions->errorHandler(8, 'Undefined varia...', 'C:\\xampp2\\htdoc...', 20, Array)
#1 C:\xampp2\htdocs\resto\system\View\View.php(210): include('C:\\xampp2\\htdoc...')
#2 C:\xampp2\htdocs\resto\system\View\View.php(213): CodeIgniter\View\View->CodeIgniter\View\{closure}()
#3 C:\xampp2\htdocs\resto\system\Common.php(1089): CodeIgniter\View\View->render('menu/editmenu', Array, true)
#4 C:\xampp2\htdocs\resto\app\Controllers\Menu.php(55): view('menu/editmenu', Array)
#5 C:\xampp2\htdocs\resto\system\CodeIgniter.php(825): App\Controllers\Menu->ubahmenu()
#6 C:\xampp2\htdocs\resto\system\CodeIgniter.php(412): CodeIgniter\CodeIgniter->runController(Object(App\Controllers\Menu))
#7 C:\xampp2\htdocs\resto\system\CodeIgniter.php(320): CodeIgniter\CodeIgniter->handleRequest(NULL, Object(Config\Cache), false)
#8 C:\xampp2\htdocs\resto\public\index.php(37): CodeIgniter\CodeIgniter->run()
#9 C:\xampp2\htdocs\resto\system\Commands\Server\rewrite.php(43): require_once('C:\\xampp2\\htdoc...')
#10 {main}
CRITICAL - 2022-03-06 07:42:09 --> Undefined variable: datamenu
#0 C:\xampp2\htdocs\resto\app\Views\menu\editmenu.php(20): CodeIgniter\Debug\Exceptions->errorHandler(8, 'Undefined varia...', 'C:\\xampp2\\htdoc...', 20, Array)
#1 C:\xampp2\htdocs\resto\system\View\View.php(210): include('C:\\xampp2\\htdoc...')
#2 C:\xampp2\htdocs\resto\system\View\View.php(213): CodeIgniter\View\View->CodeIgniter\View\{closure}()
#3 C:\xampp2\htdocs\resto\system\Common.php(1089): CodeIgniter\View\View->render('menu/editmenu', Array, true)
#4 C:\xampp2\htdocs\resto\app\Controllers\Menu.php(55): view('menu/editmenu', Array)
#5 C:\xampp2\htdocs\resto\system\CodeIgniter.php(825): App\Controllers\Menu->ubahmenu()
#6 C:\xampp2\htdocs\resto\system\CodeIgniter.php(412): CodeIgniter\CodeIgniter->runController(Object(App\Controllers\Menu))
#7 C:\xampp2\htdocs\resto\system\CodeIgniter.php(320): CodeIgniter\CodeIgniter->handleRequest(NULL, Object(Config\Cache), false)
#8 C:\xampp2\htdocs\resto\public\index.php(37): CodeIgniter\CodeIgniter->run()
#9 C:\xampp2\htdocs\resto\system\Commands\Server\rewrite.php(43): require_once('C:\\xampp2\\htdoc...')
#10 {main}
ERROR - 2022-03-06 22:42:20 --> Error connecting to the database: No connection could be made because the target machine actively refused it.

CRITICAL - 2022-03-06 22:42:20 --> Unable to connect to the database.
Main connection [MySQLi]: No connection could be made because the target machine actively refused it.

#0 C:\xampp2\htdocs\resto\system\Database\BaseConnection.php(577): CodeIgniter\Database\BaseConnection->initialize()
#1 C:\xampp2\htdocs\resto\system\Database\BaseBuilder.php(1484): CodeIgniter\Database\BaseConnection->query('SELECT COUNT(*)...', NULL, false)
#2 C:\xampp2\htdocs\resto\app\Models\UserModel.php(56): CodeIgniter\Database\BaseBuilder->countAll()
#3 C:\xampp2\htdocs\resto\app\Controllers\Home.php(104): App\Models\UserModel->jumlahUser()
#4 C:\xampp2\htdocs\resto\system\CodeIgniter.php(825): App\Controllers\Home->home()
#5 C:\xampp2\htdocs\resto\system\CodeIgniter.php(412): CodeIgniter\CodeIgniter->runController(Object(App\Controllers\Home))
#6 C:\xampp2\htdocs\resto\system\CodeIgniter.php(320): CodeIgniter\CodeIgniter->handleRequest(NULL, Object(Config\Cache), false)
#7 C:\xampp2\htdocs\resto\public\index.php(37): CodeIgniter\CodeIgniter->run()
#8 C:\xampp2\htdocs\resto\system\Commands\Server\rewrite.php(43): require_once('C:\\xampp2\\htdoc...')
#9 {main}
CRITICAL - 2022-03-06 22:42:20 --> Uncaught ErrorException: print_r(): Property access is not allowed yet in C:\xampp2\htdocs\resto\app\Views\errors\html\error_exception.php:96
Stack trace:
#0 [internal function]: CodeIgniter\Debug\Exceptions->errorHandler(2, 'print_r(): Prop...', 'C:\\xampp2\\htdoc...', 96, Array)
#1 C:\xampp2\htdocs\resto\app\Views\errors\html\error_exception.php(96): print_r(Object(App\Controllers\Home), true)
#2 C:\xampp2\htdocs\resto\system\Debug\Exceptions.php(234): include('C:\\xampp2\\htdoc...')
#3 C:\xampp2\htdocs\resto\system\Debug\Exceptions.php(237): CodeIgniter\Debug\Exceptions->CodeIgniter\Debug\{closure}()
#4 C:\xampp2\htdocs\resto\system\Debug\Exceptions.php(121): CodeIgniter\Debug\Exceptions->render(Object(CodeIgniter\Database\Exceptions\DatabaseException), 500)
#5 [internal function]: CodeIgniter\Debug\Exceptions->exceptionHandler(Object(CodeIgniter\Database\Exceptions\DatabaseException))
#6 {main}
  thrown
#0 [internal function]: CodeIgniter\Debug\Exceptions->shutdownHandler()
#1 {main}
CRITICAL - 2022-03-06 22:46:24 --> Use of undefined constant menu - assumed 'menu' (this will throw an Error in a future version of PHP)
#0 C:\xampp2\htdocs\resto\app\Views\menu\index.php(38): CodeIgniter\Debug\Exceptions->errorHandler(2, 'Use of undefine...', 'C:\\xampp2\\htdoc...', 38, Array)
#1 C:\xampp2\htdocs\resto\system\View\View.php(210): include('C:\\xampp2\\htdoc...')
#2 C:\xampp2\htdocs\resto\system\View\View.php(213): CodeIgniter\View\View->CodeIgniter\View\{closure}()
#3 C:\xampp2\htdocs\resto\system\Common.php(1089): CodeIgniter\View\View->render('menu/index', Array, true)
#4 C:\xampp2\htdocs\resto\app\Controllers\Menu.php(22): view('menu/index', Array)
#5 C:\xampp2\htdocs\resto\system\CodeIgniter.php(825): App\Controllers\Menu->index()
#6 C:\xampp2\htdocs\resto\system\CodeIgniter.php(412): CodeIgniter\CodeIgniter->runController(Object(App\Controllers\Menu))
#7 C:\xampp2\htdocs\resto\system\CodeIgniter.php(320): CodeIgniter\CodeIgniter->handleRequest(NULL, Object(Config\Cache), false)
#8 C:\xampp2\htdocs\resto\public\index.php(37): CodeIgniter\CodeIgniter->run()
#9 C:\xampp2\htdocs\resto\system\Commands\Server\rewrite.php(43): require_once('C:\\xampp2\\htdoc...')
#10 {main}
CRITICAL - 2022-03-06 22:47:33 --> Undefined variable: datamenu
#0 C:\xampp2\htdocs\resto\app\Views\menu\editmenu.php(20): CodeIgniter\Debug\Exceptions->errorHandler(8, 'Undefined varia...', 'C:\\xampp2\\htdoc...', 20, Array)
#1 C:\xampp2\htdocs\resto\system\View\View.php(210): include('C:\\xampp2\\htdoc...')
#2 C:\xampp2\htdocs\resto\system\View\View.php(213): CodeIgniter\View\View->CodeIgniter\View\{closure}()
#3 C:\xampp2\htdocs\resto\system\Common.php(1089): CodeIgniter\View\View->render('menu/editmenu', Array, true)
#4 C:\xampp2\htdocs\resto\app\Controllers\Menu.php(55): view('menu/editmenu', Array)
#5 C:\xampp2\htdocs\resto\system\CodeIgniter.php(825): App\Controllers\Menu->ubahmenu()
#6 C:\xampp2\htdocs\resto\system\CodeIgniter.php(412): CodeIgniter\CodeIgniter->runController(Object(App\Controllers\Menu))
#7 C:\xampp2\htdocs\resto\system\CodeIgniter.php(320): CodeIgniter\CodeIgniter->handleRequest(NULL, Object(Config\Cache), false)
#8 C:\xampp2\htdocs\resto\public\index.php(37): CodeIgniter\CodeIgniter->run()
#9 C:\xampp2\htdocs\resto\system\Commands\Server\rewrite.php(43): require_once('C:\\xampp2\\htdoc...')
#10 {main}
