CRITICAL - 2022-02-09 03:24:53 --> Invalid file: home.php
#0 C:\xampp2\htdocs\resto\system\View\View.php(198): CodeIgniter\Exceptions\FrameworkException::forInvalidFile('home.php')
#1 C:\xampp2\htdocs\resto\system\Common.php(1089): CodeIgniter\View\View->render('home', Array, true)
#2 C:\xampp2\htdocs\resto\app\Controllers\Home.php(9): view('home')
#3 C:\xampp2\htdocs\resto\system\CodeIgniter.php(825): App\Controllers\Home->index()
#4 C:\xampp2\htdocs\resto\system\CodeIgniter.php(412): CodeIgniter\CodeIgniter->runController(Object(App\Controllers\Home))
#5 C:\xampp2\htdocs\resto\system\CodeIgniter.php(320): CodeIgniter\CodeIgniter->handleRequest(NULL, Object(Config\Cache), false)
#6 C:\xampp2\htdocs\resto\public\index.php(37): CodeIgniter\CodeIgniter->run()
#7 C:\xampp2\htdocs\resto\system\Commands\Server\rewrite.php(43): require_once('C:\\xampp2\\htdoc...')
#8 {main}
CRITICAL - 2022-02-09 05:08:04 --> Invalid file: login/.php
#0 C:\xampp2\htdocs\resto\system\View\View.php(198): CodeIgniter\Exceptions\FrameworkException::forInvalidFile('login/.php')
#1 C:\xampp2\htdocs\resto\system\Common.php(1089): CodeIgniter\View\View->render('login/', Array, true)
#2 C:\xampp2\htdocs\resto\app\Controllers\Home.php(9): view('login/')
#3 C:\xampp2\htdocs\resto\system\CodeIgniter.php(825): App\Controllers\Home->index()
#4 C:\xampp2\htdocs\resto\system\CodeIgniter.php(412): CodeIgniter\CodeIgniter->runController(Object(App\Controllers\Home))
#5 C:\xampp2\htdocs\resto\system\CodeIgniter.php(320): CodeIgniter\CodeIgniter->handleRequest(NULL, Object(Config\Cache), false)
#6 C:\xampp2\htdocs\resto\public\index.php(37): CodeIgniter\CodeIgniter->run()
#7 C:\xampp2\htdocs\resto\system\Commands\Server\rewrite.php(43): require_once('C:\\xampp2\\htdoc...')
#8 {main}
