ERROR - 2022-03-29 01:10:23 --> Error connecting to the database: No connection could be made because the target machine actively refused it.

CRITICAL - 2022-03-29 01:10:23 --> Unable to connect to the database.
Main connection [MySQLi]: No connection could be made because the target machine actively refused it.

#0 C:\xampp\htdocs\resto\system\Database\BaseConnection.php(577): CodeIgniter\Database\BaseConnection->initialize()
#1 C:\xampp\htdocs\resto\system\Database\BaseBuilder.php(1588): CodeIgniter\Database\BaseConnection->query('SELECT *\nFROM `...', Array, false)
#2 C:\xampp\htdocs\resto\app\Controllers\Login.php(22): CodeIgniter\Database\BaseBuilder->getWhere(Array)
#3 C:\xampp\htdocs\resto\system\CodeIgniter.php(825): App\Controllers\Login->masuk()
#4 C:\xampp\htdocs\resto\system\CodeIgniter.php(412): CodeIgniter\CodeIgniter->runController(Object(App\Controllers\Login))
#5 C:\xampp\htdocs\resto\system\CodeIgniter.php(320): CodeIgniter\CodeIgniter->handleRequest(NULL, Object(Config\Cache), false)
#6 C:\xampp\htdocs\resto\public\index.php(37): CodeIgniter\CodeIgniter->run()
#7 C:\xampp\htdocs\resto\system\Commands\Server\rewrite.php(43): require_once('C:\\xampp\\htdocs...')
#8 {main}
CRITICAL - 2022-03-29 01:10:53 --> Undefined index: username
#0 C:\xampp\htdocs\resto\app\Controllers\Login.php(22): CodeIgniter\Debug\Exceptions->errorHandler(8, 'Undefined index...', 'C:\\xampp\\htdocs...', 22, Array)
#1 C:\xampp\htdocs\resto\system\CodeIgniter.php(825): App\Controllers\Login->masuk()
#2 C:\xampp\htdocs\resto\system\CodeIgniter.php(412): CodeIgniter\CodeIgniter->runController(Object(App\Controllers\Login))
#3 C:\xampp\htdocs\resto\system\CodeIgniter.php(320): CodeIgniter\CodeIgniter->handleRequest(NULL, Object(Config\Cache), false)
#4 C:\xampp\htdocs\resto\public\index.php(37): CodeIgniter\CodeIgniter->run()
#5 C:\xampp\htdocs\resto\system\Commands\Server\rewrite.php(43): require_once('C:\\xampp\\htdocs...')
#6 {main}
ERROR - 2022-03-29 02:30:00 --> Error connecting to the database: No connection could be made because the target machine actively refused it.

CRITICAL - 2022-03-29 02:30:00 --> Unable to connect to the database.
Main connection [MySQLi]: No connection could be made because the target machine actively refused it.

#0 C:\xampp\htdocs\resto\system\Database\BaseConnection.php(577): CodeIgniter\Database\BaseConnection->initialize()
#1 C:\xampp\htdocs\resto\system\Database\BaseBuilder.php(1484): CodeIgniter\Database\BaseConnection->query('SELECT COUNT(*)...', NULL, false)
#2 C:\xampp\htdocs\resto\app\Models\UserModel.php(56): CodeIgniter\Database\BaseBuilder->countAll()
#3 C:\xampp\htdocs\resto\app\Controllers\Home.php(34): App\Models\UserModel->jumlahUser()
#4 C:\xampp\htdocs\resto\system\CodeIgniter.php(825): App\Controllers\Home->index()
#5 C:\xampp\htdocs\resto\system\CodeIgniter.php(412): CodeIgniter\CodeIgniter->runController(Object(App\Controllers\Home))
#6 C:\xampp\htdocs\resto\system\CodeIgniter.php(320): CodeIgniter\CodeIgniter->handleRequest(NULL, Object(Config\Cache), false)
#7 C:\xampp\htdocs\resto\public\index.php(37): CodeIgniter\CodeIgniter->run()
#8 C:\xampp\htdocs\resto\system\Commands\Server\rewrite.php(43): require_once('C:\\xampp\\htdocs...')
#9 {main}
ERROR - 2022-03-29 08:03:59 --> Error connecting to the database: No connection could be made because the target machine actively refused it.

CRITICAL - 2022-03-29 08:03:59 --> Unable to connect to the database.
Main connection [MySQLi]: No connection could be made because the target machine actively refused it.

#0 C:\xampp\htdocs\resto\system\Database\BaseConnection.php(577): CodeIgniter\Database\BaseConnection->initialize()
#1 C:\xampp\htdocs\resto\system\Database\BaseBuilder.php(1588): CodeIgniter\Database\BaseConnection->query('SELECT *\nFROM `...', Array, false)
#2 C:\xampp\htdocs\resto\app\Controllers\Login.php(22): CodeIgniter\Database\BaseBuilder->getWhere(Array)
#3 C:\xampp\htdocs\resto\system\CodeIgniter.php(825): App\Controllers\Login->masuk()
#4 C:\xampp\htdocs\resto\system\CodeIgniter.php(412): CodeIgniter\CodeIgniter->runController(Object(App\Controllers\Login))
#5 C:\xampp\htdocs\resto\system\CodeIgniter.php(320): CodeIgniter\CodeIgniter->handleRequest(NULL, Object(Config\Cache), false)
#6 C:\xampp\htdocs\resto\public\index.php(37): CodeIgniter\CodeIgniter->run()
#7 C:\xampp\htdocs\resto\system\Commands\Server\rewrite.php(43): require_once('C:\\xampp\\htdocs...')
#8 {main}
CRITICAL - 2022-03-29 08:04:12 --> Undefined index: username
#0 C:\xampp\htdocs\resto\app\Controllers\Login.php(22): CodeIgniter\Debug\Exceptions->errorHandler(8, 'Undefined index...', 'C:\\xampp\\htdocs...', 22, Array)
#1 C:\xampp\htdocs\resto\system\CodeIgniter.php(825): App\Controllers\Login->masuk()
#2 C:\xampp\htdocs\resto\system\CodeIgniter.php(412): CodeIgniter\CodeIgniter->runController(Object(App\Controllers\Login))
#3 C:\xampp\htdocs\resto\system\CodeIgniter.php(320): CodeIgniter\CodeIgniter->handleRequest(NULL, Object(Config\Cache), false)
#4 C:\xampp\htdocs\resto\public\index.php(37): CodeIgniter\CodeIgniter->run()
#5 C:\xampp\htdocs\resto\system\Commands\Server\rewrite.php(43): require_once('C:\\xampp\\htdocs...')
#6 {main}
