ERROR - 2022-03-27 00:00:13 --> Unknown column 'masakan.id_masakan' in 'on clause'
CRITICAL - 2022-03-27 00:00:13 --> Unknown column 'masakan.id_masakan' in 'on clause'
#0 C:\xampp\htdocs\resto\system\Database\MySQLi\Connection.php(292): mysqli->query('SELECT COUNT(*)...', 0)
#1 C:\xampp\htdocs\resto\system\Database\BaseConnection.php(670): CodeIgniter\Database\MySQLi\Connection->execute('SELECT COUNT(*)...')
#2 C:\xampp\htdocs\resto\system\Database\BaseConnection.php(598): CodeIgniter\Database\BaseConnection->simpleQuery('SELECT COUNT(*)...')
#3 C:\xampp\htdocs\resto\system\Database\BaseBuilder.php(1455): CodeIgniter\Database\BaseConnection->query('SELECT COUNT(*)...', Array, false)
#4 C:\xampp\htdocs\resto\app\Models\DetailOrder.php(72): CodeIgniter\Database\BaseBuilder->get()
#5 C:\xampp\htdocs\resto\app\Views\order\index.php(46): App\Models\DetailOrder->getDataIdBayar('3')
#6 C:\xampp\htdocs\resto\system\View\View.php(210): include('C:\\xampp\\htdocs...')
#7 C:\xampp\htdocs\resto\system\View\View.php(213): CodeIgniter\View\View->CodeIgniter\View\{closure}()
#8 C:\xampp\htdocs\resto\system\Common.php(1089): CodeIgniter\View\View->render('order/index', Array, true)
#9 C:\xampp\htdocs\resto\app\Controllers\Order.php(34): view('order/index', Array)
#10 C:\xampp\htdocs\resto\system\CodeIgniter.php(825): App\Controllers\Order->index()
#11 C:\xampp\htdocs\resto\system\CodeIgniter.php(412): CodeIgniter\CodeIgniter->runController(Object(App\Controllers\Order))
#12 C:\xampp\htdocs\resto\system\CodeIgniter.php(320): CodeIgniter\CodeIgniter->handleRequest(NULL, Object(Config\Cache), false)
#13 C:\xampp\htdocs\resto\public\index.php(37): CodeIgniter\CodeIgniter->run()
#14 C:\xampp\htdocs\resto\system\Commands\Server\rewrite.php(43): require_once('C:\\xampp\\htdocs...')
#15 {main}
ERROR - 2022-03-27 00:00:18 --> Unknown column 'masakan.id_masakan' in 'on clause'
CRITICAL - 2022-03-27 00:00:18 --> Unknown column 'masakan.id_masakan' in 'on clause'
#0 C:\xampp\htdocs\resto\system\Database\MySQLi\Connection.php(292): mysqli->query('SELECT COUNT(*)...', 0)
#1 C:\xampp\htdocs\resto\system\Database\BaseConnection.php(670): CodeIgniter\Database\MySQLi\Connection->execute('SELECT COUNT(*)...')
#2 C:\xampp\htdocs\resto\system\Database\BaseConnection.php(598): CodeIgniter\Database\BaseConnection->simpleQuery('SELECT COUNT(*)...')
#3 C:\xampp\htdocs\resto\system\Database\BaseBuilder.php(1455): CodeIgniter\Database\BaseConnection->query('SELECT COUNT(*)...', Array, false)
#4 C:\xampp\htdocs\resto\app\Models\DetailOrder.php(72): CodeIgniter\Database\BaseBuilder->get()
#5 C:\xampp\htdocs\resto\app\Views\order\index.php(46): App\Models\DetailOrder->getDataIdBayar('3')
#6 C:\xampp\htdocs\resto\system\View\View.php(210): include('C:\\xampp\\htdocs...')
#7 C:\xampp\htdocs\resto\system\View\View.php(213): CodeIgniter\View\View->CodeIgniter\View\{closure}()
#8 C:\xampp\htdocs\resto\system\Common.php(1089): CodeIgniter\View\View->render('order/index', Array, true)
#9 C:\xampp\htdocs\resto\app\Controllers\Order.php(34): view('order/index', Array)
#10 C:\xampp\htdocs\resto\system\CodeIgniter.php(825): App\Controllers\Order->index()
#11 C:\xampp\htdocs\resto\system\CodeIgniter.php(412): CodeIgniter\CodeIgniter->runController(Object(App\Controllers\Order))
#12 C:\xampp\htdocs\resto\system\CodeIgniter.php(320): CodeIgniter\CodeIgniter->handleRequest(NULL, Object(Config\Cache), false)
#13 C:\xampp\htdocs\resto\public\index.php(37): CodeIgniter\CodeIgniter->run()
#14 C:\xampp\htdocs\resto\system\Commands\Server\rewrite.php(43): require_once('C:\\xampp\\htdocs...')
#15 {main}
ERROR - 2022-03-27 00:01:01 --> Unknown column 'masakan.id_masakan' in 'on clause'
CRITICAL - 2022-03-27 00:01:01 --> Unknown column 'masakan.id_masakan' in 'on clause'
#0 C:\xampp\htdocs\resto\system\Database\MySQLi\Connection.php(292): mysqli->query('SELECT COUNT(*)...', 0)
#1 C:\xampp\htdocs\resto\system\Database\BaseConnection.php(670): CodeIgniter\Database\MySQLi\Connection->execute('SELECT COUNT(*)...')
#2 C:\xampp\htdocs\resto\system\Database\BaseConnection.php(598): CodeIgniter\Database\BaseConnection->simpleQuery('SELECT COUNT(*)...')
#3 C:\xampp\htdocs\resto\system\Database\BaseBuilder.php(1455): CodeIgniter\Database\BaseConnection->query('SELECT COUNT(*)...', Array, false)
#4 C:\xampp\htdocs\resto\app\Models\DetailOrder.php(72): CodeIgniter\Database\BaseBuilder->get()
#5 C:\xampp\htdocs\resto\app\Views\order\index.php(46): App\Models\DetailOrder->getDataIdBayar('3')
#6 C:\xampp\htdocs\resto\system\View\View.php(210): include('C:\\xampp\\htdocs...')
#7 C:\xampp\htdocs\resto\system\View\View.php(213): CodeIgniter\View\View->CodeIgniter\View\{closure}()
#8 C:\xampp\htdocs\resto\system\Common.php(1089): CodeIgniter\View\View->render('order/index', Array, true)
#9 C:\xampp\htdocs\resto\app\Controllers\Order.php(34): view('order/index', Array)
#10 C:\xampp\htdocs\resto\system\CodeIgniter.php(825): App\Controllers\Order->index()
#11 C:\xampp\htdocs\resto\system\CodeIgniter.php(412): CodeIgniter\CodeIgniter->runController(Object(App\Controllers\Order))
#12 C:\xampp\htdocs\resto\system\CodeIgniter.php(320): CodeIgniter\CodeIgniter->handleRequest(NULL, Object(Config\Cache), false)
#13 C:\xampp\htdocs\resto\public\index.php(37): CodeIgniter\CodeIgniter->run()
#14 C:\xampp\htdocs\resto\system\Commands\Server\rewrite.php(43): require_once('C:\\xampp\\htdocs...')
#15 {main}
ERROR - 2022-03-27 00:01:07 --> Unknown column 'masakan.id_masakan' in 'on clause'
CRITICAL - 2022-03-27 00:01:07 --> Unknown column 'masakan.id_masakan' in 'on clause'
#0 C:\xampp\htdocs\resto\system\Database\MySQLi\Connection.php(292): mysqli->query('SELECT COUNT(*)...', 0)
#1 C:\xampp\htdocs\resto\system\Database\BaseConnection.php(670): CodeIgniter\Database\MySQLi\Connection->execute('SELECT COUNT(*)...')
#2 C:\xampp\htdocs\resto\system\Database\BaseConnection.php(598): CodeIgniter\Database\BaseConnection->simpleQuery('SELECT COUNT(*)...')
#3 C:\xampp\htdocs\resto\system\Database\BaseBuilder.php(1455): CodeIgniter\Database\BaseConnection->query('SELECT COUNT(*)...', Array, false)
#4 C:\xampp\htdocs\resto\app\Models\DetailOrder.php(72): CodeIgniter\Database\BaseBuilder->get()
#5 C:\xampp\htdocs\resto\app\Views\order\index.php(46): App\Models\DetailOrder->getDataIdBayar('12')
#6 C:\xampp\htdocs\resto\system\View\View.php(210): include('C:\\xampp\\htdocs...')
#7 C:\xampp\htdocs\resto\system\View\View.php(213): CodeIgniter\View\View->CodeIgniter\View\{closure}()
#8 C:\xampp\htdocs\resto\system\Common.php(1089): CodeIgniter\View\View->render('order/index', Array, true)
#9 C:\xampp\htdocs\resto\app\Controllers\Order.php(34): view('order/index', Array)
#10 C:\xampp\htdocs\resto\system\CodeIgniter.php(825): App\Controllers\Order->index()
#11 C:\xampp\htdocs\resto\system\CodeIgniter.php(412): CodeIgniter\CodeIgniter->runController(Object(App\Controllers\Order))
#12 C:\xampp\htdocs\resto\system\CodeIgniter.php(320): CodeIgniter\CodeIgniter->handleRequest(NULL, Object(Config\Cache), false)
#13 C:\xampp\htdocs\resto\public\index.php(37): CodeIgniter\CodeIgniter->run()
#14 C:\xampp\htdocs\resto\system\Commands\Server\rewrite.php(43): require_once('C:\\xampp\\htdocs...')
#15 {main}
ERROR - 2022-03-27 00:01:48 --> Unknown column 'masakan.id_masakan' in 'on clause'
CRITICAL - 2022-03-27 00:01:48 --> Unknown column 'masakan.id_masakan' in 'on clause'
#0 C:\xampp\htdocs\resto\system\Database\MySQLi\Connection.php(292): mysqli->query('SELECT COUNT(*)...', 0)
#1 C:\xampp\htdocs\resto\system\Database\BaseConnection.php(670): CodeIgniter\Database\MySQLi\Connection->execute('SELECT COUNT(*)...')
#2 C:\xampp\htdocs\resto\system\Database\BaseConnection.php(598): CodeIgniter\Database\BaseConnection->simpleQuery('SELECT COUNT(*)...')
#3 C:\xampp\htdocs\resto\system\Database\BaseBuilder.php(1455): CodeIgniter\Database\BaseConnection->query('SELECT COUNT(*)...', Array, false)
#4 C:\xampp\htdocs\resto\app\Models\DetailOrder.php(72): CodeIgniter\Database\BaseBuilder->get()
#5 C:\xampp\htdocs\resto\app\Views\order\index.php(46): App\Models\DetailOrder->getDataIdBayar('12')
#6 C:\xampp\htdocs\resto\system\View\View.php(210): include('C:\\xampp\\htdocs...')
#7 C:\xampp\htdocs\resto\system\View\View.php(213): CodeIgniter\View\View->CodeIgniter\View\{closure}()
#8 C:\xampp\htdocs\resto\system\Common.php(1089): CodeIgniter\View\View->render('order/index', Array, true)
#9 C:\xampp\htdocs\resto\app\Controllers\Order.php(34): view('order/index', Array)
#10 C:\xampp\htdocs\resto\system\CodeIgniter.php(825): App\Controllers\Order->index()
#11 C:\xampp\htdocs\resto\system\CodeIgniter.php(412): CodeIgniter\CodeIgniter->runController(Object(App\Controllers\Order))
#12 C:\xampp\htdocs\resto\system\CodeIgniter.php(320): CodeIgniter\CodeIgniter->handleRequest(NULL, Object(Config\Cache), false)
#13 C:\xampp\htdocs\resto\public\index.php(37): CodeIgniter\CodeIgniter->run()
#14 C:\xampp\htdocs\resto\system\Commands\Server\rewrite.php(43): require_once('C:\\xampp\\htdocs...')
#15 {main}
ERROR - 2022-03-27 00:01:56 --> Unknown column 'masakan.id_masakan' in 'on clause'
CRITICAL - 2022-03-27 00:01:56 --> Unknown column 'masakan.id_masakan' in 'on clause'
#0 C:\xampp\htdocs\resto\system\Database\MySQLi\Connection.php(292): mysqli->query('SELECT COUNT(*)...', 0)
#1 C:\xampp\htdocs\resto\system\Database\BaseConnection.php(670): CodeIgniter\Database\MySQLi\Connection->execute('SELECT COUNT(*)...')
#2 C:\xampp\htdocs\resto\system\Database\BaseConnection.php(598): CodeIgniter\Database\BaseConnection->simpleQuery('SELECT COUNT(*)...')
#3 C:\xampp\htdocs\resto\system\Database\BaseBuilder.php(1455): CodeIgniter\Database\BaseConnection->query('SELECT COUNT(*)...', Array, false)
#4 C:\xampp\htdocs\resto\app\Models\DetailOrder.php(72): CodeIgniter\Database\BaseBuilder->get()
#5 C:\xampp\htdocs\resto\app\Views\order\index.php(46): App\Models\DetailOrder->getDataIdBayar('12')
#6 C:\xampp\htdocs\resto\system\View\View.php(210): include('C:\\xampp\\htdocs...')
#7 C:\xampp\htdocs\resto\system\View\View.php(213): CodeIgniter\View\View->CodeIgniter\View\{closure}()
#8 C:\xampp\htdocs\resto\system\Common.php(1089): CodeIgniter\View\View->render('order/index', Array, true)
#9 C:\xampp\htdocs\resto\app\Controllers\Order.php(34): view('order/index', Array)
#10 C:\xampp\htdocs\resto\system\CodeIgniter.php(825): App\Controllers\Order->index()
#11 C:\xampp\htdocs\resto\system\CodeIgniter.php(412): CodeIgniter\CodeIgniter->runController(Object(App\Controllers\Order))
#12 C:\xampp\htdocs\resto\system\CodeIgniter.php(320): CodeIgniter\CodeIgniter->handleRequest(NULL, Object(Config\Cache), false)
#13 C:\xampp\htdocs\resto\public\index.php(37): CodeIgniter\CodeIgniter->run()
#14 C:\xampp\htdocs\resto\system\Commands\Server\rewrite.php(43): require_once('C:\\xampp\\htdocs...')
#15 {main}
ERROR - 2022-03-27 00:02:44 --> Unknown column 'masakan.id_masakan' in 'on clause'
CRITICAL - 2022-03-27 00:02:44 --> Unknown column 'masakan.id_masakan' in 'on clause'
#0 C:\xampp\htdocs\resto\system\Database\MySQLi\Connection.php(292): mysqli->query('SELECT COUNT(*)...', 0)
#1 C:\xampp\htdocs\resto\system\Database\BaseConnection.php(670): CodeIgniter\Database\MySQLi\Connection->execute('SELECT COUNT(*)...')
#2 C:\xampp\htdocs\resto\system\Database\BaseConnection.php(598): CodeIgniter\Database\BaseConnection->simpleQuery('SELECT COUNT(*)...')
#3 C:\xampp\htdocs\resto\system\Database\BaseBuilder.php(1455): CodeIgniter\Database\BaseConnection->query('SELECT COUNT(*)...', Array, false)
#4 C:\xampp\htdocs\resto\app\Models\DetailOrder.php(72): CodeIgniter\Database\BaseBuilder->get()
#5 C:\xampp\htdocs\resto\app\Views\order\index.php(46): App\Models\DetailOrder->getDataIdBayar('12')
#6 C:\xampp\htdocs\resto\system\View\View.php(210): include('C:\\xampp\\htdocs...')
#7 C:\xampp\htdocs\resto\system\View\View.php(213): CodeIgniter\View\View->CodeIgniter\View\{closure}()
#8 C:\xampp\htdocs\resto\system\Common.php(1089): CodeIgniter\View\View->render('order/index', Array, true)
#9 C:\xampp\htdocs\resto\app\Controllers\Order.php(34): view('order/index', Array)
#10 C:\xampp\htdocs\resto\system\CodeIgniter.php(825): App\Controllers\Order->index()
#11 C:\xampp\htdocs\resto\system\CodeIgniter.php(412): CodeIgniter\CodeIgniter->runController(Object(App\Controllers\Order))
#12 C:\xampp\htdocs\resto\system\CodeIgniter.php(320): CodeIgniter\CodeIgniter->handleRequest(NULL, Object(Config\Cache), false)
#13 C:\xampp\htdocs\resto\public\index.php(37): CodeIgniter\CodeIgniter->run()
#14 C:\xampp\htdocs\resto\system\Commands\Server\rewrite.php(43): require_once('C:\\xampp\\htdocs...')
#15 {main}
ERROR - 2022-03-27 00:02:51 --> Unknown column 'masakan.id_masakan' in 'on clause'
CRITICAL - 2022-03-27 00:02:51 --> Unknown column 'masakan.id_masakan' in 'on clause'
#0 C:\xampp\htdocs\resto\system\Database\MySQLi\Connection.php(292): mysqli->query('SELECT COUNT(*)...', 0)
#1 C:\xampp\htdocs\resto\system\Database\BaseConnection.php(670): CodeIgniter\Database\MySQLi\Connection->execute('SELECT COUNT(*)...')
#2 C:\xampp\htdocs\resto\system\Database\BaseConnection.php(598): CodeIgniter\Database\BaseConnection->simpleQuery('SELECT COUNT(*)...')
#3 C:\xampp\htdocs\resto\system\Database\BaseBuilder.php(1455): CodeIgniter\Database\BaseConnection->query('SELECT COUNT(*)...', Array, false)
#4 C:\xampp\htdocs\resto\app\Models\DetailOrder.php(72): CodeIgniter\Database\BaseBuilder->get()
#5 C:\xampp\htdocs\resto\app\Views\order\index.php(46): App\Models\DetailOrder->getDataIdBayar('12')
#6 C:\xampp\htdocs\resto\system\View\View.php(210): include('C:\\xampp\\htdocs...')
#7 C:\xampp\htdocs\resto\system\View\View.php(213): CodeIgniter\View\View->CodeIgniter\View\{closure}()
#8 C:\xampp\htdocs\resto\system\Common.php(1089): CodeIgniter\View\View->render('order/index', Array, true)
#9 C:\xampp\htdocs\resto\app\Controllers\Order.php(34): view('order/index', Array)
#10 C:\xampp\htdocs\resto\system\CodeIgniter.php(825): App\Controllers\Order->index()
#11 C:\xampp\htdocs\resto\system\CodeIgniter.php(412): CodeIgniter\CodeIgniter->runController(Object(App\Controllers\Order))
#12 C:\xampp\htdocs\resto\system\CodeIgniter.php(320): CodeIgniter\CodeIgniter->handleRequest(NULL, Object(Config\Cache), false)
#13 C:\xampp\htdocs\resto\public\index.php(37): CodeIgniter\CodeIgniter->run()
#14 C:\xampp\htdocs\resto\system\Commands\Server\rewrite.php(43): require_once('C:\\xampp\\htdocs...')
#15 {main}
ERROR - 2022-03-27 00:03:01 --> Unknown column 'masakan.id_masakan' in 'on clause'
CRITICAL - 2022-03-27 00:03:01 --> Unknown column 'masakan.id_masakan' in 'on clause'
#0 C:\xampp\htdocs\resto\system\Database\MySQLi\Connection.php(292): mysqli->query('SELECT COUNT(*)...', 0)
#1 C:\xampp\htdocs\resto\system\Database\BaseConnection.php(670): CodeIgniter\Database\MySQLi\Connection->execute('SELECT COUNT(*)...')
#2 C:\xampp\htdocs\resto\system\Database\BaseConnection.php(598): CodeIgniter\Database\BaseConnection->simpleQuery('SELECT COUNT(*)...')
#3 C:\xampp\htdocs\resto\system\Database\BaseBuilder.php(1455): CodeIgniter\Database\BaseConnection->query('SELECT COUNT(*)...', Array, false)
#4 C:\xampp\htdocs\resto\app\Models\DetailOrder.php(72): CodeIgniter\Database\BaseBuilder->get()
#5 C:\xampp\htdocs\resto\app\Views\order\index.php(46): App\Models\DetailOrder->getDataIdBayar('12')
#6 C:\xampp\htdocs\resto\system\View\View.php(210): include('C:\\xampp\\htdocs...')
#7 C:\xampp\htdocs\resto\system\View\View.php(213): CodeIgniter\View\View->CodeIgniter\View\{closure}()
#8 C:\xampp\htdocs\resto\system\Common.php(1089): CodeIgniter\View\View->render('order/index', Array, true)
#9 C:\xampp\htdocs\resto\app\Controllers\Order.php(34): view('order/index', Array)
#10 C:\xampp\htdocs\resto\system\CodeIgniter.php(825): App\Controllers\Order->index()
#11 C:\xampp\htdocs\resto\system\CodeIgniter.php(412): CodeIgniter\CodeIgniter->runController(Object(App\Controllers\Order))
#12 C:\xampp\htdocs\resto\system\CodeIgniter.php(320): CodeIgniter\CodeIgniter->handleRequest(NULL, Object(Config\Cache), false)
#13 C:\xampp\htdocs\resto\public\index.php(37): CodeIgniter\CodeIgniter->run()
#14 C:\xampp\htdocs\resto\system\Commands\Server\rewrite.php(43): require_once('C:\\xampp\\htdocs...')
#15 {main}
ERROR - 2022-03-27 00:03:47 --> Unknown column 'masakan.id_masakan' in 'on clause'
CRITICAL - 2022-03-27 00:03:47 --> Unknown column 'masakan.id_masakan' in 'on clause'
#0 C:\xampp\htdocs\resto\system\Database\MySQLi\Connection.php(292): mysqli->query('SELECT COUNT(*)...', 0)
#1 C:\xampp\htdocs\resto\system\Database\BaseConnection.php(670): CodeIgniter\Database\MySQLi\Connection->execute('SELECT COUNT(*)...')
#2 C:\xampp\htdocs\resto\system\Database\BaseConnection.php(598): CodeIgniter\Database\BaseConnection->simpleQuery('SELECT COUNT(*)...')
#3 C:\xampp\htdocs\resto\system\Database\BaseBuilder.php(1455): CodeIgniter\Database\BaseConnection->query('SELECT COUNT(*)...', Array, false)
#4 C:\xampp\htdocs\resto\app\Models\DetailOrder.php(72): CodeIgniter\Database\BaseBuilder->get()
#5 C:\xampp\htdocs\resto\app\Views\order\index.php(46): App\Models\DetailOrder->getDataIdBayar('12')
#6 C:\xampp\htdocs\resto\system\View\View.php(210): include('C:\\xampp\\htdocs...')
#7 C:\xampp\htdocs\resto\system\View\View.php(213): CodeIgniter\View\View->CodeIgniter\View\{closure}()
#8 C:\xampp\htdocs\resto\system\Common.php(1089): CodeIgniter\View\View->render('order/index', Array, true)
#9 C:\xampp\htdocs\resto\app\Controllers\Order.php(34): view('order/index', Array)
#10 C:\xampp\htdocs\resto\system\CodeIgniter.php(825): App\Controllers\Order->index()
#11 C:\xampp\htdocs\resto\system\CodeIgniter.php(412): CodeIgniter\CodeIgniter->runController(Object(App\Controllers\Order))
#12 C:\xampp\htdocs\resto\system\CodeIgniter.php(320): CodeIgniter\CodeIgniter->handleRequest(NULL, Object(Config\Cache), false)
#13 C:\xampp\htdocs\resto\public\index.php(37): CodeIgniter\CodeIgniter->run()
#14 C:\xampp\htdocs\resto\system\Commands\Server\rewrite.php(43): require_once('C:\\xampp\\htdocs...')
#15 {main}
ERROR - 2022-03-27 00:03:50 --> Unknown column 'masakan.id_masakan' in 'on clause'
CRITICAL - 2022-03-27 00:03:50 --> Unknown column 'masakan.id_masakan' in 'on clause'
#0 C:\xampp\htdocs\resto\system\Database\MySQLi\Connection.php(292): mysqli->query('SELECT COUNT(*)...', 0)
#1 C:\xampp\htdocs\resto\system\Database\BaseConnection.php(670): CodeIgniter\Database\MySQLi\Connection->execute('SELECT COUNT(*)...')
#2 C:\xampp\htdocs\resto\system\Database\BaseConnection.php(598): CodeIgniter\Database\BaseConnection->simpleQuery('SELECT COUNT(*)...')
#3 C:\xampp\htdocs\resto\system\Database\BaseBuilder.php(1455): CodeIgniter\Database\BaseConnection->query('SELECT COUNT(*)...', Array, false)
#4 C:\xampp\htdocs\resto\app\Models\DetailOrder.php(72): CodeIgniter\Database\BaseBuilder->get()
#5 C:\xampp\htdocs\resto\app\Views\order\index.php(46): App\Models\DetailOrder->getDataIdBayar('12')
#6 C:\xampp\htdocs\resto\system\View\View.php(210): include('C:\\xampp\\htdocs...')
#7 C:\xampp\htdocs\resto\system\View\View.php(213): CodeIgniter\View\View->CodeIgniter\View\{closure}()
#8 C:\xampp\htdocs\resto\system\Common.php(1089): CodeIgniter\View\View->render('order/index', Array, true)
#9 C:\xampp\htdocs\resto\app\Controllers\Order.php(34): view('order/index', Array)
#10 C:\xampp\htdocs\resto\system\CodeIgniter.php(825): App\Controllers\Order->index()
#11 C:\xampp\htdocs\resto\system\CodeIgniter.php(412): CodeIgniter\CodeIgniter->runController(Object(App\Controllers\Order))
#12 C:\xampp\htdocs\resto\system\CodeIgniter.php(320): CodeIgniter\CodeIgniter->handleRequest(NULL, Object(Config\Cache), false)
#13 C:\xampp\htdocs\resto\public\index.php(37): CodeIgniter\CodeIgniter->run()
#14 C:\xampp\htdocs\resto\system\Commands\Server\rewrite.php(43): require_once('C:\\xampp\\htdocs...')
#15 {main}
ERROR - 2022-03-27 00:03:51 --> Unknown column 'masakan.id_masakan' in 'on clause'
CRITICAL - 2022-03-27 00:03:51 --> Unknown column 'masakan.id_masakan' in 'on clause'
#0 C:\xampp\htdocs\resto\system\Database\MySQLi\Connection.php(292): mysqli->query('SELECT COUNT(*)...', 0)
#1 C:\xampp\htdocs\resto\system\Database\BaseConnection.php(670): CodeIgniter\Database\MySQLi\Connection->execute('SELECT COUNT(*)...')
#2 C:\xampp\htdocs\resto\system\Database\BaseConnection.php(598): CodeIgniter\Database\BaseConnection->simpleQuery('SELECT COUNT(*)...')
#3 C:\xampp\htdocs\resto\system\Database\BaseBuilder.php(1455): CodeIgniter\Database\BaseConnection->query('SELECT COUNT(*)...', Array, false)
#4 C:\xampp\htdocs\resto\app\Models\DetailOrder.php(72): CodeIgniter\Database\BaseBuilder->get()
#5 C:\xampp\htdocs\resto\app\Views\order\index.php(46): App\Models\DetailOrder->getDataIdBayar('12')
#6 C:\xampp\htdocs\resto\system\View\View.php(210): include('C:\\xampp\\htdocs...')
#7 C:\xampp\htdocs\resto\system\View\View.php(213): CodeIgniter\View\View->CodeIgniter\View\{closure}()
#8 C:\xampp\htdocs\resto\system\Common.php(1089): CodeIgniter\View\View->render('order/index', Array, true)
#9 C:\xampp\htdocs\resto\app\Controllers\Order.php(34): view('order/index', Array)
#10 C:\xampp\htdocs\resto\system\CodeIgniter.php(825): App\Controllers\Order->index()
#11 C:\xampp\htdocs\resto\system\CodeIgniter.php(412): CodeIgniter\CodeIgniter->runController(Object(App\Controllers\Order))
#12 C:\xampp\htdocs\resto\system\CodeIgniter.php(320): CodeIgniter\CodeIgniter->handleRequest(NULL, Object(Config\Cache), false)
#13 C:\xampp\htdocs\resto\public\index.php(37): CodeIgniter\CodeIgniter->run()
#14 C:\xampp\htdocs\resto\system\Commands\Server\rewrite.php(43): require_once('C:\\xampp\\htdocs...')
#15 {main}
ERROR - 2022-03-27 00:03:52 --> Unknown column 'masakan.id_masakan' in 'on clause'
CRITICAL - 2022-03-27 00:03:52 --> Unknown column 'masakan.id_masakan' in 'on clause'
#0 C:\xampp\htdocs\resto\system\Database\MySQLi\Connection.php(292): mysqli->query('SELECT COUNT(*)...', 0)
#1 C:\xampp\htdocs\resto\system\Database\BaseConnection.php(670): CodeIgniter\Database\MySQLi\Connection->execute('SELECT COUNT(*)...')
#2 C:\xampp\htdocs\resto\system\Database\BaseConnection.php(598): CodeIgniter\Database\BaseConnection->simpleQuery('SELECT COUNT(*)...')
#3 C:\xampp\htdocs\resto\system\Database\BaseBuilder.php(1455): CodeIgniter\Database\BaseConnection->query('SELECT COUNT(*)...', Array, false)
#4 C:\xampp\htdocs\resto\app\Models\DetailOrder.php(72): CodeIgniter\Database\BaseBuilder->get()
#5 C:\xampp\htdocs\resto\app\Views\order\index.php(46): App\Models\DetailOrder->getDataIdBayar('12')
#6 C:\xampp\htdocs\resto\system\View\View.php(210): include('C:\\xampp\\htdocs...')
#7 C:\xampp\htdocs\resto\system\View\View.php(213): CodeIgniter\View\View->CodeIgniter\View\{closure}()
#8 C:\xampp\htdocs\resto\system\Common.php(1089): CodeIgniter\View\View->render('order/index', Array, true)
#9 C:\xampp\htdocs\resto\app\Controllers\Order.php(34): view('order/index', Array)
#10 C:\xampp\htdocs\resto\system\CodeIgniter.php(825): App\Controllers\Order->index()
#11 C:\xampp\htdocs\resto\system\CodeIgniter.php(412): CodeIgniter\CodeIgniter->runController(Object(App\Controllers\Order))
#12 C:\xampp\htdocs\resto\system\CodeIgniter.php(320): CodeIgniter\CodeIgniter->handleRequest(NULL, Object(Config\Cache), false)
#13 C:\xampp\htdocs\resto\public\index.php(37): CodeIgniter\CodeIgniter->run()
#14 C:\xampp\htdocs\resto\system\Commands\Server\rewrite.php(43): require_once('C:\\xampp\\htdocs...')
#15 {main}
ERROR - 2022-03-27 00:03:52 --> Unknown column 'masakan.id_masakan' in 'on clause'
CRITICAL - 2022-03-27 00:03:52 --> Unknown column 'masakan.id_masakan' in 'on clause'
#0 C:\xampp\htdocs\resto\system\Database\MySQLi\Connection.php(292): mysqli->query('SELECT COUNT(*)...', 0)
#1 C:\xampp\htdocs\resto\system\Database\BaseConnection.php(670): CodeIgniter\Database\MySQLi\Connection->execute('SELECT COUNT(*)...')
#2 C:\xampp\htdocs\resto\system\Database\BaseConnection.php(598): CodeIgniter\Database\BaseConnection->simpleQuery('SELECT COUNT(*)...')
#3 C:\xampp\htdocs\resto\system\Database\BaseBuilder.php(1455): CodeIgniter\Database\BaseConnection->query('SELECT COUNT(*)...', Array, false)
#4 C:\xampp\htdocs\resto\app\Models\DetailOrder.php(72): CodeIgniter\Database\BaseBuilder->get()
#5 C:\xampp\htdocs\resto\app\Views\order\index.php(46): App\Models\DetailOrder->getDataIdBayar('12')
#6 C:\xampp\htdocs\resto\system\View\View.php(210): include('C:\\xampp\\htdocs...')
#7 C:\xampp\htdocs\resto\system\View\View.php(213): CodeIgniter\View\View->CodeIgniter\View\{closure}()
#8 C:\xampp\htdocs\resto\system\Common.php(1089): CodeIgniter\View\View->render('order/index', Array, true)
#9 C:\xampp\htdocs\resto\app\Controllers\Order.php(34): view('order/index', Array)
#10 C:\xampp\htdocs\resto\system\CodeIgniter.php(825): App\Controllers\Order->index()
#11 C:\xampp\htdocs\resto\system\CodeIgniter.php(412): CodeIgniter\CodeIgniter->runController(Object(App\Controllers\Order))
#12 C:\xampp\htdocs\resto\system\CodeIgniter.php(320): CodeIgniter\CodeIgniter->handleRequest(NULL, Object(Config\Cache), false)
#13 C:\xampp\htdocs\resto\public\index.php(37): CodeIgniter\CodeIgniter->run()
#14 C:\xampp\htdocs\resto\system\Commands\Server\rewrite.php(43): require_once('C:\\xampp\\htdocs...')
#15 {main}
ERROR - 2022-03-27 00:03:53 --> Unknown column 'masakan.id_masakan' in 'on clause'
CRITICAL - 2022-03-27 00:03:53 --> Unknown column 'masakan.id_masakan' in 'on clause'
#0 C:\xampp\htdocs\resto\system\Database\MySQLi\Connection.php(292): mysqli->query('SELECT COUNT(*)...', 0)
#1 C:\xampp\htdocs\resto\system\Database\BaseConnection.php(670): CodeIgniter\Database\MySQLi\Connection->execute('SELECT COUNT(*)...')
#2 C:\xampp\htdocs\resto\system\Database\BaseConnection.php(598): CodeIgniter\Database\BaseConnection->simpleQuery('SELECT COUNT(*)...')
#3 C:\xampp\htdocs\resto\system\Database\BaseBuilder.php(1455): CodeIgniter\Database\BaseConnection->query('SELECT COUNT(*)...', Array, false)
#4 C:\xampp\htdocs\resto\app\Models\DetailOrder.php(72): CodeIgniter\Database\BaseBuilder->get()
#5 C:\xampp\htdocs\resto\app\Views\order\index.php(46): App\Models\DetailOrder->getDataIdBayar('12')
#6 C:\xampp\htdocs\resto\system\View\View.php(210): include('C:\\xampp\\htdocs...')
#7 C:\xampp\htdocs\resto\system\View\View.php(213): CodeIgniter\View\View->CodeIgniter\View\{closure}()
#8 C:\xampp\htdocs\resto\system\Common.php(1089): CodeIgniter\View\View->render('order/index', Array, true)
#9 C:\xampp\htdocs\resto\app\Controllers\Order.php(34): view('order/index', Array)
#10 C:\xampp\htdocs\resto\system\CodeIgniter.php(825): App\Controllers\Order->index()
#11 C:\xampp\htdocs\resto\system\CodeIgniter.php(412): CodeIgniter\CodeIgniter->runController(Object(App\Controllers\Order))
#12 C:\xampp\htdocs\resto\system\CodeIgniter.php(320): CodeIgniter\CodeIgniter->handleRequest(NULL, Object(Config\Cache), false)
#13 C:\xampp\htdocs\resto\public\index.php(37): CodeIgniter\CodeIgniter->run()
#14 C:\xampp\htdocs\resto\system\Commands\Server\rewrite.php(43): require_once('C:\\xampp\\htdocs...')
#15 {main}
ERROR - 2022-03-27 00:03:53 --> Unknown column 'masakan.id_masakan' in 'on clause'
CRITICAL - 2022-03-27 00:03:53 --> Unknown column 'masakan.id_masakan' in 'on clause'
#0 C:\xampp\htdocs\resto\system\Database\MySQLi\Connection.php(292): mysqli->query('SELECT COUNT(*)...', 0)
#1 C:\xampp\htdocs\resto\system\Database\BaseConnection.php(670): CodeIgniter\Database\MySQLi\Connection->execute('SELECT COUNT(*)...')
#2 C:\xampp\htdocs\resto\system\Database\BaseConnection.php(598): CodeIgniter\Database\BaseConnection->simpleQuery('SELECT COUNT(*)...')
#3 C:\xampp\htdocs\resto\system\Database\BaseBuilder.php(1455): CodeIgniter\Database\BaseConnection->query('SELECT COUNT(*)...', Array, false)
#4 C:\xampp\htdocs\resto\app\Models\DetailOrder.php(72): CodeIgniter\Database\BaseBuilder->get()
#5 C:\xampp\htdocs\resto\app\Views\order\index.php(46): App\Models\DetailOrder->getDataIdBayar('12')
#6 C:\xampp\htdocs\resto\system\View\View.php(210): include('C:\\xampp\\htdocs...')
#7 C:\xampp\htdocs\resto\system\View\View.php(213): CodeIgniter\View\View->CodeIgniter\View\{closure}()
#8 C:\xampp\htdocs\resto\system\Common.php(1089): CodeIgniter\View\View->render('order/index', Array, true)
#9 C:\xampp\htdocs\resto\app\Controllers\Order.php(34): view('order/index', Array)
#10 C:\xampp\htdocs\resto\system\CodeIgniter.php(825): App\Controllers\Order->index()
#11 C:\xampp\htdocs\resto\system\CodeIgniter.php(412): CodeIgniter\CodeIgniter->runController(Object(App\Controllers\Order))
#12 C:\xampp\htdocs\resto\system\CodeIgniter.php(320): CodeIgniter\CodeIgniter->handleRequest(NULL, Object(Config\Cache), false)
#13 C:\xampp\htdocs\resto\public\index.php(37): CodeIgniter\CodeIgniter->run()
#14 C:\xampp\htdocs\resto\system\Commands\Server\rewrite.php(43): require_once('C:\\xampp\\htdocs...')
#15 {main}
ERROR - 2022-03-27 00:03:54 --> Unknown column 'masakan.id_masakan' in 'on clause'
CRITICAL - 2022-03-27 00:03:54 --> Unknown column 'masakan.id_masakan' in 'on clause'
#0 C:\xampp\htdocs\resto\system\Database\MySQLi\Connection.php(292): mysqli->query('SELECT COUNT(*)...', 0)
#1 C:\xampp\htdocs\resto\system\Database\BaseConnection.php(670): CodeIgniter\Database\MySQLi\Connection->execute('SELECT COUNT(*)...')
#2 C:\xampp\htdocs\resto\system\Database\BaseConnection.php(598): CodeIgniter\Database\BaseConnection->simpleQuery('SELECT COUNT(*)...')
#3 C:\xampp\htdocs\resto\system\Database\BaseBuilder.php(1455): CodeIgniter\Database\BaseConnection->query('SELECT COUNT(*)...', Array, false)
#4 C:\xampp\htdocs\resto\app\Models\DetailOrder.php(72): CodeIgniter\Database\BaseBuilder->get()
#5 C:\xampp\htdocs\resto\app\Views\order\index.php(46): App\Models\DetailOrder->getDataIdBayar('12')
#6 C:\xampp\htdocs\resto\system\View\View.php(210): include('C:\\xampp\\htdocs...')
#7 C:\xampp\htdocs\resto\system\View\View.php(213): CodeIgniter\View\View->CodeIgniter\View\{closure}()
#8 C:\xampp\htdocs\resto\system\Common.php(1089): CodeIgniter\View\View->render('order/index', Array, true)
#9 C:\xampp\htdocs\resto\app\Controllers\Order.php(34): view('order/index', Array)
#10 C:\xampp\htdocs\resto\system\CodeIgniter.php(825): App\Controllers\Order->index()
#11 C:\xampp\htdocs\resto\system\CodeIgniter.php(412): CodeIgniter\CodeIgniter->runController(Object(App\Controllers\Order))
#12 C:\xampp\htdocs\resto\system\CodeIgniter.php(320): CodeIgniter\CodeIgniter->handleRequest(NULL, Object(Config\Cache), false)
#13 C:\xampp\htdocs\resto\public\index.php(37): CodeIgniter\CodeIgniter->run()
#14 C:\xampp\htdocs\resto\system\Commands\Server\rewrite.php(43): require_once('C:\\xampp\\htdocs...')
#15 {main}
ERROR - 2022-03-27 00:06:31 --> Unknown column 'masakan.id_masakan' in 'on clause'
CRITICAL - 2022-03-27 00:06:31 --> Unknown column 'masakan.id_masakan' in 'on clause'
#0 C:\xampp\htdocs\resto\system\Database\MySQLi\Connection.php(292): mysqli->query('SELECT COUNT(*)...', 0)
#1 C:\xampp\htdocs\resto\system\Database\BaseConnection.php(670): CodeIgniter\Database\MySQLi\Connection->execute('SELECT COUNT(*)...')
#2 C:\xampp\htdocs\resto\system\Database\BaseConnection.php(598): CodeIgniter\Database\BaseConnection->simpleQuery('SELECT COUNT(*)...')
#3 C:\xampp\htdocs\resto\system\Database\BaseBuilder.php(1455): CodeIgniter\Database\BaseConnection->query('SELECT COUNT(*)...', Array, false)
#4 C:\xampp\htdocs\resto\app\Models\DetailOrder.php(72): CodeIgniter\Database\BaseBuilder->get()
#5 C:\xampp\htdocs\resto\app\Views\order\index.php(46): App\Models\DetailOrder->getDataIdBayar('12')
#6 C:\xampp\htdocs\resto\system\View\View.php(210): include('C:\\xampp\\htdocs...')
#7 C:\xampp\htdocs\resto\system\View\View.php(213): CodeIgniter\View\View->CodeIgniter\View\{closure}()
#8 C:\xampp\htdocs\resto\system\Common.php(1089): CodeIgniter\View\View->render('order/index', Array, true)
#9 C:\xampp\htdocs\resto\app\Controllers\Order.php(34): view('order/index', Array)
#10 C:\xampp\htdocs\resto\system\CodeIgniter.php(825): App\Controllers\Order->index()
#11 C:\xampp\htdocs\resto\system\CodeIgniter.php(412): CodeIgniter\CodeIgniter->runController(Object(App\Controllers\Order))
#12 C:\xampp\htdocs\resto\system\CodeIgniter.php(320): CodeIgniter\CodeIgniter->handleRequest(NULL, Object(Config\Cache), false)
#13 C:\xampp\htdocs\resto\public\index.php(37): CodeIgniter\CodeIgniter->run()
#14 C:\xampp\htdocs\resto\system\Commands\Server\rewrite.php(43): require_once('C:\\xampp\\htdocs...')
#15 {main}
ERROR - 2022-03-27 00:06:36 --> Unknown column 'masakan.id_masakan' in 'on clause'
CRITICAL - 2022-03-27 00:06:36 --> Unknown column 'masakan.id_masakan' in 'on clause'
#0 C:\xampp\htdocs\resto\system\Database\MySQLi\Connection.php(292): mysqli->query('SELECT COUNT(*)...', 0)
#1 C:\xampp\htdocs\resto\system\Database\BaseConnection.php(670): CodeIgniter\Database\MySQLi\Connection->execute('SELECT COUNT(*)...')
#2 C:\xampp\htdocs\resto\system\Database\BaseConnection.php(598): CodeIgniter\Database\BaseConnection->simpleQuery('SELECT COUNT(*)...')
#3 C:\xampp\htdocs\resto\system\Database\BaseBuilder.php(1455): CodeIgniter\Database\BaseConnection->query('SELECT COUNT(*)...', Array, false)
#4 C:\xampp\htdocs\resto\app\Models\DetailOrder.php(72): CodeIgniter\Database\BaseBuilder->get()
#5 C:\xampp\htdocs\resto\app\Views\order\index.php(46): App\Models\DetailOrder->getDataIdBayar('12')
#6 C:\xampp\htdocs\resto\system\View\View.php(210): include('C:\\xampp\\htdocs...')
#7 C:\xampp\htdocs\resto\system\View\View.php(213): CodeIgniter\View\View->CodeIgniter\View\{closure}()
#8 C:\xampp\htdocs\resto\system\Common.php(1089): CodeIgniter\View\View->render('order/index', Array, true)
#9 C:\xampp\htdocs\resto\app\Controllers\Order.php(34): view('order/index', Array)
#10 C:\xampp\htdocs\resto\system\CodeIgniter.php(825): App\Controllers\Order->index()
#11 C:\xampp\htdocs\resto\system\CodeIgniter.php(412): CodeIgniter\CodeIgniter->runController(Object(App\Controllers\Order))
#12 C:\xampp\htdocs\resto\system\CodeIgniter.php(320): CodeIgniter\CodeIgniter->handleRequest(NULL, Object(Config\Cache), false)
#13 C:\xampp\htdocs\resto\public\index.php(37): CodeIgniter\CodeIgniter->run()
#14 C:\xampp\htdocs\resto\system\Commands\Server\rewrite.php(43): require_once('C:\\xampp\\htdocs...')
#15 {main}
ERROR - 2022-03-27 00:07:47 --> Unknown column 'masakan.id_masakan' in 'on clause'
CRITICAL - 2022-03-27 00:07:47 --> Unknown column 'masakan.id_masakan' in 'on clause'
#0 C:\xampp\htdocs\resto\system\Database\MySQLi\Connection.php(292): mysqli->query('SELECT COUNT(*)...', 0)
#1 C:\xampp\htdocs\resto\system\Database\BaseConnection.php(670): CodeIgniter\Database\MySQLi\Connection->execute('SELECT COUNT(*)...')
#2 C:\xampp\htdocs\resto\system\Database\BaseConnection.php(598): CodeIgniter\Database\BaseConnection->simpleQuery('SELECT COUNT(*)...')
#3 C:\xampp\htdocs\resto\system\Database\BaseBuilder.php(1455): CodeIgniter\Database\BaseConnection->query('SELECT COUNT(*)...', Array, false)
#4 C:\xampp\htdocs\resto\app\Models\DetailOrder.php(72): CodeIgniter\Database\BaseBuilder->get()
#5 C:\xampp\htdocs\resto\app\Views\order\index.php(46): App\Models\DetailOrder->getDataIdBayar('12')
#6 C:\xampp\htdocs\resto\system\View\View.php(210): include('C:\\xampp\\htdocs...')
#7 C:\xampp\htdocs\resto\system\View\View.php(213): CodeIgniter\View\View->CodeIgniter\View\{closure}()
#8 C:\xampp\htdocs\resto\system\Common.php(1089): CodeIgniter\View\View->render('order/index', Array, true)
#9 C:\xampp\htdocs\resto\app\Controllers\Order.php(34): view('order/index', Array)
#10 C:\xampp\htdocs\resto\system\CodeIgniter.php(825): App\Controllers\Order->index()
#11 C:\xampp\htdocs\resto\system\CodeIgniter.php(412): CodeIgniter\CodeIgniter->runController(Object(App\Controllers\Order))
#12 C:\xampp\htdocs\resto\system\CodeIgniter.php(320): CodeIgniter\CodeIgniter->handleRequest(NULL, Object(Config\Cache), false)
#13 C:\xampp\htdocs\resto\public\index.php(37): CodeIgniter\CodeIgniter->run()
#14 C:\xampp\htdocs\resto\system\Commands\Server\rewrite.php(43): require_once('C:\\xampp\\htdocs...')
#15 {main}
ERROR - 2022-03-27 00:09:36 --> Unknown column 'masakan.id_masakan' in 'on clause'
CRITICAL - 2022-03-27 00:09:36 --> Unknown column 'masakan.id_masakan' in 'on clause'
#0 C:\xampp\htdocs\resto\system\Database\MySQLi\Connection.php(292): mysqli->query('SELECT COUNT(*)...', 0)
#1 C:\xampp\htdocs\resto\system\Database\BaseConnection.php(670): CodeIgniter\Database\MySQLi\Connection->execute('SELECT COUNT(*)...')
#2 C:\xampp\htdocs\resto\system\Database\BaseConnection.php(598): CodeIgniter\Database\BaseConnection->simpleQuery('SELECT COUNT(*)...')
#3 C:\xampp\htdocs\resto\system\Database\BaseBuilder.php(1455): CodeIgniter\Database\BaseConnection->query('SELECT COUNT(*)...', Array, false)
#4 C:\xampp\htdocs\resto\app\Models\DetailOrder.php(72): CodeIgniter\Database\BaseBuilder->get()
#5 C:\xampp\htdocs\resto\app\Views\order\index.php(46): App\Models\DetailOrder->getDataIdBayar('12')
#6 C:\xampp\htdocs\resto\system\View\View.php(210): include('C:\\xampp\\htdocs...')
#7 C:\xampp\htdocs\resto\system\View\View.php(213): CodeIgniter\View\View->CodeIgniter\View\{closure}()
#8 C:\xampp\htdocs\resto\system\Common.php(1089): CodeIgniter\View\View->render('order/index', Array, true)
#9 C:\xampp\htdocs\resto\app\Controllers\Order.php(34): view('order/index', Array)
#10 C:\xampp\htdocs\resto\system\CodeIgniter.php(825): App\Controllers\Order->index()
#11 C:\xampp\htdocs\resto\system\CodeIgniter.php(412): CodeIgniter\CodeIgniter->runController(Object(App\Controllers\Order))
#12 C:\xampp\htdocs\resto\system\CodeIgniter.php(320): CodeIgniter\CodeIgniter->handleRequest(NULL, Object(Config\Cache), false)
#13 C:\xampp\htdocs\resto\public\index.php(37): CodeIgniter\CodeIgniter->run()
#14 C:\xampp\htdocs\resto\system\Commands\Server\rewrite.php(43): require_once('C:\\xampp\\htdocs...')
#15 {main}
ERROR - 2022-03-27 00:10:07 --> Unknown column 'masakan.id_masakan' in 'on clause'
CRITICAL - 2022-03-27 00:10:07 --> Unknown column 'masakan.id_masakan' in 'on clause'
#0 C:\xampp\htdocs\resto\system\Database\MySQLi\Connection.php(292): mysqli->query('SELECT COUNT(*)...', 0)
#1 C:\xampp\htdocs\resto\system\Database\BaseConnection.php(670): CodeIgniter\Database\MySQLi\Connection->execute('SELECT COUNT(*)...')
#2 C:\xampp\htdocs\resto\system\Database\BaseConnection.php(598): CodeIgniter\Database\BaseConnection->simpleQuery('SELECT COUNT(*)...')
#3 C:\xampp\htdocs\resto\system\Database\BaseBuilder.php(1455): CodeIgniter\Database\BaseConnection->query('SELECT COUNT(*)...', Array, false)
#4 C:\xampp\htdocs\resto\app\Models\DetailOrder.php(72): CodeIgniter\Database\BaseBuilder->get()
#5 C:\xampp\htdocs\resto\app\Views\order\index.php(46): App\Models\DetailOrder->getDataIdBayar('12')
#6 C:\xampp\htdocs\resto\system\View\View.php(210): include('C:\\xampp\\htdocs...')
#7 C:\xampp\htdocs\resto\system\View\View.php(213): CodeIgniter\View\View->CodeIgniter\View\{closure}()
#8 C:\xampp\htdocs\resto\system\Common.php(1089): CodeIgniter\View\View->render('order/index', Array, true)
#9 C:\xampp\htdocs\resto\app\Controllers\Order.php(34): view('order/index', Array)
#10 C:\xampp\htdocs\resto\system\CodeIgniter.php(825): App\Controllers\Order->index()
#11 C:\xampp\htdocs\resto\system\CodeIgniter.php(412): CodeIgniter\CodeIgniter->runController(Object(App\Controllers\Order))
#12 C:\xampp\htdocs\resto\system\CodeIgniter.php(320): CodeIgniter\CodeIgniter->handleRequest(NULL, Object(Config\Cache), false)
#13 C:\xampp\htdocs\resto\public\index.php(37): CodeIgniter\CodeIgniter->run()
#14 C:\xampp\htdocs\resto\system\Commands\Server\rewrite.php(43): require_once('C:\\xampp\\htdocs...')
#15 {main}
ERROR - 2022-03-27 00:12:44 --> Unknown column 'masakan.id_masakan' in 'on clause'
CRITICAL - 2022-03-27 00:12:44 --> Unknown column 'masakan.id_masakan' in 'on clause'
#0 C:\xampp\htdocs\resto\system\Database\MySQLi\Connection.php(292): mysqli->query('SELECT COUNT(*)...', 0)
#1 C:\xampp\htdocs\resto\system\Database\BaseConnection.php(670): CodeIgniter\Database\MySQLi\Connection->execute('SELECT COUNT(*)...')
#2 C:\xampp\htdocs\resto\system\Database\BaseConnection.php(598): CodeIgniter\Database\BaseConnection->simpleQuery('SELECT COUNT(*)...')
#3 C:\xampp\htdocs\resto\system\Database\BaseBuilder.php(1455): CodeIgniter\Database\BaseConnection->query('SELECT COUNT(*)...', Array, false)
#4 C:\xampp\htdocs\resto\app\Models\DetailOrder.php(72): CodeIgniter\Database\BaseBuilder->get()
#5 C:\xampp\htdocs\resto\app\Views\order\index.php(46): App\Models\DetailOrder->getDataIdBayar('12')
#6 C:\xampp\htdocs\resto\system\View\View.php(210): include('C:\\xampp\\htdocs...')
#7 C:\xampp\htdocs\resto\system\View\View.php(213): CodeIgniter\View\View->CodeIgniter\View\{closure}()
#8 C:\xampp\htdocs\resto\system\Common.php(1089): CodeIgniter\View\View->render('order/index', Array, true)
#9 C:\xampp\htdocs\resto\app\Controllers\Order.php(34): view('order/index', Array)
#10 C:\xampp\htdocs\resto\system\CodeIgniter.php(825): App\Controllers\Order->index()
#11 C:\xampp\htdocs\resto\system\CodeIgniter.php(412): CodeIgniter\CodeIgniter->runController(Object(App\Controllers\Order))
#12 C:\xampp\htdocs\resto\system\CodeIgniter.php(320): CodeIgniter\CodeIgniter->handleRequest(NULL, Object(Config\Cache), false)
#13 C:\xampp\htdocs\resto\public\index.php(37): CodeIgniter\CodeIgniter->run()
#14 C:\xampp\htdocs\resto\system\Commands\Server\rewrite.php(43): require_once('C:\\xampp\\htdocs...')
#15 {main}
ERROR - 2022-03-27 00:17:51 --> Unknown column 'masakan.id_masakan' in 'on clause'
CRITICAL - 2022-03-27 00:17:51 --> Unknown column 'masakan.id_masakan' in 'on clause'
#0 C:\xampp\htdocs\resto\system\Database\MySQLi\Connection.php(292): mysqli->query('SELECT COUNT(*)...', 0)
#1 C:\xampp\htdocs\resto\system\Database\BaseConnection.php(670): CodeIgniter\Database\MySQLi\Connection->execute('SELECT COUNT(*)...')
#2 C:\xampp\htdocs\resto\system\Database\BaseConnection.php(598): CodeIgniter\Database\BaseConnection->simpleQuery('SELECT COUNT(*)...')
#3 C:\xampp\htdocs\resto\system\Database\BaseBuilder.php(1455): CodeIgniter\Database\BaseConnection->query('SELECT COUNT(*)...', Array, false)
#4 C:\xampp\htdocs\resto\app\Models\DetailOrder.php(72): CodeIgniter\Database\BaseBuilder->get()
#5 C:\xampp\htdocs\resto\app\Views\order\index.php(46): App\Models\DetailOrder->getDataIdBayar('12')
#6 C:\xampp\htdocs\resto\system\View\View.php(210): include('C:\\xampp\\htdocs...')
#7 C:\xampp\htdocs\resto\system\View\View.php(213): CodeIgniter\View\View->CodeIgniter\View\{closure}()
#8 C:\xampp\htdocs\resto\system\Common.php(1089): CodeIgniter\View\View->render('order/index', Array, true)
#9 C:\xampp\htdocs\resto\app\Controllers\Order.php(34): view('order/index', Array)
#10 C:\xampp\htdocs\resto\system\CodeIgniter.php(825): App\Controllers\Order->index()
#11 C:\xampp\htdocs\resto\system\CodeIgniter.php(412): CodeIgniter\CodeIgniter->runController(Object(App\Controllers\Order))
#12 C:\xampp\htdocs\resto\system\CodeIgniter.php(320): CodeIgniter\CodeIgniter->handleRequest(NULL, Object(Config\Cache), false)
#13 C:\xampp\htdocs\resto\public\index.php(37): CodeIgniter\CodeIgniter->run()
#14 C:\xampp\htdocs\resto\system\Commands\Server\rewrite.php(43): require_once('C:\\xampp\\htdocs...')
#15 {main}
ERROR - 2022-03-27 00:23:48 --> Unknown column 'masakan.id_masakan' in 'on clause'
CRITICAL - 2022-03-27 00:23:48 --> Unknown column 'masakan.id_masakan' in 'on clause'
#0 C:\xampp\htdocs\resto\system\Database\MySQLi\Connection.php(292): mysqli->query('SELECT COUNT(*)...', 0)
#1 C:\xampp\htdocs\resto\system\Database\BaseConnection.php(670): CodeIgniter\Database\MySQLi\Connection->execute('SELECT COUNT(*)...')
#2 C:\xampp\htdocs\resto\system\Database\BaseConnection.php(598): CodeIgniter\Database\BaseConnection->simpleQuery('SELECT COUNT(*)...')
#3 C:\xampp\htdocs\resto\system\Database\BaseBuilder.php(1455): CodeIgniter\Database\BaseConnection->query('SELECT COUNT(*)...', Array, false)
#4 C:\xampp\htdocs\resto\app\Models\DetailOrder.php(72): CodeIgniter\Database\BaseBuilder->get()
#5 C:\xampp\htdocs\resto\app\Views\order\index.php(46): App\Models\DetailOrder->getDataIdBayar('12')
#6 C:\xampp\htdocs\resto\system\View\View.php(210): include('C:\\xampp\\htdocs...')
#7 C:\xampp\htdocs\resto\system\View\View.php(213): CodeIgniter\View\View->CodeIgniter\View\{closure}()
#8 C:\xampp\htdocs\resto\system\Common.php(1089): CodeIgniter\View\View->render('order/index', Array, true)
#9 C:\xampp\htdocs\resto\app\Controllers\Order.php(34): view('order/index', Array)
#10 C:\xampp\htdocs\resto\system\CodeIgniter.php(825): App\Controllers\Order->index()
#11 C:\xampp\htdocs\resto\system\CodeIgniter.php(412): CodeIgniter\CodeIgniter->runController(Object(App\Controllers\Order))
#12 C:\xampp\htdocs\resto\system\CodeIgniter.php(320): CodeIgniter\CodeIgniter->handleRequest(NULL, Object(Config\Cache), false)
#13 C:\xampp\htdocs\resto\public\index.php(37): CodeIgniter\CodeIgniter->run()
#14 C:\xampp\htdocs\resto\system\Commands\Server\rewrite.php(43): require_once('C:\\xampp\\htdocs...')
#15 {main}
ERROR - 2022-03-27 00:25:32 --> Unknown column 'masakan.id_masakan' in 'on clause'
CRITICAL - 2022-03-27 00:25:32 --> Unknown column 'masakan.id_masakan' in 'on clause'
#0 C:\xampp\htdocs\resto\system\Database\MySQLi\Connection.php(292): mysqli->query('SELECT COUNT(*)...', 0)
#1 C:\xampp\htdocs\resto\system\Database\BaseConnection.php(670): CodeIgniter\Database\MySQLi\Connection->execute('SELECT COUNT(*)...')
#2 C:\xampp\htdocs\resto\system\Database\BaseConnection.php(598): CodeIgniter\Database\BaseConnection->simpleQuery('SELECT COUNT(*)...')
#3 C:\xampp\htdocs\resto\system\Database\BaseBuilder.php(1455): CodeIgniter\Database\BaseConnection->query('SELECT COUNT(*)...', Array, false)
#4 C:\xampp\htdocs\resto\app\Models\DetailOrder.php(72): CodeIgniter\Database\BaseBuilder->get()
#5 C:\xampp\htdocs\resto\app\Views\order\index.php(46): App\Models\DetailOrder->getDataIdBayar('12')
#6 C:\xampp\htdocs\resto\system\View\View.php(210): include('C:\\xampp\\htdocs...')
#7 C:\xampp\htdocs\resto\system\View\View.php(213): CodeIgniter\View\View->CodeIgniter\View\{closure}()
#8 C:\xampp\htdocs\resto\system\Common.php(1089): CodeIgniter\View\View->render('order/index', Array, true)
#9 C:\xampp\htdocs\resto\app\Controllers\Order.php(34): view('order/index', Array)
#10 C:\xampp\htdocs\resto\system\CodeIgniter.php(825): App\Controllers\Order->index()
#11 C:\xampp\htdocs\resto\system\CodeIgniter.php(412): CodeIgniter\CodeIgniter->runController(Object(App\Controllers\Order))
#12 C:\xampp\htdocs\resto\system\CodeIgniter.php(320): CodeIgniter\CodeIgniter->handleRequest(NULL, Object(Config\Cache), false)
#13 C:\xampp\htdocs\resto\public\index.php(37): CodeIgniter\CodeIgniter->run()
#14 C:\xampp\htdocs\resto\system\Commands\Server\rewrite.php(43): require_once('C:\\xampp\\htdocs...')
#15 {main}
ERROR - 2022-03-27 00:37:58 --> Unknown column 'masakan.id_masakan' in 'on clause'
CRITICAL - 2022-03-27 00:37:58 --> Unknown column 'masakan.id_masakan' in 'on clause'
#0 C:\xampp\htdocs\resto\system\Database\MySQLi\Connection.php(292): mysqli->query('SELECT COUNT(*)...', 0)
#1 C:\xampp\htdocs\resto\system\Database\BaseConnection.php(670): CodeIgniter\Database\MySQLi\Connection->execute('SELECT COUNT(*)...')
#2 C:\xampp\htdocs\resto\system\Database\BaseConnection.php(598): CodeIgniter\Database\BaseConnection->simpleQuery('SELECT COUNT(*)...')
#3 C:\xampp\htdocs\resto\system\Database\BaseBuilder.php(1455): CodeIgniter\Database\BaseConnection->query('SELECT COUNT(*)...', Array, false)
#4 C:\xampp\htdocs\resto\app\Models\DetailOrder.php(72): CodeIgniter\Database\BaseBuilder->get()
#5 C:\xampp\htdocs\resto\app\Views\order\index.php(46): App\Models\DetailOrder->getDataIdBayar('12')
#6 C:\xampp\htdocs\resto\system\View\View.php(210): include('C:\\xampp\\htdocs...')
#7 C:\xampp\htdocs\resto\system\View\View.php(213): CodeIgniter\View\View->CodeIgniter\View\{closure}()
#8 C:\xampp\htdocs\resto\system\Common.php(1089): CodeIgniter\View\View->render('order/index', Array, true)
#9 C:\xampp\htdocs\resto\app\Controllers\Order.php(34): view('order/index', Array)
#10 C:\xampp\htdocs\resto\system\CodeIgniter.php(825): App\Controllers\Order->index()
#11 C:\xampp\htdocs\resto\system\CodeIgniter.php(412): CodeIgniter\CodeIgniter->runController(Object(App\Controllers\Order))
#12 C:\xampp\htdocs\resto\system\CodeIgniter.php(320): CodeIgniter\CodeIgniter->handleRequest(NULL, Object(Config\Cache), false)
#13 C:\xampp\htdocs\resto\public\index.php(37): CodeIgniter\CodeIgniter->run()
#14 C:\xampp\htdocs\resto\system\Commands\Server\rewrite.php(43): require_once('C:\\xampp\\htdocs...')
#15 {main}
ERROR - 2022-03-27 00:42:38 --> Unknown column 'masakan.id_masakan' in 'on clause'
CRITICAL - 2022-03-27 00:42:38 --> Unknown column 'masakan.id_masakan' in 'on clause'
#0 C:\xampp\htdocs\resto\system\Database\MySQLi\Connection.php(292): mysqli->query('SELECT COUNT(*)...', 0)
#1 C:\xampp\htdocs\resto\system\Database\BaseConnection.php(670): CodeIgniter\Database\MySQLi\Connection->execute('SELECT COUNT(*)...')
#2 C:\xampp\htdocs\resto\system\Database\BaseConnection.php(598): CodeIgniter\Database\BaseConnection->simpleQuery('SELECT COUNT(*)...')
#3 C:\xampp\htdocs\resto\system\Database\BaseBuilder.php(1455): CodeIgniter\Database\BaseConnection->query('SELECT COUNT(*)...', Array, false)
#4 C:\xampp\htdocs\resto\app\Models\DetailOrder.php(72): CodeIgniter\Database\BaseBuilder->get()
#5 C:\xampp\htdocs\resto\app\Views\order\index.php(46): App\Models\DetailOrder->getDataIdBayar('12')
#6 C:\xampp\htdocs\resto\system\View\View.php(210): include('C:\\xampp\\htdocs...')
#7 C:\xampp\htdocs\resto\system\View\View.php(213): CodeIgniter\View\View->CodeIgniter\View\{closure}()
#8 C:\xampp\htdocs\resto\system\Common.php(1089): CodeIgniter\View\View->render('order/index', Array, true)
#9 C:\xampp\htdocs\resto\app\Controllers\Order.php(34): view('order/index', Array)
#10 C:\xampp\htdocs\resto\system\CodeIgniter.php(825): App\Controllers\Order->index()
#11 C:\xampp\htdocs\resto\system\CodeIgniter.php(412): CodeIgniter\CodeIgniter->runController(Object(App\Controllers\Order))
#12 C:\xampp\htdocs\resto\system\CodeIgniter.php(320): CodeIgniter\CodeIgniter->handleRequest(NULL, Object(Config\Cache), false)
#13 C:\xampp\htdocs\resto\public\index.php(37): CodeIgniter\CodeIgniter->run()
#14 C:\xampp\htdocs\resto\system\Commands\Server\rewrite.php(43): require_once('C:\\xampp\\htdocs...')
#15 {main}
ERROR - 2022-03-27 00:44:21 --> Column 'no_meja' cannot be null
CRITICAL - 2022-03-27 00:44:21 --> Column 'no_meja' cannot be null
#0 C:\xampp\htdocs\resto\system\Database\MySQLi\Connection.php(292): mysqli->query('INSERT INTO `or...', 0)
#1 C:\xampp\htdocs\resto\system\Database\BaseConnection.php(670): CodeIgniter\Database\MySQLi\Connection->execute('INSERT INTO `or...')
#2 C:\xampp\htdocs\resto\system\Database\BaseConnection.php(598): CodeIgniter\Database\BaseConnection->simpleQuery('INSERT INTO `or...')
#3 C:\xampp\htdocs\resto\system\Database\BaseBuilder.php(1771): CodeIgniter\Database\BaseConnection->query('INSERT INTO `or...', Array, false)
#4 C:\xampp\htdocs\resto\system\Model.php(239): CodeIgniter\Database\BaseBuilder->insert()
#5 C:\xampp\htdocs\resto\system\BaseModel.php(738): CodeIgniter\Model->doInsert(Array)
#6 C:\xampp\htdocs\resto\system\Model.php(625): CodeIgniter\BaseModel->insert(Array, true)
#7 C:\xampp\htdocs\resto\app\Controllers\Order.php(95): CodeIgniter\Model->insert(Array)
#8 C:\xampp\htdocs\resto\system\CodeIgniter.php(825): App\Controllers\Order->insert()
#9 C:\xampp\htdocs\resto\system\CodeIgniter.php(412): CodeIgniter\CodeIgniter->runController(Object(App\Controllers\Order))
#10 C:\xampp\htdocs\resto\system\CodeIgniter.php(320): CodeIgniter\CodeIgniter->handleRequest(NULL, Object(Config\Cache), false)
#11 C:\xampp\htdocs\resto\public\index.php(37): CodeIgniter\CodeIgniter->run()
#12 C:\xampp\htdocs\resto\system\Commands\Server\rewrite.php(43): require_once('C:\\xampp\\htdocs...')
#13 {main}
CRITICAL - 2022-03-27 00:45:45 --> Too few arguments to function App\Controllers\Order::pesan(), 0 passed in C:\xampp\htdocs\resto\system\CodeIgniter.php on line 825 and exactly 1 expected
#0 C:\xampp\htdocs\resto\system\CodeIgniter.php(825): App\Controllers\Order->pesan()
#1 C:\xampp\htdocs\resto\system\CodeIgniter.php(412): CodeIgniter\CodeIgniter->runController(Object(App\Controllers\Order))
#2 C:\xampp\htdocs\resto\system\CodeIgniter.php(320): CodeIgniter\CodeIgniter->handleRequest(NULL, Object(Config\Cache), false)
#3 C:\xampp\htdocs\resto\public\index.php(37): CodeIgniter\CodeIgniter->run()
#4 C:\xampp\htdocs\resto\system\Commands\Server\rewrite.php(43): require_once('C:\\xampp\\htdocs...')
#5 {main}
CRITICAL - 2022-03-27 09:12:41 --> Class 'App\Filters\AdminFilter' not found
#0 C:\xampp\htdocs\resto\system\CodeIgniter.php(386): CodeIgniter\Filters\Filters->run('Home', 'before')
#1 C:\xampp\htdocs\resto\system\CodeIgniter.php(320): CodeIgniter\CodeIgniter->handleRequest(NULL, Object(Config\Cache), false)
#2 C:\xampp\htdocs\resto\public\index.php(37): CodeIgniter\CodeIgniter->run()
#3 C:\xampp\htdocs\resto\system\Commands\Server\rewrite.php(43): require_once('C:\\xampp\\htdocs...')
#4 {main}
CRITICAL - 2022-03-27 09:12:46 --> Class 'App\Filters\AdminFilter' not found
#0 C:\xampp\htdocs\resto\system\CodeIgniter.php(386): CodeIgniter\Filters\Filters->run('order/order', 'before')
#1 C:\xampp\htdocs\resto\system\CodeIgniter.php(320): CodeIgniter\CodeIgniter->handleRequest(NULL, Object(Config\Cache), false)
#2 C:\xampp\htdocs\resto\public\index.php(37): CodeIgniter\CodeIgniter->run()
#3 C:\xampp\htdocs\resto\system\Commands\Server\rewrite.php(43): require_once('C:\\xampp\\htdocs...')
#4 {main}
CRITICAL - 2022-03-27 09:12:47 --> Class 'App\Filters\AdminFilter' not found
#0 C:\xampp\htdocs\resto\system\CodeIgniter.php(386): CodeIgniter\Filters\Filters->run('transaksi', 'before')
#1 C:\xampp\htdocs\resto\system\CodeIgniter.php(320): CodeIgniter\CodeIgniter->handleRequest(NULL, Object(Config\Cache), false)
#2 C:\xampp\htdocs\resto\public\index.php(37): CodeIgniter\CodeIgniter->run()
#3 C:\xampp\htdocs\resto\system\Commands\Server\rewrite.php(43): require_once('C:\\xampp\\htdocs...')
#4 {main}
CRITICAL - 2022-03-27 09:12:51 --> Class 'App\Filters\AdminFilter' not found
#0 C:\xampp\htdocs\resto\system\CodeIgniter.php(386): CodeIgniter\Filters\Filters->run('Home', 'before')
#1 C:\xampp\htdocs\resto\system\CodeIgniter.php(320): CodeIgniter\CodeIgniter->handleRequest(NULL, Object(Config\Cache), false)
#2 C:\xampp\htdocs\resto\public\index.php(37): CodeIgniter\CodeIgniter->run()
#3 C:\xampp\htdocs\resto\system\Commands\Server\rewrite.php(43): require_once('C:\\xampp\\htdocs...')
#4 {main}
CRITICAL - 2022-03-27 09:13:21 --> Class 'App\Filters\AdminFilter' not found
#0 C:\xampp\htdocs\resto\system\CodeIgniter.php(386): CodeIgniter\Filters\Filters->run('Home', 'before')
#1 C:\xampp\htdocs\resto\system\CodeIgniter.php(320): CodeIgniter\CodeIgniter->handleRequest(NULL, Object(Config\Cache), false)
#2 C:\xampp\htdocs\resto\public\index.php(37): CodeIgniter\CodeIgniter->run()
#3 C:\xampp\htdocs\resto\system\Commands\Server\rewrite.php(43): require_once('C:\\xampp\\htdocs...')
#4 {main}
CRITICAL - 2022-03-27 09:13:23 --> Class 'App\Filters\AdminFilter' not found
#0 C:\xampp\htdocs\resto\system\CodeIgniter.php(386): CodeIgniter\Filters\Filters->run('order', 'before')
#1 C:\xampp\htdocs\resto\system\CodeIgniter.php(320): CodeIgniter\CodeIgniter->handleRequest(NULL, Object(Config\Cache), false)
#2 C:\xampp\htdocs\resto\public\index.php(37): CodeIgniter\CodeIgniter->run()
#3 C:\xampp\htdocs\resto\system\Commands\Server\rewrite.php(43): require_once('C:\\xampp\\htdocs...')
#4 {main}
CRITICAL - 2022-03-27 09:13:24 --> Class 'App\Filters\AdminFilter' not found
#0 C:\xampp\htdocs\resto\system\CodeIgniter.php(386): CodeIgniter\Filters\Filters->run('user', 'before')
#1 C:\xampp\htdocs\resto\system\CodeIgniter.php(320): CodeIgniter\CodeIgniter->handleRequest(NULL, Object(Config\Cache), false)
#2 C:\xampp\htdocs\resto\public\index.php(37): CodeIgniter\CodeIgniter->run()
#3 C:\xampp\htdocs\resto\system\Commands\Server\rewrite.php(43): require_once('C:\\xampp\\htdocs...')
#4 {main}
CRITICAL - 2022-03-27 09:13:24 --> Class 'App\Filters\AdminFilter' not found
#0 C:\xampp\htdocs\resto\system\CodeIgniter.php(386): CodeIgniter\Filters\Filters->run('menu', 'before')
#1 C:\xampp\htdocs\resto\system\CodeIgniter.php(320): CodeIgniter\CodeIgniter->handleRequest(NULL, Object(Config\Cache), false)
#2 C:\xampp\htdocs\resto\public\index.php(37): CodeIgniter\CodeIgniter->run()
#3 C:\xampp\htdocs\resto\system\Commands\Server\rewrite.php(43): require_once('C:\\xampp\\htdocs...')
#4 {main}
CRITICAL - 2022-03-27 09:45:48 --> KasirFilter filter must have a matching alias defined.
#0 C:\xampp\htdocs\resto\system\Filters\Filters.php(493): CodeIgniter\Filters\Exceptions\FilterException::forNoAlias('KasirFilter')
#1 C:\xampp\htdocs\resto\system\Filters\Filters.php(243): CodeIgniter\Filters\Filters->processAliasesToClass('before')
#2 C:\xampp\htdocs\resto\system\Filters\Filters.php(163): CodeIgniter\Filters\Filters->initialize('menu')
#3 C:\xampp\htdocs\resto\system\CodeIgniter.php(386): CodeIgniter\Filters\Filters->run('menu', 'before')
#4 C:\xampp\htdocs\resto\system\CodeIgniter.php(320): CodeIgniter\CodeIgniter->handleRequest(NULL, Object(Config\Cache), false)
#5 C:\xampp\htdocs\resto\public\index.php(37): CodeIgniter\CodeIgniter->run()
#6 C:\xampp\htdocs\resto\system\Commands\Server\rewrite.php(43): require_once('C:\\xampp\\htdocs...')
#7 {main}
CRITICAL - 2022-03-27 10:02:20 --> ManagerFilter filter must have a matching alias defined.
#0 C:\xampp\htdocs\resto\system\Filters\Filters.php(493): CodeIgniter\Filters\Exceptions\FilterException::forNoAlias('ManagerFilter')
#1 C:\xampp\htdocs\resto\system\Filters\Filters.php(244): CodeIgniter\Filters\Filters->processAliasesToClass('after')
#2 C:\xampp\htdocs\resto\system\Filters\Filters.php(163): CodeIgniter\Filters\Filters->initialize('login')
#3 C:\xampp\htdocs\resto\system\CodeIgniter.php(386): CodeIgniter\Filters\Filters->run('login', 'before')
#4 C:\xampp\htdocs\resto\system\CodeIgniter.php(320): CodeIgniter\CodeIgniter->handleRequest(NULL, Object(Config\Cache), false)
#5 C:\xampp\htdocs\resto\public\index.php(37): CodeIgniter\CodeIgniter->run()
#6 C:\xampp\htdocs\resto\system\Commands\Server\rewrite.php(43): require_once('C:\\xampp\\htdocs...')
#7 {main}
CRITICAL - 2022-03-27 10:08:33 --> Undefined variable: transaksi
#0 C:\xampp\htdocs\resto\app\Views\home\index.php(38): CodeIgniter\Debug\Exceptions->errorHandler(8, 'Undefined varia...', 'C:\\xampp\\htdocs...', 38, Array)
#1 C:\xampp\htdocs\resto\system\View\View.php(210): include('C:\\xampp\\htdocs...')
#2 C:\xampp\htdocs\resto\system\View\View.php(213): CodeIgniter\View\View->CodeIgniter\View\{closure}()
#3 C:\xampp\htdocs\resto\system\Common.php(1089): CodeIgniter\View\View->render('home/index', Array, true)
#4 C:\xampp\htdocs\resto\app\Controllers\Home.php(34): view('home/index', Array)
#5 C:\xampp\htdocs\resto\system\CodeIgniter.php(825): App\Controllers\Home->index()
#6 C:\xampp\htdocs\resto\system\CodeIgniter.php(412): CodeIgniter\CodeIgniter->runController(Object(App\Controllers\Home))
#7 C:\xampp\htdocs\resto\system\CodeIgniter.php(320): CodeIgniter\CodeIgniter->handleRequest(NULL, Object(Config\Cache), false)
#8 C:\xampp\htdocs\resto\public\index.php(37): CodeIgniter\CodeIgniter->run()
#9 C:\xampp\htdocs\resto\system\Commands\Server\rewrite.php(43): require_once('C:\\xampp\\htdocs...')
#10 {main}
CRITICAL - 2022-03-27 10:09:05 --> Undefined property: App\Controllers\Home::$transaksi
#0 C:\xampp\htdocs\resto\app\Controllers\Home.php(33): CodeIgniter\Debug\Exceptions->errorHandler(8, 'Undefined prope...', 'C:\\xampp\\htdocs...', 33, Array)
#1 C:\xampp\htdocs\resto\system\CodeIgniter.php(825): App\Controllers\Home->index()
#2 C:\xampp\htdocs\resto\system\CodeIgniter.php(412): CodeIgniter\CodeIgniter->runController(Object(App\Controllers\Home))
#3 C:\xampp\htdocs\resto\system\CodeIgniter.php(320): CodeIgniter\CodeIgniter->handleRequest(NULL, Object(Config\Cache), false)
#4 C:\xampp\htdocs\resto\public\index.php(37): CodeIgniter\CodeIgniter->run()
#5 C:\xampp\htdocs\resto\system\Commands\Server\rewrite.php(43): require_once('C:\\xampp\\htdocs...')
#6 {main}
CRITICAL - 2022-03-27 10:09:37 --> Undefined property: App\Controllers\Home::$transaksi
#0 C:\xampp\htdocs\resto\app\Controllers\Home.php(34): CodeIgniter\Debug\Exceptions->errorHandler(8, 'Undefined prope...', 'C:\\xampp\\htdocs...', 34, Array)
#1 C:\xampp\htdocs\resto\system\CodeIgniter.php(825): App\Controllers\Home->index()
#2 C:\xampp\htdocs\resto\system\CodeIgniter.php(412): CodeIgniter\CodeIgniter->runController(Object(App\Controllers\Home))
#3 C:\xampp\htdocs\resto\system\CodeIgniter.php(320): CodeIgniter\CodeIgniter->handleRequest(NULL, Object(Config\Cache), false)
#4 C:\xampp\htdocs\resto\public\index.php(37): CodeIgniter\CodeIgniter->run()
#5 C:\xampp\htdocs\resto\system\Commands\Server\rewrite.php(43): require_once('C:\\xampp\\htdocs...')
#6 {main}
ERROR - 2022-03-27 19:13:31 --> Error connecting to the database: No connection could be made because the target machine actively refused it.

CRITICAL - 2022-03-27 19:13:31 --> Unable to connect to the database.
Main connection [MySQLi]: No connection could be made because the target machine actively refused it.

#0 C:\xampp\htdocs\resto\system\Database\BaseConnection.php(577): CodeIgniter\Database\BaseConnection->initialize()
#1 C:\xampp\htdocs\resto\system\Database\BaseBuilder.php(1588): CodeIgniter\Database\BaseConnection->query('SELECT *\nFROM `...', Array, false)
#2 C:\xampp\htdocs\resto\app\Controllers\Login.php(26): CodeIgniter\Database\BaseBuilder->getWhere(Array)
#3 C:\xampp\htdocs\resto\system\CodeIgniter.php(825): App\Controllers\Login->masuk()
#4 C:\xampp\htdocs\resto\system\CodeIgniter.php(412): CodeIgniter\CodeIgniter->runController(Object(App\Controllers\Login))
#5 C:\xampp\htdocs\resto\system\CodeIgniter.php(320): CodeIgniter\CodeIgniter->handleRequest(NULL, Object(Config\Cache), false)
#6 C:\xampp\htdocs\resto\public\index.php(37): CodeIgniter\CodeIgniter->run()
#7 C:\xampp\htdocs\resto\system\Commands\Server\rewrite.php(43): require_once('C:\\xampp\\htdocs...')
#8 {main}
CRITICAL - 2022-03-27 19:13:46 --> Undefined index: username
#0 C:\xampp\htdocs\resto\app\Controllers\Login.php(26): CodeIgniter\Debug\Exceptions->errorHandler(8, 'Undefined index...', 'C:\\xampp\\htdocs...', 26, Array)
#1 C:\xampp\htdocs\resto\system\CodeIgniter.php(825): App\Controllers\Login->masuk()
#2 C:\xampp\htdocs\resto\system\CodeIgniter.php(412): CodeIgniter\CodeIgniter->runController(Object(App\Controllers\Login))
#3 C:\xampp\htdocs\resto\system\CodeIgniter.php(320): CodeIgniter\CodeIgniter->handleRequest(NULL, Object(Config\Cache), false)
#4 C:\xampp\htdocs\resto\public\index.php(37): CodeIgniter\CodeIgniter->run()
#5 C:\xampp\htdocs\resto\system\Commands\Server\rewrite.php(43): require_once('C:\\xampp\\htdocs...')
#6 {main}
CRITICAL - 2022-03-27 19:14:20 --> Undefined index: username
#0 C:\xampp\htdocs\resto\app\Controllers\Login.php(26): CodeIgniter\Debug\Exceptions->errorHandler(8, 'Undefined index...', 'C:\\xampp\\htdocs...', 26, Array)
#1 C:\xampp\htdocs\resto\system\CodeIgniter.php(825): App\Controllers\Login->masuk()
#2 C:\xampp\htdocs\resto\system\CodeIgniter.php(412): CodeIgniter\CodeIgniter->runController(Object(App\Controllers\Login))
#3 C:\xampp\htdocs\resto\system\CodeIgniter.php(320): CodeIgniter\CodeIgniter->handleRequest(NULL, Object(Config\Cache), false)
#4 C:\xampp\htdocs\resto\public\index.php(37): CodeIgniter\CodeIgniter->run()
#5 C:\xampp\htdocs\resto\system\Commands\Server\rewrite.php(43): require_once('C:\\xampp\\htdocs...')
#6 {main}
CRITICAL - 2022-03-27 19:35:00 --> syntax error, unexpected ':'
#0 C:\xampp\htdocs\resto\system\View\View.php(213): CodeIgniter\View\View->CodeIgniter\View\{closure}()
#1 C:\xampp\htdocs\resto\system\View\View.php(424): CodeIgniter\View\View->render('pages/sidebarMe...', NULL, true)
#2 C:\xampp\htdocs\resto\app\Views\pages\index.php(44): CodeIgniter\View\View->include('pages/sidebarMe...')
#3 C:\xampp\htdocs\resto\system\View\View.php(210): include('C:\\xampp\\htdocs...')
#4 C:\xampp\htdocs\resto\system\View\View.php(213): CodeIgniter\View\View->CodeIgniter\View\{closure}()
#5 C:\xampp\htdocs\resto\system\View\View.php(226): CodeIgniter\View\View->render('pages/index', Array, true)
#6 C:\xampp\htdocs\resto\system\Common.php(1089): CodeIgniter\View\View->render('home/index', Array, true)
#7 C:\xampp\htdocs\resto\app\Controllers\Home.php(38): view('home/index', Array)
#8 C:\xampp\htdocs\resto\system\CodeIgniter.php(825): App\Controllers\Home->index()
#9 C:\xampp\htdocs\resto\system\CodeIgniter.php(412): CodeIgniter\CodeIgniter->runController(Object(App\Controllers\Home))
#10 C:\xampp\htdocs\resto\system\CodeIgniter.php(320): CodeIgniter\CodeIgniter->handleRequest(NULL, Object(Config\Cache), false)
#11 C:\xampp\htdocs\resto\public\index.php(37): CodeIgniter\CodeIgniter->run()
#12 C:\xampp\htdocs\resto\system\Commands\Server\rewrite.php(43): require_once('C:\\xampp\\htdocs...')
#13 {main}
CRITICAL - 2022-03-27 19:35:30 --> Call to undefined method CodeIgniter\Session\Session::iget()
#0 C:\xampp\htdocs\resto\system\View\View.php(210): include()
#1 C:\xampp\htdocs\resto\system\View\View.php(213): CodeIgniter\View\View->CodeIgniter\View\{closure}()
#2 C:\xampp\htdocs\resto\system\View\View.php(424): CodeIgniter\View\View->render('pages/sidebarMe...', NULL, true)
#3 C:\xampp\htdocs\resto\app\Views\pages\index.php(44): CodeIgniter\View\View->include('pages/sidebarMe...')
#4 C:\xampp\htdocs\resto\system\View\View.php(210): include('C:\\xampp\\htdocs...')
#5 C:\xampp\htdocs\resto\system\View\View.php(213): CodeIgniter\View\View->CodeIgniter\View\{closure}()
#6 C:\xampp\htdocs\resto\system\View\View.php(226): CodeIgniter\View\View->render('pages/index', Array, true)
#7 C:\xampp\htdocs\resto\system\Common.php(1089): CodeIgniter\View\View->render('home/index', Array, true)
#8 C:\xampp\htdocs\resto\app\Controllers\Home.php(38): view('home/index', Array)
#9 C:\xampp\htdocs\resto\system\CodeIgniter.php(825): App\Controllers\Home->index()
#10 C:\xampp\htdocs\resto\system\CodeIgniter.php(412): CodeIgniter\CodeIgniter->runController(Object(App\Controllers\Home))
#11 C:\xampp\htdocs\resto\system\CodeIgniter.php(320): CodeIgniter\CodeIgniter->handleRequest(NULL, Object(Config\Cache), false)
#12 C:\xampp\htdocs\resto\public\index.php(37): CodeIgniter\CodeIgniter->run()
#13 C:\xampp\htdocs\resto\system\Commands\Server\rewrite.php(43): require_once('C:\\xampp\\htdocs...')
#14 {main}
CRITICAL - 2022-03-27 19:36:02 --> Call to undefined method CodeIgniter\Session\Session::iget()
#0 C:\xampp\htdocs\resto\system\View\View.php(210): include()
#1 C:\xampp\htdocs\resto\system\View\View.php(213): CodeIgniter\View\View->CodeIgniter\View\{closure}()
#2 C:\xampp\htdocs\resto\system\View\View.php(424): CodeIgniter\View\View->render('pages/sidebarMe...', NULL, true)
#3 C:\xampp\htdocs\resto\app\Views\pages\index.php(44): CodeIgniter\View\View->include('pages/sidebarMe...')
#4 C:\xampp\htdocs\resto\system\View\View.php(210): include('C:\\xampp\\htdocs...')
#5 C:\xampp\htdocs\resto\system\View\View.php(213): CodeIgniter\View\View->CodeIgniter\View\{closure}()
#6 C:\xampp\htdocs\resto\system\View\View.php(226): CodeIgniter\View\View->render('pages/index', Array, true)
#7 C:\xampp\htdocs\resto\system\Common.php(1089): CodeIgniter\View\View->render('home/index', Array, true)
#8 C:\xampp\htdocs\resto\app\Controllers\Home.php(38): view('home/index', Array)
#9 C:\xampp\htdocs\resto\system\CodeIgniter.php(825): App\Controllers\Home->index()
#10 C:\xampp\htdocs\resto\system\CodeIgniter.php(412): CodeIgniter\CodeIgniter->runController(Object(App\Controllers\Home))
#11 C:\xampp\htdocs\resto\system\CodeIgniter.php(320): CodeIgniter\CodeIgniter->handleRequest(NULL, Object(Config\Cache), false)
#12 C:\xampp\htdocs\resto\public\index.php(37): CodeIgniter\CodeIgniter->run()
#13 C:\xampp\htdocs\resto\system\Commands\Server\rewrite.php(43): require_once('C:\\xampp\\htdocs...')
#14 {main}
CRITICAL - 2022-03-27 19:52:34 --> Can't use method return value in write context
#0 [internal function]: CodeIgniter\Debug\Exceptions->shutdownHandler()
#1 {main}
CRITICAL - 2022-03-27 21:14:32 --> Call to undefined method CodeIgniter\Session\Session::id_level()
#0 C:\xampp\htdocs\resto\system\View\View.php(210): include()
#1 C:\xampp\htdocs\resto\system\View\View.php(213): CodeIgniter\View\View->CodeIgniter\View\{closure}()
#2 C:\xampp\htdocs\resto\system\View\View.php(424): CodeIgniter\View\View->render('pages/sidebarMe...', NULL, true)
#3 C:\xampp\htdocs\resto\app\Views\pages\index.php(44): CodeIgniter\View\View->include('pages/sidebarMe...')
#4 C:\xampp\htdocs\resto\system\View\View.php(210): include('C:\\xampp\\htdocs...')
#5 C:\xampp\htdocs\resto\system\View\View.php(213): CodeIgniter\View\View->CodeIgniter\View\{closure}()
#6 C:\xampp\htdocs\resto\system\View\View.php(226): CodeIgniter\View\View->render('pages/index', Array, true)
#7 C:\xampp\htdocs\resto\system\Common.php(1089): CodeIgniter\View\View->render('home/index', Array, true)
#8 C:\xampp\htdocs\resto\app\Controllers\Home.php(38): view('home/index', Array)
#9 C:\xampp\htdocs\resto\system\CodeIgniter.php(825): App\Controllers\Home->index()
#10 C:\xampp\htdocs\resto\system\CodeIgniter.php(412): CodeIgniter\CodeIgniter->runController(Object(App\Controllers\Home))
#11 C:\xampp\htdocs\resto\system\CodeIgniter.php(320): CodeIgniter\CodeIgniter->handleRequest(NULL, Object(Config\Cache), false)
#12 C:\xampp\htdocs\resto\public\index.php(37): CodeIgniter\CodeIgniter->run()
#13 C:\xampp\htdocs\resto\system\Commands\Server\rewrite.php(43): require_once('C:\\xampp\\htdocs...')
#14 {main}
