ERROR - 2022-03-03 00:23:13 --> Column 'username' cannot be null
CRITICAL - 2022-03-03 00:23:13 --> Column 'username' cannot be null
#0 C:\xampp2\htdocs\resto\system\Database\MySQLi\Connection.php(292): mysqli->query('INSERT INTO `us...', 0)
#1 C:\xampp2\htdocs\resto\system\Database\BaseConnection.php(670): CodeIgniter\Database\MySQLi\Connection->execute('INSERT INTO `us...')
#2 C:\xampp2\htdocs\resto\system\Database\BaseConnection.php(598): CodeIgniter\Database\BaseConnection->simpleQuery('INSERT INTO `us...')
#3 C:\xampp2\htdocs\resto\system\Database\BaseBuilder.php(1771): CodeIgniter\Database\BaseConnection->query('INSERT INTO `us...', Array, false)
#4 C:\xampp2\htdocs\resto\app\Controllers\User.php(47): CodeIgniter\Database\BaseBuilder->insert(Array)
#5 C:\xampp2\htdocs\resto\system\CodeIgniter.php(825): App\Controllers\User->insertuser()
#6 C:\xampp2\htdocs\resto\system\CodeIgniter.php(412): CodeIgniter\CodeIgniter->runController(Object(App\Controllers\User))
#7 C:\xampp2\htdocs\resto\system\CodeIgniter.php(320): CodeIgniter\CodeIgniter->handleRequest(NULL, Object(Config\Cache), false)
#8 C:\xampp2\htdocs\resto\public\index.php(37): CodeIgniter\CodeIgniter->run()
#9 C:\xampp2\htdocs\resto\system\Commands\Server\rewrite.php(43): require_once('C:\\xampp2\\htdoc...')
#10 {main}
ERROR - 2022-03-03 00:29:23 --> Column 'username' cannot be null
CRITICAL - 2022-03-03 00:29:23 --> Column 'username' cannot be null
#0 C:\xampp2\htdocs\resto\system\Database\MySQLi\Connection.php(292): mysqli->query('INSERT INTO `us...', 0)
#1 C:\xampp2\htdocs\resto\system\Database\BaseConnection.php(670): CodeIgniter\Database\MySQLi\Connection->execute('INSERT INTO `us...')
#2 C:\xampp2\htdocs\resto\system\Database\BaseConnection.php(598): CodeIgniter\Database\BaseConnection->simpleQuery('INSERT INTO `us...')
#3 C:\xampp2\htdocs\resto\system\Database\BaseBuilder.php(1771): CodeIgniter\Database\BaseConnection->query('INSERT INTO `us...', Array, false)
#4 C:\xampp2\htdocs\resto\app\Controllers\User.php(47): CodeIgniter\Database\BaseBuilder->insert(Array)
#5 C:\xampp2\htdocs\resto\system\CodeIgniter.php(825): App\Controllers\User->insertuser()
#6 C:\xampp2\htdocs\resto\system\CodeIgniter.php(412): CodeIgniter\CodeIgniter->runController(Object(App\Controllers\User))
#7 C:\xampp2\htdocs\resto\system\CodeIgniter.php(320): CodeIgniter\CodeIgniter->handleRequest(NULL, Object(Config\Cache), false)
#8 C:\xampp2\htdocs\resto\public\index.php(37): CodeIgniter\CodeIgniter->run()
#9 C:\xampp2\htdocs\resto\system\Commands\Server\rewrite.php(43): require_once('C:\\xampp2\\htdoc...')
#10 {main}
ERROR - 2022-03-03 00:30:24 --> Column 'username' cannot be null
CRITICAL - 2022-03-03 00:30:24 --> Column 'username' cannot be null
#0 C:\xampp2\htdocs\resto\system\Database\MySQLi\Connection.php(292): mysqli->query('INSERT INTO `us...', 0)
#1 C:\xampp2\htdocs\resto\system\Database\BaseConnection.php(670): CodeIgniter\Database\MySQLi\Connection->execute('INSERT INTO `us...')
#2 C:\xampp2\htdocs\resto\system\Database\BaseConnection.php(598): CodeIgniter\Database\BaseConnection->simpleQuery('INSERT INTO `us...')
#3 C:\xampp2\htdocs\resto\system\Database\BaseBuilder.php(1771): CodeIgniter\Database\BaseConnection->query('INSERT INTO `us...', Array, false)
#4 C:\xampp2\htdocs\resto\app\Controllers\User.php(47): CodeIgniter\Database\BaseBuilder->insert(Array)
#5 C:\xampp2\htdocs\resto\system\CodeIgniter.php(825): App\Controllers\User->insertuser()
#6 C:\xampp2\htdocs\resto\system\CodeIgniter.php(412): CodeIgniter\CodeIgniter->runController(Object(App\Controllers\User))
#7 C:\xampp2\htdocs\resto\system\CodeIgniter.php(320): CodeIgniter\CodeIgniter->handleRequest(NULL, Object(Config\Cache), false)
#8 C:\xampp2\htdocs\resto\public\index.php(37): CodeIgniter\CodeIgniter->run()
#9 C:\xampp2\htdocs\resto\system\Commands\Server\rewrite.php(43): require_once('C:\\xampp2\\htdoc...')
#10 {main}
ERROR - 2022-03-03 00:30:52 --> Column 'username' cannot be null
CRITICAL - 2022-03-03 00:30:52 --> Column 'username' cannot be null
#0 C:\xampp2\htdocs\resto\system\Database\MySQLi\Connection.php(292): mysqli->query('INSERT INTO `us...', 0)
#1 C:\xampp2\htdocs\resto\system\Database\BaseConnection.php(670): CodeIgniter\Database\MySQLi\Connection->execute('INSERT INTO `us...')
#2 C:\xampp2\htdocs\resto\system\Database\BaseConnection.php(598): CodeIgniter\Database\BaseConnection->simpleQuery('INSERT INTO `us...')
#3 C:\xampp2\htdocs\resto\system\Database\BaseBuilder.php(1771): CodeIgniter\Database\BaseConnection->query('INSERT INTO `us...', Array, false)
#4 C:\xampp2\htdocs\resto\app\Controllers\User.php(47): CodeIgniter\Database\BaseBuilder->insert(Array)
#5 C:\xampp2\htdocs\resto\system\CodeIgniter.php(825): App\Controllers\User->insertuser()
#6 C:\xampp2\htdocs\resto\system\CodeIgniter.php(412): CodeIgniter\CodeIgniter->runController(Object(App\Controllers\User))
#7 C:\xampp2\htdocs\resto\system\CodeIgniter.php(320): CodeIgniter\CodeIgniter->handleRequest(NULL, Object(Config\Cache), false)
#8 C:\xampp2\htdocs\resto\public\index.php(37): CodeIgniter\CodeIgniter->run()
#9 C:\xampp2\htdocs\resto\system\Commands\Server\rewrite.php(43): require_once('C:\\xampp2\\htdoc...')
#10 {main}
ERROR - 2022-03-03 00:31:02 --> Column 'username' cannot be null
CRITICAL - 2022-03-03 00:31:02 --> Column 'username' cannot be null
#0 C:\xampp2\htdocs\resto\system\Database\MySQLi\Connection.php(292): mysqli->query('INSERT INTO `us...', 0)
#1 C:\xampp2\htdocs\resto\system\Database\BaseConnection.php(670): CodeIgniter\Database\MySQLi\Connection->execute('INSERT INTO `us...')
#2 C:\xampp2\htdocs\resto\system\Database\BaseConnection.php(598): CodeIgniter\Database\BaseConnection->simpleQuery('INSERT INTO `us...')
#3 C:\xampp2\htdocs\resto\system\Database\BaseBuilder.php(1771): CodeIgniter\Database\BaseConnection->query('INSERT INTO `us...', Array, false)
#4 C:\xampp2\htdocs\resto\app\Controllers\User.php(47): CodeIgniter\Database\BaseBuilder->insert(Array)
#5 C:\xampp2\htdocs\resto\system\CodeIgniter.php(825): App\Controllers\User->insertuser()
#6 C:\xampp2\htdocs\resto\system\CodeIgniter.php(412): CodeIgniter\CodeIgniter->runController(Object(App\Controllers\User))
#7 C:\xampp2\htdocs\resto\system\CodeIgniter.php(320): CodeIgniter\CodeIgniter->handleRequest(NULL, Object(Config\Cache), false)
#8 C:\xampp2\htdocs\resto\public\index.php(37): CodeIgniter\CodeIgniter->run()
#9 C:\xampp2\htdocs\resto\system\Commands\Server\rewrite.php(43): require_once('C:\\xampp2\\htdoc...')
#10 {main}
ERROR - 2022-03-03 00:31:20 --> Column 'username' cannot be null
CRITICAL - 2022-03-03 00:31:20 --> Column 'username' cannot be null
#0 C:\xampp2\htdocs\resto\system\Database\MySQLi\Connection.php(292): mysqli->query('INSERT INTO `us...', 0)
#1 C:\xampp2\htdocs\resto\system\Database\BaseConnection.php(670): CodeIgniter\Database\MySQLi\Connection->execute('INSERT INTO `us...')
#2 C:\xampp2\htdocs\resto\system\Database\BaseConnection.php(598): CodeIgniter\Database\BaseConnection->simpleQuery('INSERT INTO `us...')
#3 C:\xampp2\htdocs\resto\system\Database\BaseBuilder.php(1771): CodeIgniter\Database\BaseConnection->query('INSERT INTO `us...', Array, false)
#4 C:\xampp2\htdocs\resto\app\Controllers\User.php(47): CodeIgniter\Database\BaseBuilder->insert(Array)
#5 C:\xampp2\htdocs\resto\system\CodeIgniter.php(825): App\Controllers\User->insertuser()
#6 C:\xampp2\htdocs\resto\system\CodeIgniter.php(412): CodeIgniter\CodeIgniter->runController(Object(App\Controllers\User))
#7 C:\xampp2\htdocs\resto\system\CodeIgniter.php(320): CodeIgniter\CodeIgniter->handleRequest(NULL, Object(Config\Cache), false)
#8 C:\xampp2\htdocs\resto\public\index.php(37): CodeIgniter\CodeIgniter->run()
#9 C:\xampp2\htdocs\resto\system\Commands\Server\rewrite.php(43): require_once('C:\\xampp2\\htdoc...')
#10 {main}
ERROR - 2022-03-03 00:31:25 --> Column 'username' cannot be null
CRITICAL - 2022-03-03 00:31:25 --> Column 'username' cannot be null
#0 C:\xampp2\htdocs\resto\system\Database\MySQLi\Connection.php(292): mysqli->query('INSERT INTO `us...', 0)
#1 C:\xampp2\htdocs\resto\system\Database\BaseConnection.php(670): CodeIgniter\Database\MySQLi\Connection->execute('INSERT INTO `us...')
#2 C:\xampp2\htdocs\resto\system\Database\BaseConnection.php(598): CodeIgniter\Database\BaseConnection->simpleQuery('INSERT INTO `us...')
#3 C:\xampp2\htdocs\resto\system\Database\BaseBuilder.php(1771): CodeIgniter\Database\BaseConnection->query('INSERT INTO `us...', Array, false)
#4 C:\xampp2\htdocs\resto\app\Controllers\User.php(47): CodeIgniter\Database\BaseBuilder->insert(Array)
#5 C:\xampp2\htdocs\resto\system\CodeIgniter.php(825): App\Controllers\User->insertuser()
#6 C:\xampp2\htdocs\resto\system\CodeIgniter.php(412): CodeIgniter\CodeIgniter->runController(Object(App\Controllers\User))
#7 C:\xampp2\htdocs\resto\system\CodeIgniter.php(320): CodeIgniter\CodeIgniter->handleRequest(NULL, Object(Config\Cache), false)
#8 C:\xampp2\htdocs\resto\public\index.php(37): CodeIgniter\CodeIgniter->run()
#9 C:\xampp2\htdocs\resto\system\Commands\Server\rewrite.php(43): require_once('C:\\xampp2\\htdoc...')
#10 {main}
ERROR - 2022-03-03 00:31:28 --> Column 'username' cannot be null
CRITICAL - 2022-03-03 00:31:28 --> Column 'username' cannot be null
#0 C:\xampp2\htdocs\resto\system\Database\MySQLi\Connection.php(292): mysqli->query('INSERT INTO `us...', 0)
#1 C:\xampp2\htdocs\resto\system\Database\BaseConnection.php(670): CodeIgniter\Database\MySQLi\Connection->execute('INSERT INTO `us...')
#2 C:\xampp2\htdocs\resto\system\Database\BaseConnection.php(598): CodeIgniter\Database\BaseConnection->simpleQuery('INSERT INTO `us...')
#3 C:\xampp2\htdocs\resto\system\Database\BaseBuilder.php(1771): CodeIgniter\Database\BaseConnection->query('INSERT INTO `us...', Array, false)
#4 C:\xampp2\htdocs\resto\app\Controllers\User.php(47): CodeIgniter\Database\BaseBuilder->insert(Array)
#5 C:\xampp2\htdocs\resto\system\CodeIgniter.php(825): App\Controllers\User->insertuser()
#6 C:\xampp2\htdocs\resto\system\CodeIgniter.php(412): CodeIgniter\CodeIgniter->runController(Object(App\Controllers\User))
#7 C:\xampp2\htdocs\resto\system\CodeIgniter.php(320): CodeIgniter\CodeIgniter->handleRequest(NULL, Object(Config\Cache), false)
#8 C:\xampp2\htdocs\resto\public\index.php(37): CodeIgniter\CodeIgniter->run()
#9 C:\xampp2\htdocs\resto\system\Commands\Server\rewrite.php(43): require_once('C:\\xampp2\\htdoc...')
#10 {main}
ERROR - 2022-03-03 00:31:55 --> Column 'username' cannot be null
CRITICAL - 2022-03-03 00:31:55 --> Column 'username' cannot be null
#0 C:\xampp2\htdocs\resto\system\Database\MySQLi\Connection.php(292): mysqli->query('INSERT INTO `us...', 0)
#1 C:\xampp2\htdocs\resto\system\Database\BaseConnection.php(670): CodeIgniter\Database\MySQLi\Connection->execute('INSERT INTO `us...')
#2 C:\xampp2\htdocs\resto\system\Database\BaseConnection.php(598): CodeIgniter\Database\BaseConnection->simpleQuery('INSERT INTO `us...')
#3 C:\xampp2\htdocs\resto\system\Database\BaseBuilder.php(1771): CodeIgniter\Database\BaseConnection->query('INSERT INTO `us...', Array, false)
#4 C:\xampp2\htdocs\resto\app\Controllers\User.php(47): CodeIgniter\Database\BaseBuilder->insert(Array)
#5 C:\xampp2\htdocs\resto\system\CodeIgniter.php(825): App\Controllers\User->insertuser()
#6 C:\xampp2\htdocs\resto\system\CodeIgniter.php(412): CodeIgniter\CodeIgniter->runController(Object(App\Controllers\User))
#7 C:\xampp2\htdocs\resto\system\CodeIgniter.php(320): CodeIgniter\CodeIgniter->handleRequest(NULL, Object(Config\Cache), false)
#8 C:\xampp2\htdocs\resto\public\index.php(37): CodeIgniter\CodeIgniter->run()
#9 C:\xampp2\htdocs\resto\system\Commands\Server\rewrite.php(43): require_once('C:\\xampp2\\htdoc...')
#10 {main}
ERROR - 2022-03-03 00:31:58 --> Column 'username' cannot be null
CRITICAL - 2022-03-03 00:31:58 --> Column 'username' cannot be null
#0 C:\xampp2\htdocs\resto\system\Database\MySQLi\Connection.php(292): mysqli->query('INSERT INTO `us...', 0)
#1 C:\xampp2\htdocs\resto\system\Database\BaseConnection.php(670): CodeIgniter\Database\MySQLi\Connection->execute('INSERT INTO `us...')
#2 C:\xampp2\htdocs\resto\system\Database\BaseConnection.php(598): CodeIgniter\Database\BaseConnection->simpleQuery('INSERT INTO `us...')
#3 C:\xampp2\htdocs\resto\system\Database\BaseBuilder.php(1771): CodeIgniter\Database\BaseConnection->query('INSERT INTO `us...', Array, false)
#4 C:\xampp2\htdocs\resto\app\Controllers\User.php(47): CodeIgniter\Database\BaseBuilder->insert(Array)
#5 C:\xampp2\htdocs\resto\system\CodeIgniter.php(825): App\Controllers\User->insertuser()
#6 C:\xampp2\htdocs\resto\system\CodeIgniter.php(412): CodeIgniter\CodeIgniter->runController(Object(App\Controllers\User))
#7 C:\xampp2\htdocs\resto\system\CodeIgniter.php(320): CodeIgniter\CodeIgniter->handleRequest(NULL, Object(Config\Cache), false)
#8 C:\xampp2\htdocs\resto\public\index.php(37): CodeIgniter\CodeIgniter->run()
#9 C:\xampp2\htdocs\resto\system\Commands\Server\rewrite.php(43): require_once('C:\\xampp2\\htdoc...')
#10 {main}
CRITICAL - 2022-03-03 00:32:24 --> Undefined variable: user
#0 C:\xampp2\htdocs\resto\app\Views\user\index.php(33): CodeIgniter\Debug\Exceptions->errorHandler(8, 'Undefined varia...', 'C:\\xampp2\\htdoc...', 33, Array)
#1 C:\xampp2\htdocs\resto\system\View\View.php(210): include('C:\\xampp2\\htdoc...')
#2 C:\xampp2\htdocs\resto\system\View\View.php(213): CodeIgniter\View\View->CodeIgniter\View\{closure}()
#3 C:\xampp2\htdocs\resto\system\Common.php(1089): CodeIgniter\View\View->render('user/index', Array, true)
#4 C:\xampp2\htdocs\resto\app\Controllers\User.php(36): view('user/index', Array)
#5 C:\xampp2\htdocs\resto\system\CodeIgniter.php(825): App\Controllers\User->tambahuser()
#6 C:\xampp2\htdocs\resto\system\CodeIgniter.php(412): CodeIgniter\CodeIgniter->runController(Object(App\Controllers\User))
#7 C:\xampp2\htdocs\resto\system\CodeIgniter.php(320): CodeIgniter\CodeIgniter->handleRequest(NULL, Object(Config\Cache), false)
#8 C:\xampp2\htdocs\resto\public\index.php(37): CodeIgniter\CodeIgniter->run()
#9 C:\xampp2\htdocs\resto\system\Commands\Server\rewrite.php(43): require_once('C:\\xampp2\\htdoc...')
#10 {main}
ERROR - 2022-03-03 00:35:32 --> Cannot add or update a child row: a foreign key constraint fails (`dbresto`.`user`, CONSTRAINT `user_ibfk_1` FOREIGN KEY (`id_level`) REFERENCES `level` (`id_level`) ON DELETE CASCADE ON UPDATE CASCADE)
CRITICAL - 2022-03-03 00:35:32 --> Cannot add or update a child row: a foreign key constraint fails (`dbresto`.`user`, CONSTRAINT `user_ibfk_1` FOREIGN KEY (`id_level`) REFERENCES `level` (`id_level`) ON DELETE CASCADE ON UPDATE CASCADE)
#0 C:\xampp2\htdocs\resto\system\Database\MySQLi\Connection.php(292): mysqli->query('INSERT INTO `us...', 0)
#1 C:\xampp2\htdocs\resto\system\Database\BaseConnection.php(670): CodeIgniter\Database\MySQLi\Connection->execute('INSERT INTO `us...')
#2 C:\xampp2\htdocs\resto\system\Database\BaseConnection.php(598): CodeIgniter\Database\BaseConnection->simpleQuery('INSERT INTO `us...')
#3 C:\xampp2\htdocs\resto\system\Database\BaseBuilder.php(1771): CodeIgniter\Database\BaseConnection->query('INSERT INTO `us...', Array, false)
#4 C:\xampp2\htdocs\resto\app\Controllers\User.php(47): CodeIgniter\Database\BaseBuilder->insert(Array)
#5 C:\xampp2\htdocs\resto\system\CodeIgniter.php(825): App\Controllers\User->insertuser()
#6 C:\xampp2\htdocs\resto\system\CodeIgniter.php(412): CodeIgniter\CodeIgniter->runController(Object(App\Controllers\User))
#7 C:\xampp2\htdocs\resto\system\CodeIgniter.php(320): CodeIgniter\CodeIgniter->handleRequest(NULL, Object(Config\Cache), false)
#8 C:\xampp2\htdocs\resto\public\index.php(37): CodeIgniter\CodeIgniter->run()
#9 C:\xampp2\htdocs\resto\system\Commands\Server\rewrite.php(43): require_once('C:\\xampp2\\htdoc...')
#10 {main}
ERROR - 2022-03-03 00:36:27 --> Cannot add or update a child row: a foreign key constraint fails (`dbresto`.`user`, CONSTRAINT `user_ibfk_1` FOREIGN KEY (`id_level`) REFERENCES `level` (`id_level`) ON DELETE CASCADE ON UPDATE CASCADE)
CRITICAL - 2022-03-03 00:36:27 --> Cannot add or update a child row: a foreign key constraint fails (`dbresto`.`user`, CONSTRAINT `user_ibfk_1` FOREIGN KEY (`id_level`) REFERENCES `level` (`id_level`) ON DELETE CASCADE ON UPDATE CASCADE)
#0 C:\xampp2\htdocs\resto\system\Database\MySQLi\Connection.php(292): mysqli->query('INSERT INTO `us...', 0)
#1 C:\xampp2\htdocs\resto\system\Database\BaseConnection.php(670): CodeIgniter\Database\MySQLi\Connection->execute('INSERT INTO `us...')
#2 C:\xampp2\htdocs\resto\system\Database\BaseConnection.php(598): CodeIgniter\Database\BaseConnection->simpleQuery('INSERT INTO `us...')
#3 C:\xampp2\htdocs\resto\system\Database\BaseBuilder.php(1771): CodeIgniter\Database\BaseConnection->query('INSERT INTO `us...', Array, false)
#4 C:\xampp2\htdocs\resto\app\Controllers\User.php(47): CodeIgniter\Database\BaseBuilder->insert(Array)
#5 C:\xampp2\htdocs\resto\system\CodeIgniter.php(825): App\Controllers\User->insertuser()
#6 C:\xampp2\htdocs\resto\system\CodeIgniter.php(412): CodeIgniter\CodeIgniter->runController(Object(App\Controllers\User))
#7 C:\xampp2\htdocs\resto\system\CodeIgniter.php(320): CodeIgniter\CodeIgniter->handleRequest(NULL, Object(Config\Cache), false)
#8 C:\xampp2\htdocs\resto\public\index.php(37): CodeIgniter\CodeIgniter->run()
#9 C:\xampp2\htdocs\resto\system\Commands\Server\rewrite.php(43): require_once('C:\\xampp2\\htdoc...')
#10 {main}
ERROR - 2022-03-03 00:38:43 --> Cannot add or update a child row: a foreign key constraint fails (`dbresto`.`user`, CONSTRAINT `user_ibfk_1` FOREIGN KEY (`id_level`) REFERENCES `level` (`id_level`) ON DELETE CASCADE ON UPDATE CASCADE)
CRITICAL - 2022-03-03 00:38:43 --> Cannot add or update a child row: a foreign key constraint fails (`dbresto`.`user`, CONSTRAINT `user_ibfk_1` FOREIGN KEY (`id_level`) REFERENCES `level` (`id_level`) ON DELETE CASCADE ON UPDATE CASCADE)
#0 C:\xampp2\htdocs\resto\system\Database\MySQLi\Connection.php(292): mysqli->query('INSERT INTO `us...', 0)
#1 C:\xampp2\htdocs\resto\system\Database\BaseConnection.php(670): CodeIgniter\Database\MySQLi\Connection->execute('INSERT INTO `us...')
#2 C:\xampp2\htdocs\resto\system\Database\BaseConnection.php(598): CodeIgniter\Database\BaseConnection->simpleQuery('INSERT INTO `us...')
#3 C:\xampp2\htdocs\resto\system\Database\BaseBuilder.php(1771): CodeIgniter\Database\BaseConnection->query('INSERT INTO `us...', Array, false)
#4 C:\xampp2\htdocs\resto\app\Controllers\User.php(47): CodeIgniter\Database\BaseBuilder->insert(Array)
#5 C:\xampp2\htdocs\resto\system\CodeIgniter.php(825): App\Controllers\User->insertuser()
#6 C:\xampp2\htdocs\resto\system\CodeIgniter.php(412): CodeIgniter\CodeIgniter->runController(Object(App\Controllers\User))
#7 C:\xampp2\htdocs\resto\system\CodeIgniter.php(320): CodeIgniter\CodeIgniter->handleRequest(NULL, Object(Config\Cache), false)
#8 C:\xampp2\htdocs\resto\public\index.php(37): CodeIgniter\CodeIgniter->run()
#9 C:\xampp2\htdocs\resto\system\Commands\Server\rewrite.php(43): require_once('C:\\xampp2\\htdoc...')
#10 {main}
CRITICAL - 2022-03-03 00:40:21 --> Call to undefined method CodeIgniter\Database\MySQLi\Connection::aftectedRows()
#0 C:\xampp2\htdocs\resto\system\CodeIgniter.php(825): App\Controllers\User->insertuser()
#1 C:\xampp2\htdocs\resto\system\CodeIgniter.php(412): CodeIgniter\CodeIgniter->runController(Object(App\Controllers\User))
#2 C:\xampp2\htdocs\resto\system\CodeIgniter.php(320): CodeIgniter\CodeIgniter->handleRequest(NULL, Object(Config\Cache), false)
#3 C:\xampp2\htdocs\resto\public\index.php(37): CodeIgniter\CodeIgniter->run()
#4 C:\xampp2\htdocs\resto\system\Commands\Server\rewrite.php(43): require_once('C:\\xampp2\\htdoc...')
#5 {main}
CRITICAL - 2022-03-03 01:35:29 --> Invalid file: user/tambahmenu.php
#0 C:\xampp2\htdocs\resto\system\View\View.php(198): CodeIgniter\Exceptions\FrameworkException::forInvalidFile('user/tambahmenu...')
#1 C:\xampp2\htdocs\resto\system\Common.php(1089): CodeIgniter\View\View->render('user/tambahmenu', Array, true)
#2 C:\xampp2\htdocs\resto\app\Controllers\Menu.php(31): view('user/tambahmenu', Array)
#3 C:\xampp2\htdocs\resto\system\CodeIgniter.php(825): App\Controllers\Menu->tambahmenu()
#4 C:\xampp2\htdocs\resto\system\CodeIgniter.php(412): CodeIgniter\CodeIgniter->runController(Object(App\Controllers\Menu))
#5 C:\xampp2\htdocs\resto\system\CodeIgniter.php(320): CodeIgniter\CodeIgniter->handleRequest(NULL, Object(Config\Cache), false)
#6 C:\xampp2\htdocs\resto\public\index.php(37): CodeIgniter\CodeIgniter->run()
#7 C:\xampp2\htdocs\resto\system\Commands\Server\rewrite.php(43): require_once('C:\\xampp2\\htdoc...')
#8 {main}
CRITICAL - 2022-03-03 01:35:33 --> Invalid file: user/tambahmenu.php
#0 C:\xampp2\htdocs\resto\system\View\View.php(198): CodeIgniter\Exceptions\FrameworkException::forInvalidFile('user/tambahmenu...')
#1 C:\xampp2\htdocs\resto\system\Common.php(1089): CodeIgniter\View\View->render('user/tambahmenu', Array, true)
#2 C:\xampp2\htdocs\resto\app\Controllers\Menu.php(31): view('user/tambahmenu', Array)
#3 C:\xampp2\htdocs\resto\system\CodeIgniter.php(825): App\Controllers\Menu->tambahmenu()
#4 C:\xampp2\htdocs\resto\system\CodeIgniter.php(412): CodeIgniter\CodeIgniter->runController(Object(App\Controllers\Menu))
#5 C:\xampp2\htdocs\resto\system\CodeIgniter.php(320): CodeIgniter\CodeIgniter->handleRequest(NULL, Object(Config\Cache), false)
#6 C:\xampp2\htdocs\resto\public\index.php(37): CodeIgniter\CodeIgniter->run()
#7 C:\xampp2\htdocs\resto\system\Commands\Server\rewrite.php(43): require_once('C:\\xampp2\\htdoc...')
#8 {main}
CRITICAL - 2022-03-03 01:41:06 --> Invalid file: user/tambahmenu.php
#0 C:\xampp2\htdocs\resto\system\View\View.php(198): CodeIgniter\Exceptions\FrameworkException::forInvalidFile('user/tambahmenu...')
#1 C:\xampp2\htdocs\resto\system\Common.php(1089): CodeIgniter\View\View->render('user/tambahmenu', Array, true)
#2 C:\xampp2\htdocs\resto\app\Controllers\Menu.php(31): view('user/tambahmenu', Array)
#3 C:\xampp2\htdocs\resto\system\CodeIgniter.php(825): App\Controllers\Menu->tambahmenu()
#4 C:\xampp2\htdocs\resto\system\CodeIgniter.php(412): CodeIgniter\CodeIgniter->runController(Object(App\Controllers\Menu))
#5 C:\xampp2\htdocs\resto\system\CodeIgniter.php(320): CodeIgniter\CodeIgniter->handleRequest(NULL, Object(Config\Cache), false)
#6 C:\xampp2\htdocs\resto\public\index.php(37): CodeIgniter\CodeIgniter->run()
#7 C:\xampp2\htdocs\resto\system\Commands\Server\rewrite.php(43): require_once('C:\\xampp2\\htdoc...')
#8 {main}
CRITICAL - 2022-03-03 01:41:07 --> Invalid file: user/tambahmenu.php
#0 C:\xampp2\htdocs\resto\system\View\View.php(198): CodeIgniter\Exceptions\FrameworkException::forInvalidFile('user/tambahmenu...')
#1 C:\xampp2\htdocs\resto\system\Common.php(1089): CodeIgniter\View\View->render('user/tambahmenu', Array, true)
#2 C:\xampp2\htdocs\resto\app\Controllers\Menu.php(31): view('user/tambahmenu', Array)
#3 C:\xampp2\htdocs\resto\system\CodeIgniter.php(825): App\Controllers\Menu->tambahmenu()
#4 C:\xampp2\htdocs\resto\system\CodeIgniter.php(412): CodeIgniter\CodeIgniter->runController(Object(App\Controllers\Menu))
#5 C:\xampp2\htdocs\resto\system\CodeIgniter.php(320): CodeIgniter\CodeIgniter->handleRequest(NULL, Object(Config\Cache), false)
#6 C:\xampp2\htdocs\resto\public\index.php(37): CodeIgniter\CodeIgniter->run()
#7 C:\xampp2\htdocs\resto\system\Commands\Server\rewrite.php(43): require_once('C:\\xampp2\\htdoc...')
#8 {main}
CRITICAL - 2022-03-03 01:41:08 --> Invalid file: user/tambahmenu.php
#0 C:\xampp2\htdocs\resto\system\View\View.php(198): CodeIgniter\Exceptions\FrameworkException::forInvalidFile('user/tambahmenu...')
#1 C:\xampp2\htdocs\resto\system\Common.php(1089): CodeIgniter\View\View->render('user/tambahmenu', Array, true)
#2 C:\xampp2\htdocs\resto\app\Controllers\Menu.php(31): view('user/tambahmenu', Array)
#3 C:\xampp2\htdocs\resto\system\CodeIgniter.php(825): App\Controllers\Menu->tambahmenu()
#4 C:\xampp2\htdocs\resto\system\CodeIgniter.php(412): CodeIgniter\CodeIgniter->runController(Object(App\Controllers\Menu))
#5 C:\xampp2\htdocs\resto\system\CodeIgniter.php(320): CodeIgniter\CodeIgniter->handleRequest(NULL, Object(Config\Cache), false)
#6 C:\xampp2\htdocs\resto\public\index.php(37): CodeIgniter\CodeIgniter->run()
#7 C:\xampp2\htdocs\resto\system\Commands\Server\rewrite.php(43): require_once('C:\\xampp2\\htdoc...')
#8 {main}
CRITICAL - 2022-03-03 01:41:08 --> Invalid file: user/tambahmenu.php
#0 C:\xampp2\htdocs\resto\system\View\View.php(198): CodeIgniter\Exceptions\FrameworkException::forInvalidFile('user/tambahmenu...')
#1 C:\xampp2\htdocs\resto\system\Common.php(1089): CodeIgniter\View\View->render('user/tambahmenu', Array, true)
#2 C:\xampp2\htdocs\resto\app\Controllers\Menu.php(31): view('user/tambahmenu', Array)
#3 C:\xampp2\htdocs\resto\system\CodeIgniter.php(825): App\Controllers\Menu->tambahmenu()
#4 C:\xampp2\htdocs\resto\system\CodeIgniter.php(412): CodeIgniter\CodeIgniter->runController(Object(App\Controllers\Menu))
#5 C:\xampp2\htdocs\resto\system\CodeIgniter.php(320): CodeIgniter\CodeIgniter->handleRequest(NULL, Object(Config\Cache), false)
#6 C:\xampp2\htdocs\resto\public\index.php(37): CodeIgniter\CodeIgniter->run()
#7 C:\xampp2\htdocs\resto\system\Commands\Server\rewrite.php(43): require_once('C:\\xampp2\\htdoc...')
#8 {main}
CRITICAL - 2022-03-03 01:41:09 --> Invalid file: user/tambahmenu.php
#0 C:\xampp2\htdocs\resto\system\View\View.php(198): CodeIgniter\Exceptions\FrameworkException::forInvalidFile('user/tambahmenu...')
#1 C:\xampp2\htdocs\resto\system\Common.php(1089): CodeIgniter\View\View->render('user/tambahmenu', Array, true)
#2 C:\xampp2\htdocs\resto\app\Controllers\Menu.php(31): view('user/tambahmenu', Array)
#3 C:\xampp2\htdocs\resto\system\CodeIgniter.php(825): App\Controllers\Menu->tambahmenu()
#4 C:\xampp2\htdocs\resto\system\CodeIgniter.php(412): CodeIgniter\CodeIgniter->runController(Object(App\Controllers\Menu))
#5 C:\xampp2\htdocs\resto\system\CodeIgniter.php(320): CodeIgniter\CodeIgniter->handleRequest(NULL, Object(Config\Cache), false)
#6 C:\xampp2\htdocs\resto\public\index.php(37): CodeIgniter\CodeIgniter->run()
#7 C:\xampp2\htdocs\resto\system\Commands\Server\rewrite.php(43): require_once('C:\\xampp2\\htdoc...')
#8 {main}
CRITICAL - 2022-03-03 01:41:15 --> Invalid file: user/tambahmenu.php
#0 C:\xampp2\htdocs\resto\system\View\View.php(198): CodeIgniter\Exceptions\FrameworkException::forInvalidFile('user/tambahmenu...')
#1 C:\xampp2\htdocs\resto\system\Common.php(1089): CodeIgniter\View\View->render('user/tambahmenu', Array, true)
#2 C:\xampp2\htdocs\resto\app\Controllers\Menu.php(31): view('user/tambahmenu', Array)
#3 C:\xampp2\htdocs\resto\system\CodeIgniter.php(825): App\Controllers\Menu->tambahmenu()
#4 C:\xampp2\htdocs\resto\system\CodeIgniter.php(412): CodeIgniter\CodeIgniter->runController(Object(App\Controllers\Menu))
#5 C:\xampp2\htdocs\resto\system\CodeIgniter.php(320): CodeIgniter\CodeIgniter->handleRequest(NULL, Object(Config\Cache), false)
#6 C:\xampp2\htdocs\resto\public\index.php(37): CodeIgniter\CodeIgniter->run()
#7 C:\xampp2\htdocs\resto\system\Commands\Server\rewrite.php(43): require_once('C:\\xampp2\\htdoc...')
#8 {main}
CRITICAL - 2022-03-03 06:02:56 --> Invalid file: user/tambahmenu.php
#0 C:\xampp2\htdocs\resto\system\View\View.php(198): CodeIgniter\Exceptions\FrameworkException::forInvalidFile('user/tambahmenu...')
#1 C:\xampp2\htdocs\resto\system\Common.php(1089): CodeIgniter\View\View->render('user/tambahmenu', Array, true)
#2 C:\xampp2\htdocs\resto\app\Controllers\Menu.php(31): view('user/tambahmenu', Array)
#3 C:\xampp2\htdocs\resto\system\CodeIgniter.php(825): App\Controllers\Menu->tambahmenu()
#4 C:\xampp2\htdocs\resto\system\CodeIgniter.php(412): CodeIgniter\CodeIgniter->runController(Object(App\Controllers\Menu))
#5 C:\xampp2\htdocs\resto\system\CodeIgniter.php(320): CodeIgniter\CodeIgniter->handleRequest(NULL, Object(Config\Cache), false)
#6 C:\xampp2\htdocs\resto\public\index.php(37): CodeIgniter\CodeIgniter->run()
#7 C:\xampp2\htdocs\resto\system\Commands\Server\rewrite.php(43): require_once('C:\\xampp2\\htdoc...')
#8 {main}
CRITICAL - 2022-03-03 06:04:49 --> Invalid file: user/tambahmenu.php
#0 C:\xampp2\htdocs\resto\system\View\View.php(198): CodeIgniter\Exceptions\FrameworkException::forInvalidFile('user/tambahmenu...')
#1 C:\xampp2\htdocs\resto\system\Common.php(1089): CodeIgniter\View\View->render('user/tambahmenu', Array, true)
#2 C:\xampp2\htdocs\resto\app\Controllers\Menu.php(31): view('user/tambahmenu', Array)
#3 C:\xampp2\htdocs\resto\system\CodeIgniter.php(825): App\Controllers\Menu->tambahmenu()
#4 C:\xampp2\htdocs\resto\system\CodeIgniter.php(412): CodeIgniter\CodeIgniter->runController(Object(App\Controllers\Menu))
#5 C:\xampp2\htdocs\resto\system\CodeIgniter.php(320): CodeIgniter\CodeIgniter->handleRequest(NULL, Object(Config\Cache), false)
#6 C:\xampp2\htdocs\resto\public\index.php(37): CodeIgniter\CodeIgniter->run()
#7 C:\xampp2\htdocs\resto\system\Commands\Server\rewrite.php(43): require_once('C:\\xampp2\\htdoc...')
#8 {main}
CRITICAL - 2022-03-03 06:04:54 --> Invalid file: user/tambahmenu.php
#0 C:\xampp2\htdocs\resto\system\View\View.php(198): CodeIgniter\Exceptions\FrameworkException::forInvalidFile('user/tambahmenu...')
#1 C:\xampp2\htdocs\resto\system\Common.php(1089): CodeIgniter\View\View->render('user/tambahmenu', Array, true)
#2 C:\xampp2\htdocs\resto\app\Controllers\Menu.php(31): view('user/tambahmenu', Array)
#3 C:\xampp2\htdocs\resto\system\CodeIgniter.php(825): App\Controllers\Menu->tambahmenu()
#4 C:\xampp2\htdocs\resto\system\CodeIgniter.php(412): CodeIgniter\CodeIgniter->runController(Object(App\Controllers\Menu))
#5 C:\xampp2\htdocs\resto\system\CodeIgniter.php(320): CodeIgniter\CodeIgniter->handleRequest(NULL, Object(Config\Cache), false)
#6 C:\xampp2\htdocs\resto\public\index.php(37): CodeIgniter\CodeIgniter->run()
#7 C:\xampp2\htdocs\resto\system\Commands\Server\rewrite.php(43): require_once('C:\\xampp2\\htdoc...')
#8 {main}
CRITICAL - 2022-03-03 07:37:56 --> Undefined variable: judul
#0 C:\xampp2\htdocs\resto\app\Views\menu\updatemenu.php(6): CodeIgniter\Debug\Exceptions->errorHandler(8, 'Undefined varia...', 'C:\\xampp2\\htdoc...', 6, Array)
#1 C:\xampp2\htdocs\resto\system\View\View.php(210): include('C:\\xampp2\\htdoc...')
#2 C:\xampp2\htdocs\resto\system\View\View.php(213): CodeIgniter\View\View->CodeIgniter\View\{closure}()
#3 C:\xampp2\htdocs\resto\system\Common.php(1089): CodeIgniter\View\View->render('menu/updatemenu', Array, true)
#4 C:\xampp2\htdocs\resto\app\Controllers\Menu.php(55): view('menu/updatemenu')
#5 C:\xampp2\htdocs\resto\system\CodeIgniter.php(825): App\Controllers\Menu->ubahmenu()
#6 C:\xampp2\htdocs\resto\system\CodeIgniter.php(412): CodeIgniter\CodeIgniter->runController(Object(App\Controllers\Menu))
#7 C:\xampp2\htdocs\resto\system\CodeIgniter.php(320): CodeIgniter\CodeIgniter->handleRequest(NULL, Object(Config\Cache), false)
#8 C:\xampp2\htdocs\resto\public\index.php(37): CodeIgniter\CodeIgniter->run()
#9 C:\xampp2\htdocs\resto\system\Commands\Server\rewrite.php(43): require_once('C:\\xampp2\\htdoc...')
#10 {main}
