ERROR - 2022-03-25 02:20:42 --> Error connecting to the database: No connection could be made because the target machine actively refused it.

CRITICAL - 2022-03-25 02:20:42 --> Unable to connect to the database.
Main connection [MySQLi]: No connection could be made because the target machine actively refused it.

#0 C:\xampp\htdocs\resto\system\Database\BaseConnection.php(577): CodeIgniter\Database\BaseConnection->initialize()
#1 C:\xampp\htdocs\resto\system\Database\BaseBuilder.php(1588): CodeIgniter\Database\BaseConnection->query('SELECT *\nFROM `...', Array, false)
#2 C:\xampp\htdocs\resto\app\Controllers\Login.php(26): CodeIgniter\Database\BaseBuilder->getWhere(Array)
#3 C:\xampp\htdocs\resto\system\CodeIgniter.php(825): App\Controllers\Login->masuk()
#4 C:\xampp\htdocs\resto\system\CodeIgniter.php(412): CodeIgniter\CodeIgniter->runController(Object(App\Controllers\Login))
#5 C:\xampp\htdocs\resto\system\CodeIgniter.php(320): CodeIgniter\CodeIgniter->handleRequest(NULL, Object(Config\Cache), false)
#6 C:\xampp\htdocs\resto\public\index.php(37): CodeIgniter\CodeIgniter->run()
#7 C:\xampp\htdocs\resto\system\Commands\Server\rewrite.php(43): require_once('C:\\xampp\\htdocs...')
#8 {main}
CRITICAL - 2022-03-25 14:26:42 --> Undefined variable: title
#0 C:\xampp\htdocs\resto\app\Views\pages\index.php(10): CodeIgniter\Debug\Exceptions->errorHandler(8, 'Undefined varia...', 'C:\\xampp\\htdocs...', 10, Array)
#1 C:\xampp\htdocs\resto\system\View\View.php(210): include('C:\\xampp\\htdocs...')
#2 C:\xampp\htdocs\resto\system\View\View.php(213): CodeIgniter\View\View->CodeIgniter\View\{closure}()
#3 C:\xampp\htdocs\resto\system\View\View.php(226): CodeIgniter\View\View->render('pages/index', Array, true)
#4 C:\xampp\htdocs\resto\system\Common.php(1089): CodeIgniter\View\View->render('order/index', Array, true)
#5 C:\xampp\htdocs\resto\app\Controllers\Order.php(32): view('order/index', Array)
#6 C:\xampp\htdocs\resto\system\CodeIgniter.php(825): App\Controllers\Order->index()
#7 C:\xampp\htdocs\resto\system\CodeIgniter.php(412): CodeIgniter\CodeIgniter->runController(Object(App\Controllers\Order))
#8 C:\xampp\htdocs\resto\system\CodeIgniter.php(320): CodeIgniter\CodeIgniter->handleRequest(NULL, Object(Config\Cache), false)
#9 C:\xampp\htdocs\resto\public\index.php(37): CodeIgniter\CodeIgniter->run()
#10 C:\xampp\htdocs\resto\system\Commands\Server\rewrite.php(43): require_once('C:\\xampp\\htdocs...')
#11 {main}
CRITICAL - 2022-03-25 14:29:47 --> syntax error, unexpected '}', expecting end of file
#0 C:\xampp\htdocs\resto\system\Autoloader\Autoloader.php(241): CodeIgniter\Autoloader\Autoloader->includeFile('C:\\xampp\\htdocs...')
#1 C:\xampp\htdocs\resto\system\Autoloader\Autoloader.php(219): CodeIgniter\Autoloader\Autoloader->loadInNamespace('App\\Controllers...')
#2 [internal function]: CodeIgniter\Autoloader\Autoloader->loadClass('App\\Controllers...')
#3 [internal function]: spl_autoload_call('App\\Controllers...')
#4 C:\xampp\htdocs\resto\system\CodeIgniter.php(790): class_exists('\\App\\Controller...', true)
#5 C:\xampp\htdocs\resto\system\CodeIgniter.php(399): CodeIgniter\CodeIgniter->startController()
#6 C:\xampp\htdocs\resto\system\CodeIgniter.php(320): CodeIgniter\CodeIgniter->handleRequest(NULL, Object(Config\Cache), false)
#7 C:\xampp\htdocs\resto\public\index.php(37): CodeIgniter\CodeIgniter->run()
#8 C:\xampp\htdocs\resto\system\Commands\Server\rewrite.php(43): require_once('C:\\xampp\\htdocs...')
#9 {main}
CRITICAL - 2022-03-25 14:31:13 --> syntax error, unexpected '}', expecting end of file
#0 C:\xampp\htdocs\resto\system\Autoloader\Autoloader.php(241): CodeIgniter\Autoloader\Autoloader->includeFile('C:\\xampp\\htdocs...')
#1 C:\xampp\htdocs\resto\system\Autoloader\Autoloader.php(219): CodeIgniter\Autoloader\Autoloader->loadInNamespace('App\\Controllers...')
#2 [internal function]: CodeIgniter\Autoloader\Autoloader->loadClass('App\\Controllers...')
#3 [internal function]: spl_autoload_call('App\\Controllers...')
#4 C:\xampp\htdocs\resto\system\CodeIgniter.php(790): class_exists('\\App\\Controller...', true)
#5 C:\xampp\htdocs\resto\system\CodeIgniter.php(399): CodeIgniter\CodeIgniter->startController()
#6 C:\xampp\htdocs\resto\system\CodeIgniter.php(320): CodeIgniter\CodeIgniter->handleRequest(NULL, Object(Config\Cache), false)
#7 C:\xampp\htdocs\resto\public\index.php(37): CodeIgniter\CodeIgniter->run()
#8 C:\xampp\htdocs\resto\system\Commands\Server\rewrite.php(43): require_once('C:\\xampp\\htdocs...')
#9 {main}
CRITICAL - 2022-03-25 14:31:14 --> syntax error, unexpected '}', expecting end of file
#0 C:\xampp\htdocs\resto\system\Autoloader\Autoloader.php(241): CodeIgniter\Autoloader\Autoloader->includeFile('C:\\xampp\\htdocs...')
#1 C:\xampp\htdocs\resto\system\Autoloader\Autoloader.php(219): CodeIgniter\Autoloader\Autoloader->loadInNamespace('App\\Controllers...')
#2 [internal function]: CodeIgniter\Autoloader\Autoloader->loadClass('App\\Controllers...')
#3 [internal function]: spl_autoload_call('App\\Controllers...')
#4 C:\xampp\htdocs\resto\system\CodeIgniter.php(790): class_exists('\\App\\Controller...', true)
#5 C:\xampp\htdocs\resto\system\CodeIgniter.php(399): CodeIgniter\CodeIgniter->startController()
#6 C:\xampp\htdocs\resto\system\CodeIgniter.php(320): CodeIgniter\CodeIgniter->handleRequest(NULL, Object(Config\Cache), false)
#7 C:\xampp\htdocs\resto\public\index.php(37): CodeIgniter\CodeIgniter->run()
#8 C:\xampp\htdocs\resto\system\Commands\Server\rewrite.php(43): require_once('C:\\xampp\\htdocs...')
#9 {main}
CRITICAL - 2022-03-25 14:31:15 --> syntax error, unexpected '}', expecting end of file
#0 C:\xampp\htdocs\resto\system\Autoloader\Autoloader.php(241): CodeIgniter\Autoloader\Autoloader->includeFile('C:\\xampp\\htdocs...')
#1 C:\xampp\htdocs\resto\system\Autoloader\Autoloader.php(219): CodeIgniter\Autoloader\Autoloader->loadInNamespace('App\\Controllers...')
#2 [internal function]: CodeIgniter\Autoloader\Autoloader->loadClass('App\\Controllers...')
#3 [internal function]: spl_autoload_call('App\\Controllers...')
#4 C:\xampp\htdocs\resto\system\CodeIgniter.php(790): class_exists('\\App\\Controller...', true)
#5 C:\xampp\htdocs\resto\system\CodeIgniter.php(399): CodeIgniter\CodeIgniter->startController()
#6 C:\xampp\htdocs\resto\system\CodeIgniter.php(320): CodeIgniter\CodeIgniter->handleRequest(NULL, Object(Config\Cache), false)
#7 C:\xampp\htdocs\resto\public\index.php(37): CodeIgniter\CodeIgniter->run()
#8 C:\xampp\htdocs\resto\system\Commands\Server\rewrite.php(43): require_once('C:\\xampp\\htdocs...')
#9 {main}
CRITICAL - 2022-03-25 14:31:15 --> syntax error, unexpected '}', expecting end of file
#0 C:\xampp\htdocs\resto\system\Autoloader\Autoloader.php(241): CodeIgniter\Autoloader\Autoloader->includeFile('C:\\xampp\\htdocs...')
#1 C:\xampp\htdocs\resto\system\Autoloader\Autoloader.php(219): CodeIgniter\Autoloader\Autoloader->loadInNamespace('App\\Controllers...')
#2 [internal function]: CodeIgniter\Autoloader\Autoloader->loadClass('App\\Controllers...')
#3 [internal function]: spl_autoload_call('App\\Controllers...')
#4 C:\xampp\htdocs\resto\system\CodeIgniter.php(790): class_exists('\\App\\Controller...', true)
#5 C:\xampp\htdocs\resto\system\CodeIgniter.php(399): CodeIgniter\CodeIgniter->startController()
#6 C:\xampp\htdocs\resto\system\CodeIgniter.php(320): CodeIgniter\CodeIgniter->handleRequest(NULL, Object(Config\Cache), false)
#7 C:\xampp\htdocs\resto\public\index.php(37): CodeIgniter\CodeIgniter->run()
#8 C:\xampp\htdocs\resto\system\Commands\Server\rewrite.php(43): require_once('C:\\xampp\\htdocs...')
#9 {main}
CRITICAL - 2022-03-25 14:32:57 --> syntax error, unexpected '}', expecting end of file
#0 C:\xampp\htdocs\resto\system\Autoloader\Autoloader.php(241): CodeIgniter\Autoloader\Autoloader->includeFile('C:\\xampp\\htdocs...')
#1 C:\xampp\htdocs\resto\system\Autoloader\Autoloader.php(219): CodeIgniter\Autoloader\Autoloader->loadInNamespace('App\\Controllers...')
#2 [internal function]: CodeIgniter\Autoloader\Autoloader->loadClass('App\\Controllers...')
#3 [internal function]: spl_autoload_call('App\\Controllers...')
#4 C:\xampp\htdocs\resto\system\CodeIgniter.php(790): class_exists('\\App\\Controller...', true)
#5 C:\xampp\htdocs\resto\system\CodeIgniter.php(399): CodeIgniter\CodeIgniter->startController()
#6 C:\xampp\htdocs\resto\system\CodeIgniter.php(320): CodeIgniter\CodeIgniter->handleRequest(NULL, Object(Config\Cache), false)
#7 C:\xampp\htdocs\resto\public\index.php(37): CodeIgniter\CodeIgniter->run()
#8 C:\xampp\htdocs\resto\system\Commands\Server\rewrite.php(43): require_once('C:\\xampp\\htdocs...')
#9 {main}
CRITICAL - 2022-03-25 14:33:02 --> syntax error, unexpected '}', expecting end of file
#0 C:\xampp\htdocs\resto\system\Autoloader\Autoloader.php(241): CodeIgniter\Autoloader\Autoloader->includeFile('C:\\xampp\\htdocs...')
#1 C:\xampp\htdocs\resto\system\Autoloader\Autoloader.php(219): CodeIgniter\Autoloader\Autoloader->loadInNamespace('App\\Controllers...')
#2 [internal function]: CodeIgniter\Autoloader\Autoloader->loadClass('App\\Controllers...')
#3 [internal function]: spl_autoload_call('App\\Controllers...')
#4 C:\xampp\htdocs\resto\system\CodeIgniter.php(790): class_exists('\\App\\Controller...', true)
#5 C:\xampp\htdocs\resto\system\CodeIgniter.php(399): CodeIgniter\CodeIgniter->startController()
#6 C:\xampp\htdocs\resto\system\CodeIgniter.php(320): CodeIgniter\CodeIgniter->handleRequest(NULL, Object(Config\Cache), false)
#7 C:\xampp\htdocs\resto\public\index.php(37): CodeIgniter\CodeIgniter->run()
#8 C:\xampp\htdocs\resto\system\Commands\Server\rewrite.php(43): require_once('C:\\xampp\\htdocs...')
#9 {main}
CRITICAL - 2022-03-25 14:33:42 --> Undefined variable: title
#0 C:\xampp\htdocs\resto\app\Views\pages\index.php(10): CodeIgniter\Debug\Exceptions->errorHandler(8, 'Undefined varia...', 'C:\\xampp\\htdocs...', 10, Array)
#1 C:\xampp\htdocs\resto\system\View\View.php(210): include('C:\\xampp\\htdocs...')
#2 C:\xampp\htdocs\resto\system\View\View.php(213): CodeIgniter\View\View->CodeIgniter\View\{closure}()
#3 C:\xampp\htdocs\resto\system\View\View.php(226): CodeIgniter\View\View->render('pages/index', Array, true)
#4 C:\xampp\htdocs\resto\system\Common.php(1089): CodeIgniter\View\View->render('transaksi/index', Array, true)
#5 C:\xampp\htdocs\resto\app\Controllers\Transaksi.php(28): view('transaksi/index', Array)
#6 C:\xampp\htdocs\resto\system\CodeIgniter.php(825): App\Controllers\Transaksi->index()
#7 C:\xampp\htdocs\resto\system\CodeIgniter.php(412): CodeIgniter\CodeIgniter->runController(Object(App\Controllers\Transaksi))
#8 C:\xampp\htdocs\resto\system\CodeIgniter.php(320): CodeIgniter\CodeIgniter->handleRequest(NULL, Object(Config\Cache), false)
#9 C:\xampp\htdocs\resto\public\index.php(37): CodeIgniter\CodeIgniter->run()
#10 C:\xampp\htdocs\resto\system\Commands\Server\rewrite.php(43): require_once('C:\\xampp\\htdocs...')
#11 {main}
CRITICAL - 2022-03-25 14:38:15 --> Undefined variable: judul
#0 C:\xampp\htdocs\resto\app\Views\Transaksi\index.php(6): CodeIgniter\Debug\Exceptions->errorHandler(8, 'Undefined varia...', 'C:\\xampp\\htdocs...', 6, Array)
#1 C:\xampp\htdocs\resto\system\View\View.php(210): include('C:\\xampp\\htdocs...')
#2 C:\xampp\htdocs\resto\system\View\View.php(213): CodeIgniter\View\View->CodeIgniter\View\{closure}()
#3 C:\xampp\htdocs\resto\system\Common.php(1089): CodeIgniter\View\View->render('transaksi/index', Array, true)
#4 C:\xampp\htdocs\resto\app\Controllers\Transaksi.php(29): view('transaksi/index', Array)
#5 C:\xampp\htdocs\resto\system\CodeIgniter.php(825): App\Controllers\Transaksi->index()
#6 C:\xampp\htdocs\resto\system\CodeIgniter.php(412): CodeIgniter\CodeIgniter->runController(Object(App\Controllers\Transaksi))
#7 C:\xampp\htdocs\resto\system\CodeIgniter.php(320): CodeIgniter\CodeIgniter->handleRequest(NULL, Object(Config\Cache), false)
#8 C:\xampp\htdocs\resto\public\index.php(37): CodeIgniter\CodeIgniter->run()
#9 C:\xampp\htdocs\resto\system\Commands\Server\rewrite.php(43): require_once('C:\\xampp\\htdocs...')
#10 {main}
CRITICAL - 2022-03-25 14:40:57 --> Undefined variable: judul
#0 C:\xampp\htdocs\resto\app\Views\order\index.php(6): CodeIgniter\Debug\Exceptions->errorHandler(8, 'Undefined varia...', 'C:\\xampp\\htdocs...', 6, Array)
#1 C:\xampp\htdocs\resto\system\View\View.php(210): include('C:\\xampp\\htdocs...')
#2 C:\xampp\htdocs\resto\system\View\View.php(213): CodeIgniter\View\View->CodeIgniter\View\{closure}()
#3 C:\xampp\htdocs\resto\system\Common.php(1089): CodeIgniter\View\View->render('order/index', Array, true)
#4 C:\xampp\htdocs\resto\app\Controllers\Order.php(33): view('order/index', Array)
#5 C:\xampp\htdocs\resto\system\CodeIgniter.php(825): App\Controllers\Order->index()
#6 C:\xampp\htdocs\resto\system\CodeIgniter.php(412): CodeIgniter\CodeIgniter->runController(Object(App\Controllers\Order))
#7 C:\xampp\htdocs\resto\system\CodeIgniter.php(320): CodeIgniter\CodeIgniter->handleRequest(NULL, Object(Config\Cache), false)
#8 C:\xampp\htdocs\resto\public\index.php(37): CodeIgniter\CodeIgniter->run()
#9 C:\xampp\htdocs\resto\system\Commands\Server\rewrite.php(43): require_once('C:\\xampp\\htdocs...')
#10 {main}
ERROR - 2022-03-25 19:51:36 --> Error connecting to the database: No connection could be made because the target machine actively refused it.

CRITICAL - 2022-03-25 19:51:36 --> Unable to connect to the database.
Main connection [MySQLi]: No connection could be made because the target machine actively refused it.

#0 C:\xampp\htdocs\resto\system\Database\BaseConnection.php(577): CodeIgniter\Database\BaseConnection->initialize()
#1 C:\xampp\htdocs\resto\system\Database\BaseBuilder.php(1588): CodeIgniter\Database\BaseConnection->query('SELECT *\nFROM `...', Array, false)
#2 C:\xampp\htdocs\resto\app\Controllers\Login.php(26): CodeIgniter\Database\BaseBuilder->getWhere(Array)
#3 C:\xampp\htdocs\resto\system\CodeIgniter.php(825): App\Controllers\Login->masuk()
#4 C:\xampp\htdocs\resto\system\CodeIgniter.php(412): CodeIgniter\CodeIgniter->runController(Object(App\Controllers\Login))
#5 C:\xampp\htdocs\resto\system\CodeIgniter.php(320): CodeIgniter\CodeIgniter->handleRequest(NULL, Object(Config\Cache), false)
#6 C:\xampp\htdocs\resto\public\index.php(37): CodeIgniter\CodeIgniter->run()
#7 C:\xampp\htdocs\resto\system\Commands\Server\rewrite.php(43): require_once('C:\\xampp\\htdocs...')
#8 {main}
CRITICAL - 2022-03-25 19:52:00 --> Undefined index: username
#0 C:\xampp\htdocs\resto\app\Controllers\Login.php(26): CodeIgniter\Debug\Exceptions->errorHandler(8, 'Undefined index...', 'C:\\xampp\\htdocs...', 26, Array)
#1 C:\xampp\htdocs\resto\system\CodeIgniter.php(825): App\Controllers\Login->masuk()
#2 C:\xampp\htdocs\resto\system\CodeIgniter.php(412): CodeIgniter\CodeIgniter->runController(Object(App\Controllers\Login))
#3 C:\xampp\htdocs\resto\system\CodeIgniter.php(320): CodeIgniter\CodeIgniter->handleRequest(NULL, Object(Config\Cache), false)
#4 C:\xampp\htdocs\resto\public\index.php(37): CodeIgniter\CodeIgniter->run()
#5 C:\xampp\htdocs\resto\system\Commands\Server\rewrite.php(43): require_once('C:\\xampp\\htdocs...')
#6 {main}
CRITICAL - 2022-03-25 19:52:05 --> Undefined index: username
#0 C:\xampp\htdocs\resto\app\Controllers\Login.php(26): CodeIgniter\Debug\Exceptions->errorHandler(8, 'Undefined index...', 'C:\\xampp\\htdocs...', 26, Array)
#1 C:\xampp\htdocs\resto\system\CodeIgniter.php(825): App\Controllers\Login->masuk()
#2 C:\xampp\htdocs\resto\system\CodeIgniter.php(412): CodeIgniter\CodeIgniter->runController(Object(App\Controllers\Login))
#3 C:\xampp\htdocs\resto\system\CodeIgniter.php(320): CodeIgniter\CodeIgniter->handleRequest(NULL, Object(Config\Cache), false)
#4 C:\xampp\htdocs\resto\public\index.php(37): CodeIgniter\CodeIgniter->run()
#5 C:\xampp\htdocs\resto\system\Commands\Server\rewrite.php(43): require_once('C:\\xampp\\htdocs...')
#6 {main}
CRITICAL - 2022-03-25 20:59:14 --> Invalid file: order/order.php
#0 C:\xampp\htdocs\resto\system\View\View.php(198): CodeIgniter\Exceptions\FrameworkException::forInvalidFile('order/order.php')
#1 C:\xampp\htdocs\resto\system\Common.php(1089): CodeIgniter\View\View->render('order/order', Array, true)
#2 C:\xampp\htdocs\resto\app\Controllers\Order.php(58): view('order/order', Array)
#3 C:\xampp\htdocs\resto\system\CodeIgniter.php(825): App\Controllers\Order->order()
#4 C:\xampp\htdocs\resto\system\CodeIgniter.php(412): CodeIgniter\CodeIgniter->runController(Object(App\Controllers\Order))
#5 C:\xampp\htdocs\resto\system\CodeIgniter.php(320): CodeIgniter\CodeIgniter->handleRequest(NULL, Object(Config\Cache), false)
#6 C:\xampp\htdocs\resto\public\index.php(37): CodeIgniter\CodeIgniter->run()
#7 C:\xampp\htdocs\resto\system\Commands\Server\rewrite.php(43): require_once('C:\\xampp\\htdocs...')
#8 {main}
CRITICAL - 2022-03-25 21:14:32 --> Undefined variable: validation
#0 C:\xampp\htdocs\resto\app\Views\order\order.php(23): CodeIgniter\Debug\Exceptions->errorHandler(8, 'Undefined varia...', 'C:\\xampp\\htdocs...', 23, Array)
#1 C:\xampp\htdocs\resto\system\View\View.php(210): include('C:\\xampp\\htdocs...')
#2 C:\xampp\htdocs\resto\system\View\View.php(213): CodeIgniter\View\View->CodeIgniter\View\{closure}()
#3 C:\xampp\htdocs\resto\system\Common.php(1089): CodeIgniter\View\View->render('order/order', Array, true)
#4 C:\xampp\htdocs\resto\app\Controllers\Order.php(58): view('order/order', Array)
#5 C:\xampp\htdocs\resto\system\CodeIgniter.php(825): App\Controllers\Order->order()
#6 C:\xampp\htdocs\resto\system\CodeIgniter.php(412): CodeIgniter\CodeIgniter->runController(Object(App\Controllers\Order))
#7 C:\xampp\htdocs\resto\system\CodeIgniter.php(320): CodeIgniter\CodeIgniter->handleRequest(NULL, Object(Config\Cache), false)
#8 C:\xampp\htdocs\resto\public\index.php(37): CodeIgniter\CodeIgniter->run()
#9 C:\xampp\htdocs\resto\system\Commands\Server\rewrite.php(43): require_once('C:\\xampp\\htdocs...')
#10 {main}
CRITICAL - 2022-03-25 21:15:20 --> Undefined variable: validation
#0 C:\xampp\htdocs\resto\app\Views\order\order.php(26): CodeIgniter\Debug\Exceptions->errorHandler(8, 'Undefined varia...', 'C:\\xampp\\htdocs...', 26, Array)
#1 C:\xampp\htdocs\resto\system\View\View.php(210): include('C:\\xampp\\htdocs...')
#2 C:\xampp\htdocs\resto\system\View\View.php(213): CodeIgniter\View\View->CodeIgniter\View\{closure}()
#3 C:\xampp\htdocs\resto\system\Common.php(1089): CodeIgniter\View\View->render('order/order', Array, true)
#4 C:\xampp\htdocs\resto\app\Controllers\Order.php(58): view('order/order', Array)
#5 C:\xampp\htdocs\resto\system\CodeIgniter.php(825): App\Controllers\Order->order()
#6 C:\xampp\htdocs\resto\system\CodeIgniter.php(412): CodeIgniter\CodeIgniter->runController(Object(App\Controllers\Order))
#7 C:\xampp\htdocs\resto\system\CodeIgniter.php(320): CodeIgniter\CodeIgniter->handleRequest(NULL, Object(Config\Cache), false)
#8 C:\xampp\htdocs\resto\public\index.php(37): CodeIgniter\CodeIgniter->run()
#9 C:\xampp\htdocs\resto\system\Commands\Server\rewrite.php(43): require_once('C:\\xampp\\htdocs...')
#10 {main}
CRITICAL - 2022-03-25 21:16:08 --> Undefined variable: validation
#0 C:\xampp\htdocs\resto\app\Views\order\order.php(37): CodeIgniter\Debug\Exceptions->errorHandler(8, 'Undefined varia...', 'C:\\xampp\\htdocs...', 37, Array)
#1 C:\xampp\htdocs\resto\system\View\View.php(210): include('C:\\xampp\\htdocs...')
#2 C:\xampp\htdocs\resto\system\View\View.php(213): CodeIgniter\View\View->CodeIgniter\View\{closure}()
#3 C:\xampp\htdocs\resto\system\Common.php(1089): CodeIgniter\View\View->render('order/order', Array, true)
#4 C:\xampp\htdocs\resto\app\Controllers\Order.php(58): view('order/order', Array)
#5 C:\xampp\htdocs\resto\system\CodeIgniter.php(825): App\Controllers\Order->order()
#6 C:\xampp\htdocs\resto\system\CodeIgniter.php(412): CodeIgniter\CodeIgniter->runController(Object(App\Controllers\Order))
#7 C:\xampp\htdocs\resto\system\CodeIgniter.php(320): CodeIgniter\CodeIgniter->handleRequest(NULL, Object(Config\Cache), false)
#8 C:\xampp\htdocs\resto\public\index.php(37): CodeIgniter\CodeIgniter->run()
#9 C:\xampp\htdocs\resto\system\Commands\Server\rewrite.php(43): require_once('C:\\xampp\\htdocs...')
#10 {main}
CRITICAL - 2022-03-25 21:31:10 --> Too few arguments to function App\Controllers\Order::pesan(), 0 passed in C:\xampp\htdocs\resto\system\CodeIgniter.php on line 825 and exactly 1 expected
#0 C:\xampp\htdocs\resto\system\CodeIgniter.php(825): App\Controllers\Order->pesan()
#1 C:\xampp\htdocs\resto\system\CodeIgniter.php(412): CodeIgniter\CodeIgniter->runController(Object(App\Controllers\Order))
#2 C:\xampp\htdocs\resto\system\CodeIgniter.php(320): CodeIgniter\CodeIgniter->handleRequest(NULL, Object(Config\Cache), false)
#3 C:\xampp\htdocs\resto\public\index.php(37): CodeIgniter\CodeIgniter->run()
#4 C:\xampp\htdocs\resto\system\Commands\Server\rewrite.php(43): require_once('C:\\xampp\\htdocs...')
#5 {main}
CRITICAL - 2022-03-25 21:32:32 --> Too few arguments to function App\Controllers\Order::pesan(), 0 passed in C:\xampp\htdocs\resto\system\CodeIgniter.php on line 825 and exactly 1 expected
#0 C:\xampp\htdocs\resto\system\CodeIgniter.php(825): App\Controllers\Order->pesan()
#1 C:\xampp\htdocs\resto\system\CodeIgniter.php(412): CodeIgniter\CodeIgniter->runController(Object(App\Controllers\Order))
#2 C:\xampp\htdocs\resto\system\CodeIgniter.php(320): CodeIgniter\CodeIgniter->handleRequest(NULL, Object(Config\Cache), false)
#3 C:\xampp\htdocs\resto\public\index.php(37): CodeIgniter\CodeIgniter->run()
#4 C:\xampp\htdocs\resto\system\Commands\Server\rewrite.php(43): require_once('C:\\xampp\\htdocs...')
#5 {main}
