CRITICAL - 2022-02-27 11:14:16 --> syntax error, unexpected 'if' (T_IF)
#0 C:\xampp2\htdocs\resto\system\Autoloader\Autoloader.php(241): CodeIgniter\Autoloader\Autoloader->includeFile('C:\\xampp2\\htdoc...')
#1 C:\xampp2\htdocs\resto\system\Autoloader\Autoloader.php(219): CodeIgniter\Autoloader\Autoloader->loadInNamespace('App\\Controllers...')
#2 [internal function]: CodeIgniter\Autoloader\Autoloader->loadClass('App\\Controllers...')
#3 [internal function]: spl_autoload_call('App\\Controllers...')
#4 C:\xampp2\htdocs\resto\system\CodeIgniter.php(790): class_exists('\\App\\Controller...', true)
#5 C:\xampp2\htdocs\resto\system\CodeIgniter.php(399): CodeIgniter\CodeIgniter->startController()
#6 C:\xampp2\htdocs\resto\system\CodeIgniter.php(320): CodeIgniter\CodeIgniter->handleRequest(NULL, Object(Config\Cache), false)
#7 C:\xampp2\htdocs\resto\public\index.php(37): CodeIgniter\CodeIgniter->run()
#8 C:\xampp2\htdocs\resto\system\Commands\Server\rewrite.php(43): require_once('C:\\xampp2\\htdoc...')
#9 {main}
CRITICAL - 2022-02-27 11:14:29 --> syntax error, unexpected 'if' (T_IF)
#0 C:\xampp2\htdocs\resto\system\Autoloader\Autoloader.php(241): CodeIgniter\Autoloader\Autoloader->includeFile('C:\\xampp2\\htdoc...')
#1 C:\xampp2\htdocs\resto\system\Autoloader\Autoloader.php(219): CodeIgniter\Autoloader\Autoloader->loadInNamespace('App\\Controllers...')
#2 [internal function]: CodeIgniter\Autoloader\Autoloader->loadClass('App\\Controllers...')
#3 [internal function]: spl_autoload_call('App\\Controllers...')
#4 C:\xampp2\htdocs\resto\system\CodeIgniter.php(790): class_exists('\\App\\Controller...', true)
#5 C:\xampp2\htdocs\resto\system\CodeIgniter.php(399): CodeIgniter\CodeIgniter->startController()
#6 C:\xampp2\htdocs\resto\system\CodeIgniter.php(320): CodeIgniter\CodeIgniter->handleRequest(NULL, Object(Config\Cache), false)
#7 C:\xampp2\htdocs\resto\public\index.php(37): CodeIgniter\CodeIgniter->run()
#8 C:\xampp2\htdocs\resto\system\Commands\Server\rewrite.php(43): require_once('C:\\xampp2\\htdoc...')
#9 {main}
CRITICAL - 2022-02-27 11:14:31 --> syntax error, unexpected 'if' (T_IF)
#0 C:\xampp2\htdocs\resto\system\Autoloader\Autoloader.php(241): CodeIgniter\Autoloader\Autoloader->includeFile('C:\\xampp2\\htdoc...')
#1 C:\xampp2\htdocs\resto\system\Autoloader\Autoloader.php(219): CodeIgniter\Autoloader\Autoloader->loadInNamespace('App\\Controllers...')
#2 [internal function]: CodeIgniter\Autoloader\Autoloader->loadClass('App\\Controllers...')
#3 [internal function]: spl_autoload_call('App\\Controllers...')
#4 C:\xampp2\htdocs\resto\system\CodeIgniter.php(790): class_exists('\\App\\Controller...', true)
#5 C:\xampp2\htdocs\resto\system\CodeIgniter.php(399): CodeIgniter\CodeIgniter->startController()
#6 C:\xampp2\htdocs\resto\system\CodeIgniter.php(320): CodeIgniter\CodeIgniter->handleRequest(NULL, Object(Config\Cache), false)
#7 C:\xampp2\htdocs\resto\public\index.php(37): CodeIgniter\CodeIgniter->run()
#8 C:\xampp2\htdocs\resto\system\Commands\Server\rewrite.php(43): require_once('C:\\xampp2\\htdoc...')
#9 {main}
CRITICAL - 2022-02-27 11:15:19 --> syntax error, unexpected ';'
#0 C:\xampp2\htdocs\resto\system\Autoloader\Autoloader.php(241): CodeIgniter\Autoloader\Autoloader->includeFile('C:\\xampp2\\htdoc...')
#1 C:\xampp2\htdocs\resto\system\Autoloader\Autoloader.php(219): CodeIgniter\Autoloader\Autoloader->loadInNamespace('App\\Controllers...')
#2 [internal function]: CodeIgniter\Autoloader\Autoloader->loadClass('App\\Controllers...')
#3 [internal function]: spl_autoload_call('App\\Controllers...')
#4 C:\xampp2\htdocs\resto\system\CodeIgniter.php(790): class_exists('\\App\\Controller...', true)
#5 C:\xampp2\htdocs\resto\system\CodeIgniter.php(399): CodeIgniter\CodeIgniter->startController()
#6 C:\xampp2\htdocs\resto\system\CodeIgniter.php(320): CodeIgniter\CodeIgniter->handleRequest(NULL, Object(Config\Cache), false)
#7 C:\xampp2\htdocs\resto\public\index.php(37): CodeIgniter\CodeIgniter->run()
#8 C:\xampp2\htdocs\resto\system\Commands\Server\rewrite.php(43): require_once('C:\\xampp2\\htdoc...')
#9 {main}
