ERROR - 2022-02-20 02:09:44 --> Error connecting to the database: No connection could be made because the target machine actively refused it.

CRITICAL - 2022-02-20 02:09:44 --> Unable to connect to the database.
Main connection [MySQLi]: No connection could be made because the target machine actively refused it.

#0 C:\xampp2\htdocs\resto\system\Database\BaseConnection.php(577): CodeIgniter\Database\BaseConnection->initialize()
#1 C:\xampp2\htdocs\resto\system\Database\BaseBuilder.php(1484): CodeIgniter\Database\BaseConnection->query('SELECT COUNT(*)...', NULL, false)
#2 C:\xampp2\htdocs\resto\app\Models\UserModel.php(56): CodeIgniter\Database\BaseBuilder->countAll()
#3 C:\xampp2\htdocs\resto\app\Controllers\Home.php(32): App\Models\UserModel->jumlahUser()
#4 C:\xampp2\htdocs\resto\system\CodeIgniter.php(825): App\Controllers\Home->home()
#5 C:\xampp2\htdocs\resto\system\CodeIgniter.php(412): CodeIgniter\CodeIgniter->runController(Object(App\Controllers\Home))
#6 C:\xampp2\htdocs\resto\system\CodeIgniter.php(320): CodeIgniter\CodeIgniter->handleRequest(NULL, Object(Config\Cache), false)
#7 C:\xampp2\htdocs\resto\public\index.php(37): CodeIgniter\CodeIgniter->run()
#8 C:\xampp2\htdocs\resto\system\Commands\Server\rewrite.php(43): require_once('C:\\xampp2\\htdoc...')
#9 {main}
CRITICAL - 2022-02-20 02:09:44 --> Uncaught ErrorException: print_r(): Property access is not allowed yet in C:\xampp2\htdocs\resto\app\Views\errors\html\error_exception.php:96
Stack trace:
#0 [internal function]: CodeIgniter\Debug\Exceptions->errorHandler(2, 'print_r(): Prop...', 'C:\\xampp2\\htdoc...', 96, Array)
#1 C:\xampp2\htdocs\resto\app\Views\errors\html\error_exception.php(96): print_r(Object(App\Controllers\Home), true)
#2 C:\xampp2\htdocs\resto\system\Debug\Exceptions.php(234): include('C:\\xampp2\\htdoc...')
#3 C:\xampp2\htdocs\resto\system\Debug\Exceptions.php(237): CodeIgniter\Debug\Exceptions->CodeIgniter\Debug\{closure}()
#4 C:\xampp2\htdocs\resto\system\Debug\Exceptions.php(121): CodeIgniter\Debug\Exceptions->render(Object(CodeIgniter\Database\Exceptions\DatabaseException), 500)
#5 [internal function]: CodeIgniter\Debug\Exceptions->exceptionHandler(Object(CodeIgniter\Database\Exceptions\DatabaseException))
#6 {main}
  thrown
#0 [internal function]: CodeIgniter\Debug\Exceptions->shutdownHandler()
#1 {main}
CRITICAL - 2022-02-20 02:34:22 --> Call to undefined function form_open()
#0 C:\xampp2\htdocs\resto\system\View\View.php(210): include()
#1 C:\xampp2\htdocs\resto\system\View\View.php(213): CodeIgniter\View\View->CodeIgniter\View\{closure}()
#2 C:\xampp2\htdocs\resto\system\Common.php(1089): CodeIgniter\View\View->render('login/login', Array, true)
#3 C:\xampp2\htdocs\resto\app\Controllers\Home.php(22): view('login/login', Array)
#4 C:\xampp2\htdocs\resto\system\CodeIgniter.php(825): App\Controllers\Home->index()
#5 C:\xampp2\htdocs\resto\system\CodeIgniter.php(412): CodeIgniter\CodeIgniter->runController(Object(App\Controllers\Home))
#6 C:\xampp2\htdocs\resto\system\CodeIgniter.php(320): CodeIgniter\CodeIgniter->handleRequest(NULL, Object(Config\Cache), false)
#7 C:\xampp2\htdocs\resto\public\index.php(37): CodeIgniter\CodeIgniter->run()
#8 C:\xampp2\htdocs\resto\system\Commands\Server\rewrite.php(43): require_once('C:\\xampp2\\htdoc...')
#9 {main}
CRITICAL - 2022-02-20 04:17:46 --> Call to undefined function form_open()
#0 C:\xampp2\htdocs\resto\system\View\View.php(210): include()
#1 C:\xampp2\htdocs\resto\system\View\View.php(213): CodeIgniter\View\View->CodeIgniter\View\{closure}()
#2 C:\xampp2\htdocs\resto\system\Common.php(1089): CodeIgniter\View\View->render('login/login', Array, true)
#3 C:\xampp2\htdocs\resto\app\Controllers\Home.php(23): view('login/login', Array)
#4 C:\xampp2\htdocs\resto\system\CodeIgniter.php(825): App\Controllers\Home->index()
#5 C:\xampp2\htdocs\resto\system\CodeIgniter.php(412): CodeIgniter\CodeIgniter->runController(Object(App\Controllers\Home))
#6 C:\xampp2\htdocs\resto\system\CodeIgniter.php(320): CodeIgniter\CodeIgniter->handleRequest(NULL, Object(Config\Cache), false)
#7 C:\xampp2\htdocs\resto\public\index.php(37): CodeIgniter\CodeIgniter->run()
#8 C:\xampp2\htdocs\resto\system\Commands\Server\rewrite.php(43): require_once('C:\\xampp2\\htdoc...')
#9 {main}
CRITICAL - 2022-02-20 04:24:23 --> Call to undefined function form_open()
#0 C:\xampp2\htdocs\resto\system\View\View.php(210): include()
#1 C:\xampp2\htdocs\resto\system\View\View.php(213): CodeIgniter\View\View->CodeIgniter\View\{closure}()
#2 C:\xampp2\htdocs\resto\system\Common.php(1089): CodeIgniter\View\View->render('login/login', Array, true)
#3 C:\xampp2\htdocs\resto\app\Controllers\Home.php(23): view('login/login', Array)
#4 C:\xampp2\htdocs\resto\system\CodeIgniter.php(825): App\Controllers\Home->index()
#5 C:\xampp2\htdocs\resto\system\CodeIgniter.php(412): CodeIgniter\CodeIgniter->runController(Object(App\Controllers\Home))
#6 C:\xampp2\htdocs\resto\system\CodeIgniter.php(320): CodeIgniter\CodeIgniter->handleRequest(NULL, Object(Config\Cache), false)
#7 C:\xampp2\htdocs\resto\public\index.php(37): CodeIgniter\CodeIgniter->run()
#8 C:\xampp2\htdocs\resto\system\Commands\Server\rewrite.php(43): require_once('C:\\xampp2\\htdoc...')
#9 {main}
CRITICAL - 2022-02-20 04:29:14 --> Call to undefined function form_open()
#0 C:\xampp2\htdocs\resto\system\View\View.php(210): include()
#1 C:\xampp2\htdocs\resto\system\View\View.php(213): CodeIgniter\View\View->CodeIgniter\View\{closure}()
#2 C:\xampp2\htdocs\resto\system\Common.php(1089): CodeIgniter\View\View->render('login/login', Array, true)
#3 C:\xampp2\htdocs\resto\app\Controllers\Home.php(23): view('login/login', Array)
#4 C:\xampp2\htdocs\resto\system\CodeIgniter.php(825): App\Controllers\Home->index()
#5 C:\xampp2\htdocs\resto\system\CodeIgniter.php(412): CodeIgniter\CodeIgniter->runController(Object(App\Controllers\Home))
#6 C:\xampp2\htdocs\resto\system\CodeIgniter.php(320): CodeIgniter\CodeIgniter->handleRequest(NULL, Object(Config\Cache), false)
#7 C:\xampp2\htdocs\resto\public\index.php(37): CodeIgniter\CodeIgniter->run()
#8 C:\xampp2\htdocs\resto\system\Commands\Server\rewrite.php(43): require_once('C:\\xampp2\\htdoc...')
#9 {main}
CRITICAL - 2022-02-20 05:36:10 --> Call to undefined function form_open()
#0 C:\xampp2\htdocs\resto\system\View\View.php(210): include()
#1 C:\xampp2\htdocs\resto\system\View\View.php(213): CodeIgniter\View\View->CodeIgniter\View\{closure}()
#2 C:\xampp2\htdocs\resto\system\Common.php(1089): CodeIgniter\View\View->render('login/login', Array, true)
#3 C:\xampp2\htdocs\resto\app\Controllers\Home.php(23): view('login/login', Array)
#4 C:\xampp2\htdocs\resto\system\CodeIgniter.php(825): App\Controllers\Home->index()
#5 C:\xampp2\htdocs\resto\system\CodeIgniter.php(412): CodeIgniter\CodeIgniter->runController(Object(App\Controllers\Home))
#6 C:\xampp2\htdocs\resto\system\CodeIgniter.php(320): CodeIgniter\CodeIgniter->handleRequest(NULL, Object(Config\Cache), false)
#7 C:\xampp2\htdocs\resto\public\index.php(37): CodeIgniter\CodeIgniter->run()
#8 C:\xampp2\htdocs\resto\system\Commands\Server\rewrite.php(43): require_once('C:\\xampp2\\htdoc...')
#9 {main}
CRITICAL - 2022-02-20 05:44:34 --> Call to undefined function form_open()
#0 C:\xampp2\htdocs\resto\system\View\View.php(210): include()
#1 C:\xampp2\htdocs\resto\system\View\View.php(213): CodeIgniter\View\View->CodeIgniter\View\{closure}()
#2 C:\xampp2\htdocs\resto\system\Common.php(1089): CodeIgniter\View\View->render('login/login', Array, true)
#3 C:\xampp2\htdocs\resto\app\Controllers\Home.php(23): view('login/login', Array)
#4 C:\xampp2\htdocs\resto\system\CodeIgniter.php(825): App\Controllers\Home->index()
#5 C:\xampp2\htdocs\resto\system\CodeIgniter.php(412): CodeIgniter\CodeIgniter->runController(Object(App\Controllers\Home))
#6 C:\xampp2\htdocs\resto\system\CodeIgniter.php(320): CodeIgniter\CodeIgniter->handleRequest(NULL, Object(Config\Cache), false)
#7 C:\xampp2\htdocs\resto\public\index.php(37): CodeIgniter\CodeIgniter->run()
#8 C:\xampp2\htdocs\resto\system\Commands\Server\rewrite.php(43): require_once('C:\\xampp2\\htdoc...')
#9 {main}
CRITICAL - 2022-02-20 05:47:19 --> Call to undefined function form_open()
#0 C:\xampp2\htdocs\resto\system\View\View.php(210): include()
#1 C:\xampp2\htdocs\resto\system\View\View.php(213): CodeIgniter\View\View->CodeIgniter\View\{closure}()
#2 C:\xampp2\htdocs\resto\system\Common.php(1089): CodeIgniter\View\View->render('login/login', Array, true)
#3 C:\xampp2\htdocs\resto\app\Controllers\Home.php(23): view('login/login', Array)
#4 C:\xampp2\htdocs\resto\system\CodeIgniter.php(825): App\Controllers\Home->index()
#5 C:\xampp2\htdocs\resto\system\CodeIgniter.php(412): CodeIgniter\CodeIgniter->runController(Object(App\Controllers\Home))
#6 C:\xampp2\htdocs\resto\system\CodeIgniter.php(320): CodeIgniter\CodeIgniter->handleRequest(NULL, Object(Config\Cache), false)
#7 C:\xampp2\htdocs\resto\public\index.php(37): CodeIgniter\CodeIgniter->run()
#8 C:\xampp2\htdocs\resto\system\Commands\Server\rewrite.php(43): require_once('C:\\xampp2\\htdoc...')
#9 {main}
CRITICAL - 2022-02-20 06:35:47 --> Call to undefined function form_open()
#0 C:\xampp2\htdocs\resto\system\View\View.php(210): include()
#1 C:\xampp2\htdocs\resto\system\View\View.php(213): CodeIgniter\View\View->CodeIgniter\View\{closure}()
#2 C:\xampp2\htdocs\resto\system\Common.php(1089): CodeIgniter\View\View->render('login/login', Array, true)
#3 C:\xampp2\htdocs\resto\app\Controllers\Home.php(23): view('login/login', Array)
#4 C:\xampp2\htdocs\resto\system\CodeIgniter.php(825): App\Controllers\Home->index()
#5 C:\xampp2\htdocs\resto\system\CodeIgniter.php(412): CodeIgniter\CodeIgniter->runController(Object(App\Controllers\Home))
#6 C:\xampp2\htdocs\resto\system\CodeIgniter.php(320): CodeIgniter\CodeIgniter->handleRequest(NULL, Object(Config\Cache), false)
#7 C:\xampp2\htdocs\resto\public\index.php(37): CodeIgniter\CodeIgniter->run()
#8 C:\xampp2\htdocs\resto\system\Commands\Server\rewrite.php(43): require_once('C:\\xampp2\\htdoc...')
#9 {main}
CRITICAL - 2022-02-20 08:55:27 --> Call to undefined function form_open()
#0 C:\xampp2\htdocs\resto\system\View\View.php(210): include()
#1 C:\xampp2\htdocs\resto\system\View\View.php(213): CodeIgniter\View\View->CodeIgniter\View\{closure}()
#2 C:\xampp2\htdocs\resto\system\Common.php(1089): CodeIgniter\View\View->render('login/login', Array, true)
#3 C:\xampp2\htdocs\resto\app\Controllers\Home.php(23): view('login/login', Array)
#4 C:\xampp2\htdocs\resto\system\CodeIgniter.php(825): App\Controllers\Home->index()
#5 C:\xampp2\htdocs\resto\system\CodeIgniter.php(412): CodeIgniter\CodeIgniter->runController(Object(App\Controllers\Home))
#6 C:\xampp2\htdocs\resto\system\CodeIgniter.php(320): CodeIgniter\CodeIgniter->handleRequest(NULL, Object(Config\Cache), false)
#7 C:\xampp2\htdocs\resto\public\index.php(37): CodeIgniter\CodeIgniter->run()
#8 C:\xampp2\htdocs\resto\system\Commands\Server\rewrite.php(43): require_once('C:\\xampp2\\htdoc...')
#9 {main}
CRITICAL - 2022-02-20 08:56:44 --> Call to undefined function form_open()
#0 C:\xampp2\htdocs\resto\system\View\View.php(210): include()
#1 C:\xampp2\htdocs\resto\system\View\View.php(213): CodeIgniter\View\View->CodeIgniter\View\{closure}()
#2 C:\xampp2\htdocs\resto\system\Common.php(1089): CodeIgniter\View\View->render('login/login', Array, true)
#3 C:\xampp2\htdocs\resto\app\Controllers\Home.php(23): view('login/login', Array)
#4 C:\xampp2\htdocs\resto\system\CodeIgniter.php(825): App\Controllers\Home->index()
#5 C:\xampp2\htdocs\resto\system\CodeIgniter.php(412): CodeIgniter\CodeIgniter->runController(Object(App\Controllers\Home))
#6 C:\xampp2\htdocs\resto\system\CodeIgniter.php(320): CodeIgniter\CodeIgniter->handleRequest(NULL, Object(Config\Cache), false)
#7 C:\xampp2\htdocs\resto\public\index.php(37): CodeIgniter\CodeIgniter->run()
#8 C:\xampp2\htdocs\resto\system\Commands\Server\rewrite.php(43): require_once('C:\\xampp2\\htdoc...')
#9 {main}
CRITICAL - 2022-02-20 08:57:30 --> Call to undefined function form_open()
#0 C:\xampp2\htdocs\resto\system\View\View.php(210): include()
#1 C:\xampp2\htdocs\resto\system\View\View.php(213): CodeIgniter\View\View->CodeIgniter\View\{closure}()
#2 C:\xampp2\htdocs\resto\system\Common.php(1089): CodeIgniter\View\View->render('login/login', Array, true)
#3 C:\xampp2\htdocs\resto\app\Controllers\Home.php(23): view('login/login', Array)
#4 C:\xampp2\htdocs\resto\system\CodeIgniter.php(825): App\Controllers\Home->index()
#5 C:\xampp2\htdocs\resto\system\CodeIgniter.php(412): CodeIgniter\CodeIgniter->runController(Object(App\Controllers\Home))
#6 C:\xampp2\htdocs\resto\system\CodeIgniter.php(320): CodeIgniter\CodeIgniter->handleRequest(NULL, Object(Config\Cache), false)
#7 C:\xampp2\htdocs\resto\public\index.php(37): CodeIgniter\CodeIgniter->run()
#8 C:\xampp2\htdocs\resto\system\Commands\Server\rewrite.php(43): require_once('C:\\xampp2\\htdoc...')
#9 {main}
CRITICAL - 2022-02-20 08:58:23 --> Call to undefined function form_open()
#0 C:\xampp2\htdocs\resto\system\View\View.php(210): include()
#1 C:\xampp2\htdocs\resto\system\View\View.php(213): CodeIgniter\View\View->CodeIgniter\View\{closure}()
#2 C:\xampp2\htdocs\resto\system\Common.php(1089): CodeIgniter\View\View->render('login/login', Array, true)
#3 C:\xampp2\htdocs\resto\app\Controllers\Home.php(23): view('login/login', Array)
#4 C:\xampp2\htdocs\resto\system\CodeIgniter.php(825): App\Controllers\Home->index()
#5 C:\xampp2\htdocs\resto\system\CodeIgniter.php(412): CodeIgniter\CodeIgniter->runController(Object(App\Controllers\Home))
#6 C:\xampp2\htdocs\resto\system\CodeIgniter.php(320): CodeIgniter\CodeIgniter->handleRequest(NULL, Object(Config\Cache), false)
#7 C:\xampp2\htdocs\resto\public\index.php(37): CodeIgniter\CodeIgniter->run()
#8 C:\xampp2\htdocs\resto\system\Commands\Server\rewrite.php(43): require_once('C:\\xampp2\\htdoc...')
#9 {main}
CRITICAL - 2022-02-20 09:01:37 --> Call to undefined function form_open()
#0 C:\xampp2\htdocs\resto\system\View\View.php(210): include()
#1 C:\xampp2\htdocs\resto\system\View\View.php(213): CodeIgniter\View\View->CodeIgniter\View\{closure}()
#2 C:\xampp2\htdocs\resto\system\Common.php(1089): CodeIgniter\View\View->render('login/login', Array, true)
#3 C:\xampp2\htdocs\resto\app\Controllers\Home.php(23): view('login/login', Array)
#4 C:\xampp2\htdocs\resto\system\CodeIgniter.php(825): App\Controllers\Home->index()
#5 C:\xampp2\htdocs\resto\system\CodeIgniter.php(412): CodeIgniter\CodeIgniter->runController(Object(App\Controllers\Home))
#6 C:\xampp2\htdocs\resto\system\CodeIgniter.php(320): CodeIgniter\CodeIgniter->handleRequest(NULL, Object(Config\Cache), false)
#7 C:\xampp2\htdocs\resto\public\index.php(37): CodeIgniter\CodeIgniter->run()
#8 C:\xampp2\htdocs\resto\system\Commands\Server\rewrite.php(43): require_once('C:\\xampp2\\htdoc...')
#9 {main}
CRITICAL - 2022-02-20 09:29:45 --> Call to undefined function form_open()
#0 C:\xampp2\htdocs\resto\system\View\View.php(210): include()
#1 C:\xampp2\htdocs\resto\system\View\View.php(213): CodeIgniter\View\View->CodeIgniter\View\{closure}()
#2 C:\xampp2\htdocs\resto\system\Common.php(1089): CodeIgniter\View\View->render('login/login', Array, true)
#3 C:\xampp2\htdocs\resto\app\Controllers\Home.php(23): view('login/login', Array)
#4 C:\xampp2\htdocs\resto\system\CodeIgniter.php(825): App\Controllers\Home->index()
#5 C:\xampp2\htdocs\resto\system\CodeIgniter.php(412): CodeIgniter\CodeIgniter->runController(Object(App\Controllers\Home))
#6 C:\xampp2\htdocs\resto\system\CodeIgniter.php(320): CodeIgniter\CodeIgniter->handleRequest(NULL, Object(Config\Cache), false)
#7 C:\xampp2\htdocs\resto\public\index.php(37): CodeIgniter\CodeIgniter->run()
#8 C:\xampp2\htdocs\resto\system\Commands\Server\rewrite.php(43): require_once('C:\\xampp2\\htdoc...')
#9 {main}
CRITICAL - 2022-02-20 09:29:58 --> Call to undefined function form_open()
#0 C:\xampp2\htdocs\resto\system\View\View.php(210): include()
#1 C:\xampp2\htdocs\resto\system\View\View.php(213): CodeIgniter\View\View->CodeIgniter\View\{closure}()
#2 C:\xampp2\htdocs\resto\system\Common.php(1089): CodeIgniter\View\View->render('login/login', Array, true)
#3 C:\xampp2\htdocs\resto\app\Controllers\Home.php(23): view('login/login', Array)
#4 C:\xampp2\htdocs\resto\system\CodeIgniter.php(825): App\Controllers\Home->index()
#5 C:\xampp2\htdocs\resto\system\CodeIgniter.php(412): CodeIgniter\CodeIgniter->runController(Object(App\Controllers\Home))
#6 C:\xampp2\htdocs\resto\system\CodeIgniter.php(320): CodeIgniter\CodeIgniter->handleRequest(NULL, Object(Config\Cache), false)
#7 C:\xampp2\htdocs\resto\public\index.php(37): CodeIgniter\CodeIgniter->run()
#8 C:\xampp2\htdocs\resto\system\Commands\Server\rewrite.php(43): require_once('C:\\xampp2\\htdoc...')
#9 {main}
